GPU Mem: [5297    2 1980    2]
GPU Prob: [0.02 0.47 0.04 0.47]
Random select GPU, select GPU 3 with mem: 2
[*] Run ID 0: seed=0, split_index=0
    Starting now: 2022-10-13 08:58:01.419290
[*] Loaded dataset 'PCQM4Mv2-subset' from 'OGB':
  Data(edge_index=[2, 109093626], edge_attr=[109093626, 3], x=[52970652, 9], y=[3746620])
  undirected: True
  num graphs: 446405
  avg num_nodes/graph: 118
  num node features: 9
  num edge features: 3
  num classes: (appears to be a regression task)
Parsed RWSE PE kernel times / steps: [1, 2, 3, 4, 5, 6, 7, 8, 9, 10, 11, 12, 13, 14, 15, 16]
Precomputing Positional Encoding statistics: ['LapPE', 'RWSE'] for all graphs...
  ...estimated to be undirected: True
Done! Took 00:10:13.22
GPSModel(
  (encoder): FeatureEncoder(
    (node_encoder): Concat3NodeEncoder(
      (encoder1): AtomEncoder(
        (atom_embedding_list): ModuleList(
          (0): Embedding(119, 276)
          (1): Embedding(4, 276)
          (2): Embedding(12, 276)
          (3): Embedding(12, 276)
          (4): Embedding(10, 276)
          (5): Embedding(6, 276)
          (6): Embedding(6, 276)
          (7): Embedding(2, 276)
          (8): Embedding(2, 276)
        )
      )
      (encoder2): LapPENodeEncoder(
        (linear_A): Linear(in_features=2, out_features=16, bias=True)
        (pe_encoder): Sequential(
          (0): ReLU()
          (1): Linear(in_features=16, out_features=8, bias=True)
          (2): ReLU()
        )
      )
      (encoder3): RWSENodeEncoder(
        (raw_norm): BatchNorm1d(16, eps=1e-05, momentum=0.1, affine=True, track_running_stats=True)
        (pe_encoder): Linear(in_features=16, out_features=20, bias=True)
      )
    )
    (edge_encoder): BondEncoder(
      (bond_embedding_list): ModuleList(
        (0): Embedding(5, 304)
        (1): Embedding(6, 304)
        (2): Embedding(2, 304)
      )
    )
  )
  (layers): Sequential(
    (0): GPSLayer(
      summary: dim_h=304, local_gnn_type=CustomGatedGCN, global_model_type=Transformer, heads=4
      (local_model): GatedGCNLayer()
      (self_attn): MultiheadAttention(
        (out_proj): NonDynamicallyQuantizableLinear(in_features=304, out_features=304, bias=True)
      )
      (norm1_local): BatchNorm1d(304, eps=1e-05, momentum=0.1, affine=True, track_running_stats=True)
      (norm1_attn): BatchNorm1d(304, eps=1e-05, momentum=0.1, affine=True, track_running_stats=True)
      (dropout_local): Dropout(p=0.0, inplace=False)
      (dropout_attn): Dropout(p=0.0, inplace=False)
      (ff_linear1): Linear(in_features=304, out_features=608, bias=True)
      (ff_linear2): Linear(in_features=608, out_features=304, bias=True)
      (norm2): BatchNorm1d(304, eps=1e-05, momentum=0.1, affine=True, track_running_stats=True)
      (ff_dropout1): Dropout(p=0.0, inplace=False)
      (ff_dropout2): Dropout(p=0.0, inplace=False)
    )
    (1): GPSLayer(
      summary: dim_h=304, local_gnn_type=CustomGatedGCN, global_model_type=Transformer, heads=4
      (local_model): GatedGCNLayer()
      (self_attn): MultiheadAttention(
        (out_proj): NonDynamicallyQuantizableLinear(in_features=304, out_features=304, bias=True)
      )
      (norm1_local): BatchNorm1d(304, eps=1e-05, momentum=0.1, affine=True, track_running_stats=True)
      (norm1_attn): BatchNorm1d(304, eps=1e-05, momentum=0.1, affine=True, track_running_stats=True)
      (dropout_local): Dropout(p=0.0, inplace=False)
      (dropout_attn): Dropout(p=0.0, inplace=False)
      (ff_linear1): Linear(in_features=304, out_features=608, bias=True)
      (ff_linear2): Linear(in_features=608, out_features=304, bias=True)
      (norm2): BatchNorm1d(304, eps=1e-05, momentum=0.1, affine=True, track_running_stats=True)
      (ff_dropout1): Dropout(p=0.0, inplace=False)
      (ff_dropout2): Dropout(p=0.0, inplace=False)
    )
    (2): GPSLayer(
      summary: dim_h=304, local_gnn_type=CustomGatedGCN, global_model_type=Transformer, heads=4
      (local_model): GatedGCNLayer()
      (self_attn): MultiheadAttention(
        (out_proj): NonDynamicallyQuantizableLinear(in_features=304, out_features=304, bias=True)
      )
      (norm1_local): BatchNorm1d(304, eps=1e-05, momentum=0.1, affine=True, track_running_stats=True)
      (norm1_attn): BatchNorm1d(304, eps=1e-05, momentum=0.1, affine=True, track_running_stats=True)
      (dropout_local): Dropout(p=0.0, inplace=False)
      (dropout_attn): Dropout(p=0.0, inplace=False)
      (ff_linear1): Linear(in_features=304, out_features=608, bias=True)
      (ff_linear2): Linear(in_features=608, out_features=304, bias=True)
      (norm2): BatchNorm1d(304, eps=1e-05, momentum=0.1, affine=True, track_running_stats=True)
      (ff_dropout1): Dropout(p=0.0, inplace=False)
      (ff_dropout2): Dropout(p=0.0, inplace=False)
    )
    (3): GPSLayer(
      summary: dim_h=304, local_gnn_type=CustomGatedGCN, global_model_type=Transformer, heads=4
      (local_model): GatedGCNLayer()
      (self_attn): MultiheadAttention(
        (out_proj): NonDynamicallyQuantizableLinear(in_features=304, out_features=304, bias=True)
      )
      (norm1_local): BatchNorm1d(304, eps=1e-05, momentum=0.1, affine=True, track_running_stats=True)
      (norm1_attn): BatchNorm1d(304, eps=1e-05, momentum=0.1, affine=True, track_running_stats=True)
      (dropout_local): Dropout(p=0.0, inplace=False)
      (dropout_attn): Dropout(p=0.0, inplace=False)
      (ff_linear1): Linear(in_features=304, out_features=608, bias=True)
      (ff_linear2): Linear(in_features=608, out_features=304, bias=True)
      (norm2): BatchNorm1d(304, eps=1e-05, momentum=0.1, affine=True, track_running_stats=True)
      (ff_dropout1): Dropout(p=0.0, inplace=False)
      (ff_dropout2): Dropout(p=0.0, inplace=False)
    )
    (4): GPSLayer(
      summary: dim_h=304, local_gnn_type=CustomGatedGCN, global_model_type=Transformer, heads=4
      (local_model): GatedGCNLayer()
      (self_attn): MultiheadAttention(
        (out_proj): NonDynamicallyQuantizableLinear(in_features=304, out_features=304, bias=True)
      )
      (norm1_local): BatchNorm1d(304, eps=1e-05, momentum=0.1, affine=True, track_running_stats=True)
      (norm1_attn): BatchNorm1d(304, eps=1e-05, momentum=0.1, affine=True, track_running_stats=True)
      (dropout_local): Dropout(p=0.0, inplace=False)
      (dropout_attn): Dropout(p=0.0, inplace=False)
      (ff_linear1): Linear(in_features=304, out_features=608, bias=True)
      (ff_linear2): Linear(in_features=608, out_features=304, bias=True)
      (norm2): BatchNorm1d(304, eps=1e-05, momentum=0.1, affine=True, track_running_stats=True)
      (ff_dropout1): Dropout(p=0.0, inplace=False)
      (ff_dropout2): Dropout(p=0.0, inplace=False)
    )
  )
  (post_mp): SANGraphHead(
    (FC_layers): ModuleList(
      (0): Linear(in_features=304, out_features=152, bias=True)
      (1): Linear(in_features=152, out_features=76, bias=True)
      (2): Linear(in_features=76, out_features=1, bias=True)
    )
  )
)
benchmark: False
bn:
  eps: 1e-05
  mom: 0.1
cfg_dest: config.yaml
custom_metrics: []
dataset:
  cache_load: False
  cache_save: False
  dir: ./datasets
  edge_dim: 128
  edge_encoder: True
  edge_encoder_bn: False
  edge_encoder_name: Bond
  edge_encoder_num_types: 0
  edge_message_ratio: 0.8
  edge_negative_sampling_ratio: 1.0
  edge_train_mode: all
  encoder: True
  encoder_bn: True
  encoder_dim: 128
  encoder_name: db
  format: OGB
  label_column: none
  label_table: none
  location: local
  name: PCQM4Mv2-subset
  node_encoder: True
  node_encoder_bn: False
  node_encoder_name: Atom+LapPE+RWSE
  node_encoder_num_types: 0
  remove_feature: False
  resample_disjoint: False
  resample_negative: False
  shuffle_split: True
  slic_compactness: 10
  split: [0.8, 0.1, 0.1]
  split_dir: ./splits
  split_index: 0
  split_mode: standard
  task: graph
  task_type: regression
  to_undirected: False
  transductive: False
  transform: none
  tu_simple: True
device: cuda:3
example_arg: example
example_group:
  example_arg: example
gnn:
  act: relu
  agg: add
  att_final_linear: False
  att_final_linear_bn: False
  att_heads: 1
  batchnorm: True
  clear_feature: True
  dim_edge: 304
  dim_inner: 304
  dropout: 0.0
  head: san_graph
  keep_edge: 0.5
  l2norm: True
  layer_type: generalconv
  layers_mp: 2
  layers_post_mp: 3
  layers_pre_mp: 0
  msg_direction: single
  normalize_adj: False
  residual: False
  self_msg: concat
  skip_every: 1
  stage_type: stack
gpu_mem: False
gt:
  attn_dropout: 0.5
  batch_norm: True
  bigbird:
    add_cross_attention: False
    attention_type: block_sparse
    block_size: 3
    chunk_size_feed_forward: 0
    hidden_act: relu
    is_decoder: False
    layer_norm_eps: 1e-06
    max_position_embeddings: 128
    num_random_blocks: 3
    use_bias: False
  dim_hidden: 304
  dropout: 0.0
  full_graph: True
  gamma: 1e-05
  layer_norm: False
  layer_type: CustomGatedGCN+Transformer
  layers: 5
  n_heads: 4
  pna_degrees: []
  residual: True
mem:
  inplace: False
metric_agg: argmin
metric_best: mae
model:
  edge_decoding: dot
  graph_pooling: mean
  loss_fun: l1
  match_upper: True
  size_average: mean
  thresh: 0.5
  type: GPSModel
name_tag: 
num_threads: 6
num_workers: 0
optim:
  base_lr: 0.0005
  batch_accumulation: 1
  clip_grad_norm: True
  lr_decay: 0.1
  max_epoch: 100
  min_lr: 0.0
  momentum: 0.9
  num_warmup_epochs: 5
  optimizer: adamW
  reduce_factor: 0.1
  schedule_patience: 10
  scheduler: cosine_with_warmup
  steps: [30, 60, 90]
  weight_decay: 0.0
out_dir: results/pcqm4m-subset-GPSsmall-RWSE-LapPE-Transformer
posenc_ElstaticSE:
  dim_pe: 16
  enable: False
  kernel:
    times: []
    times_func: range(10)
  layers: 3
  model: none
  n_heads: 4
  pass_as_var: False
  post_layers: 0
  raw_norm_type: none
posenc_EquivStableLapPE:
  eigen:
    eigvec_norm: L2
    laplacian_norm: sym
    max_freqs: 10
  enable: False
  raw_norm_type: none
posenc_HKdiagSE:
  dim_pe: 16
  enable: False
  kernel:
    times: []
    times_func: 
  layers: 3
  model: none
  n_heads: 4
  pass_as_var: False
  post_layers: 0
  raw_norm_type: none
posenc_LapPE:
  dim_pe: 8
  eigen:
    eigvec_norm: L2
    laplacian_norm: none
    max_freqs: 8
  enable: True
  layers: 2
  model: DeepSet
  n_heads: 4
  pass_as_var: False
  post_layers: 0
  raw_norm_type: none
posenc_RWSE:
  dim_pe: 20
  enable: True
  kernel:
    times: [1, 2, 3, 4, 5, 6, 7, 8, 9, 10, 11, 12, 13, 14, 15, 16]
    times_func: range(1,17)
  layers: 3
  model: Linear
  n_heads: 4
  pass_as_var: False
  post_layers: 0
  raw_norm_type: BatchNorm
posenc_SignNet:
  dim_pe: 16
  eigen:
    eigvec_norm: L2
    laplacian_norm: sym
    max_freqs: 10
  enable: False
  layers: 3
  model: none
  n_heads: 4
  pass_as_var: False
  phi_hidden_dim: 64
  phi_out_dim: 4
  post_layers: 0
  raw_norm_type: none
pretrained:
  dir: 
  freeze_main: False
  reset_prediction_head: True
print: both
round: 5
run_dir: results/pcqm4m-subset-GPSsmall-RWSE-LapPE-Transformer/0
run_id: 0
run_multiple_splits: []
seed: 0
share:
  dim_in: 9
  dim_out: 1
  num_splits: 3
tensorboard_agg: True
tensorboard_each_run: False
train:
  auto_resume: False
  batch_size: 256
  ckpt_best: False
  ckpt_clean: True
  ckpt_period: 100
  enable_ckpt: True
  epoch_resume: -1
  eval_period: 1
  iter_per_epoch: 32
  mode: custom
  neighbor_sizes: [20, 15, 10, 5]
  node_per_graph: 32
  radius: extend
  sample_node: False
  sampler: full_batch
  skip_train_eval: False
  walk_length: 4
val:
  node_per_graph: 32
  radius: extend
  sample_node: False
  sampler: full_batch
view_emb: False
wandb:
  entity: gtransformers
  name: 
  project: pcqm4m
  use: False
Num parameters: 6150801
Start from epoch 0
train: {'epoch': 0, 'time_epoch': 121.74035, 'eta': 12052.29465, 'eta_hours': 3.34786, 'loss': 5.45168795, 'lr': 0.0, 'params': 6150801, 'time_iter': 0.09647, 'mae': 5.45169, 'r2': -21.35003, 'spearmanr': 0.01936, 'mse': 31.1062, 'rmse': 5.57729}
...computing epoch stats took: 4.14s
val: {'epoch': 0, 'time_epoch': 7.71053, 'loss': 5.51867211, 'lr': 0, 'params': 6150801, 'time_iter': 0.03934, 'mae': 5.51867, 'r2': -23.42366, 'spearmanr': 0.04006, 'mse': 31.74569, 'rmse': 5.63433}
...computing epoch stats took: 0.02s
test: {'epoch': 0, 'time_epoch': 12.70197, 'loss': 5.59615924, 'lr': 0, 'params': 6150801, 'time_iter': 0.0441, 'mae': 5.59616, 'r2': -21.94908, 'spearmanr': 0.1067, 'mse': 32.72683, 'rmse': 5.72074}
...computing epoch stats took: 0.02s
> Epoch 0: took 146.4s (avg 146.4s) | Best so far: epoch 0	train_loss: 5.4517 train_mae: 5.4517	val_loss: 5.5187 val_mae: 5.5187	test_loss: 5.5962 test_mae: 5.5962
train: {'epoch': 1, 'time_epoch': 95.7707, 'eta': 10658.04154, 'eta_hours': 2.96057, 'loss': 0.50858947, 'lr': 0.0001, 'params': 6150801, 'time_iter': 0.07589, 'mae': 0.50859, 'r2': 0.346, 'spearmanr': 0.83805, 'mse': 0.91021, 'rmse': 0.95405}
...computing epoch stats took: 0.11s
val: {'epoch': 1, 'time_epoch': 4.76258, 'loss': 0.36144978, 'lr': 0, 'params': 6150801, 'time_iter': 0.0243, 'mae': 0.36145, 'r2': 0.83986, 'spearmanr': 0.91373, 'mse': 0.20815, 'rmse': 0.45624}
...computing epoch stats took: 0.01s
test: {'epoch': 1, 'time_epoch': 6.99965, 'loss': 0.3443713, 'lr': 0, 'params': 6150801, 'time_iter': 0.0243, 'mae': 0.34437, 'r2': 0.86478, 'spearmanr': 0.91901, 'mse': 0.19283, 'rmse': 0.43912}
...computing epoch stats took: 0.02s
> Epoch 1: took 107.7s (avg 127.1s) | Best so far: epoch 1	train_loss: 0.5086 train_mae: 0.5086	val_loss: 0.3614 val_mae: 0.3614	test_loss: 0.3444 test_mae: 0.3444
train: {'epoch': 2, 'time_epoch': 97.49868, 'eta': 10185.31469, 'eta_hours': 2.82925, 'loss': 0.30922311, 'lr': 0.0002, 'params': 6150801, 'time_iter': 0.07726, 'mae': 0.30922, 'r2': 0.87746, 'spearmanr': 0.93148, 'mse': 0.17055, 'rmse': 0.41298}
...computing epoch stats took: 0.10s
val: {'epoch': 2, 'time_epoch': 4.75588, 'loss': 0.30613672, 'lr': 0, 'params': 6150801, 'time_iter': 0.02426, 'mae': 0.30614, 'r2': 0.88414, 'spearmanr': 0.93229, 'mse': 0.15059, 'rmse': 0.38806}
...computing epoch stats took: 0.01s
test: {'epoch': 2, 'time_epoch': 7.01518, 'loss': 0.29686543, 'lr': 0, 'params': 6150801, 'time_iter': 0.02436, 'mae': 0.29687, 'r2': 0.89814, 'spearmanr': 0.93405, 'mse': 0.14526, 'rmse': 0.38112}
...computing epoch stats took: 0.02s
> Epoch 2: took 109.5s (avg 121.2s) | Best so far: epoch 2	train_loss: 0.3092 train_mae: 0.3092	val_loss: 0.3061 val_mae: 0.3061	test_loss: 0.2969 test_mae: 0.2969
train: {'epoch': 3, 'time_epoch': 90.95956, 'eta': 9743.26313, 'eta_hours': 2.70646, 'loss': 0.28285784, 'lr': 0.0003, 'params': 6150801, 'time_iter': 0.07208, 'mae': 0.28286, 'r2': 0.89726, 'spearmanr': 0.94369, 'mse': 0.14299, 'rmse': 0.37814}
val: {'epoch': 3, 'time_epoch': 4.7728, 'loss': 0.24603785, 'lr': 0, 'params': 6150801, 'time_iter': 0.02435, 'mae': 0.24604, 'r2': 0.91214, 'spearmanr': 0.95957, 'mse': 0.1142, 'rmse': 0.33794}
test: {'epoch': 3, 'time_epoch': 7.01022, 'loss': 0.24001576, 'lr': 0, 'params': 6150801, 'time_iter': 0.02434, 'mae': 0.24002, 'r2': 0.92381, 'spearmanr': 0.96396, 'mse': 0.10865, 'rmse': 0.32963}
> Epoch 3: took 102.9s (avg 116.6s) | Best so far: epoch 3	train_loss: 0.2829 train_mae: 0.2829	val_loss: 0.2460 val_mae: 0.2460	test_loss: 0.2400 test_mae: 0.2400
train: {'epoch': 4, 'time_epoch': 96.58461, 'eta': 9548.5242, 'eta_hours': 2.65237, 'loss': 0.27829724, 'lr': 0.0004, 'params': 6150801, 'time_iter': 0.07653, 'mae': 0.2783, 'r2': 0.9019, 'spearmanr': 0.94672, 'mse': 0.13653, 'rmse': 0.3695}
val: {'epoch': 4, 'time_epoch': 4.79489, 'loss': 0.22653781, 'lr': 0, 'params': 6150801, 'time_iter': 0.02446, 'mae': 0.22654, 'r2': 0.92752, 'spearmanr': 0.9662, 'mse': 0.09421, 'rmse': 0.30693}
test: {'epoch': 4, 'time_epoch': 7.02325, 'loss': 0.22899047, 'lr': 0, 'params': 6150801, 'time_iter': 0.02439, 'mae': 0.22899, 'r2': 0.9329, 'spearmanr': 0.96858, 'mse': 0.09569, 'rmse': 0.30933}
> Epoch 4: took 108.6s (avg 115.0s) | Best so far: epoch 4	train_loss: 0.2783 train_mae: 0.2783	val_loss: 0.2265 val_mae: 0.2265	test_loss: 0.2290 test_mae: 0.2290
train: {'epoch': 5, 'time_epoch': 98.24555, 'eta': 9412.52485, 'eta_hours': 2.61459, 'loss': 0.27561296, 'lr': 0.0005, 'params': 6150801, 'time_iter': 0.07785, 'mae': 0.27561, 'r2': 0.90329, 'spearmanr': 0.94772, 'mse': 0.1346, 'rmse': 0.36687}
val: {'epoch': 5, 'time_epoch': 4.79237, 'loss': 0.23487154, 'lr': 0, 'params': 6150801, 'time_iter': 0.02445, 'mae': 0.23487, 'r2': 0.92059, 'spearmanr': 0.96259, 'mse': 0.10321, 'rmse': 0.32127}
test: {'epoch': 5, 'time_epoch': 7.01003, 'loss': 0.24017698, 'lr': 0, 'params': 6150801, 'time_iter': 0.02434, 'mae': 0.24018, 'r2': 0.92408, 'spearmanr': 0.96448, 'mse': 0.10827, 'rmse': 0.32904}
> Epoch 5: took 110.2s (avg 114.2s) | Best so far: epoch 4	train_loss: 0.2783 train_mae: 0.2783	val_loss: 0.2265 val_mae: 0.2265	test_loss: 0.2290 test_mae: 0.2290
train: {'epoch': 6, 'time_epoch': 95.1087, 'eta': 9245.63695, 'eta_hours': 2.56823, 'loss': 0.26039615, 'lr': 0.00049986, 'params': 6150801, 'time_iter': 0.07536, 'mae': 0.2604, 'r2': 0.91313, 'spearmanr': 0.95323, 'mse': 0.1209, 'rmse': 0.34771}
val: {'epoch': 6, 'time_epoch': 4.77358, 'loss': 0.26471073, 'lr': 0, 'params': 6150801, 'time_iter': 0.02435, 'mae': 0.26471, 'r2': 0.90376, 'spearmanr': 0.95144, 'mse': 0.12509, 'rmse': 0.35368}
test: {'epoch': 6, 'time_epoch': 7.00683, 'loss': 0.26152333, 'lr': 0, 'params': 6150801, 'time_iter': 0.02433, 'mae': 0.26152, 'r2': 0.91592, 'spearmanr': 0.95666, 'mse': 0.1199, 'rmse': 0.34627}
> Epoch 6: took 107.1s (avg 113.2s) | Best so far: epoch 4	train_loss: 0.2783 train_mae: 0.2783	val_loss: 0.2265 val_mae: 0.2265	test_loss: 0.2290 test_mae: 0.2290
train: {'epoch': 7, 'time_epoch': 94.02142, 'eta': 9084.19017, 'eta_hours': 2.52339, 'loss': 0.27034761, 'lr': 0.00049945, 'params': 6150801, 'time_iter': 0.0745, 'mae': 0.27035, 'r2': 0.90583, 'spearmanr': 0.94816, 'mse': 0.13106, 'rmse': 0.36203}
val: {'epoch': 7, 'time_epoch': 4.74151, 'loss': 0.26714361, 'lr': 0, 'params': 6150801, 'time_iter': 0.02419, 'mae': 0.26714, 'r2': 0.90284, 'spearmanr': 0.95239, 'mse': 0.12629, 'rmse': 0.35537}
test: {'epoch': 7, 'time_epoch': 6.97459, 'loss': 0.26402783, 'lr': 0, 'params': 6150801, 'time_iter': 0.02422, 'mae': 0.26403, 'r2': 0.91316, 'spearmanr': 0.95624, 'mse': 0.12384, 'rmse': 0.35191}
> Epoch 7: took 105.9s (avg 112.3s) | Best so far: epoch 4	train_loss: 0.2783 train_mae: 0.2783	val_loss: 0.2265 val_mae: 0.2265	test_loss: 0.2290 test_mae: 0.2290
train: {'epoch': 8, 'time_epoch': 89.80073, 'eta': 8895.05096, 'eta_hours': 2.47085, 'loss': 0.28150373, 'lr': 0.00049877, 'params': 6150801, 'time_iter': 0.07116, 'mae': 0.2815, 'r2': 0.89901, 'spearmanr': 0.94347, 'mse': 0.14056, 'rmse': 0.37491}
val: {'epoch': 8, 'time_epoch': 4.7565, 'loss': 0.27661458, 'lr': 0, 'params': 6150801, 'time_iter': 0.02427, 'mae': 0.27661, 'r2': 0.89858, 'spearmanr': 0.94702, 'mse': 0.13183, 'rmse': 0.36308}
test: {'epoch': 8, 'time_epoch': 7.02466, 'loss': 0.27480377, 'lr': 0, 'params': 6150801, 'time_iter': 0.02439, 'mae': 0.2748, 'r2': 0.90902, 'spearmanr': 0.95121, 'mse': 0.12974, 'rmse': 0.3602}
> Epoch 8: took 101.8s (avg 111.1s) | Best so far: epoch 4	train_loss: 0.2783 train_mae: 0.2783	val_loss: 0.2265 val_mae: 0.2265	test_loss: 0.2290 test_mae: 0.2290
train: {'epoch': 9, 'time_epoch': 91.13743, 'eta': 8737.80971, 'eta_hours': 2.42717, 'loss': 0.27252375, 'lr': 0.00049782, 'params': 6150801, 'time_iter': 0.07222, 'mae': 0.27252, 'r2': 0.90439, 'spearmanr': 0.9469, 'mse': 0.13307, 'rmse': 0.36479}
val: {'epoch': 9, 'time_epoch': 4.77541, 'loss': 0.27499881, 'lr': 0, 'params': 6150801, 'time_iter': 0.02436, 'mae': 0.275, 'r2': 0.89879, 'spearmanr': 0.9486, 'mse': 0.13156, 'rmse': 0.36271}
test: {'epoch': 9, 'time_epoch': 7.01855, 'loss': 0.27226433, 'lr': 0, 'params': 6150801, 'time_iter': 0.02437, 'mae': 0.27226, 'r2': 0.90965, 'spearmanr': 0.95432, 'mse': 0.12885, 'rmse': 0.35896}
> Epoch 9: took 103.1s (avg 110.3s) | Best so far: epoch 4	train_loss: 0.2783 train_mae: 0.2783	val_loss: 0.2265 val_mae: 0.2265	test_loss: 0.2290 test_mae: 0.2290
train: {'epoch': 10, 'time_epoch': 91.24468, 'eta': 8593.45505, 'eta_hours': 2.38707, 'loss': 0.27380888, 'lr': 0.00049659, 'params': 6150801, 'time_iter': 0.0723, 'mae': 0.27381, 'r2': 0.90315, 'spearmanr': 0.94673, 'mse': 0.13479, 'rmse': 0.36714}
val: {'epoch': 10, 'time_epoch': 4.7788, 'loss': 0.3029609, 'lr': 0, 'params': 6150801, 'time_iter': 0.02438, 'mae': 0.30296, 'r2': 0.87451, 'spearmanr': 0.9489, 'mse': 0.16311, 'rmse': 0.40387}
test: {'epoch': 10, 'time_epoch': 7.01299, 'loss': 0.30024048, 'lr': 0, 'params': 6150801, 'time_iter': 0.02435, 'mae': 0.30024, 'r2': 0.88723, 'spearmanr': 0.95341, 'mse': 0.16081, 'rmse': 0.40101}
> Epoch 10: took 103.2s (avg 109.7s) | Best so far: epoch 4	train_loss: 0.2783 train_mae: 0.2783	val_loss: 0.2265 val_mae: 0.2265	test_loss: 0.2290 test_mae: 0.2290
train: {'epoch': 11, 'time_epoch': 93.46841, 'eta': 8474.25946, 'eta_hours': 2.35396, 'loss': 0.26551075, 'lr': 0.00049509, 'params': 6150801, 'time_iter': 0.07406, 'mae': 0.26551, 'r2': 0.90817, 'spearmanr': 0.9488, 'mse': 0.12781, 'rmse': 0.3575}
val: {'epoch': 11, 'time_epoch': 4.75102, 'loss': 0.24374976, 'lr': 0, 'params': 6150801, 'time_iter': 0.02424, 'mae': 0.24375, 'r2': 0.91426, 'spearmanr': 0.95527, 'mse': 0.11145, 'rmse': 0.33384}
test: {'epoch': 11, 'time_epoch': 7.01094, 'loss': 0.23909307, 'lr': 0, 'params': 6150801, 'time_iter': 0.02434, 'mae': 0.23909, 'r2': 0.92335, 'spearmanr': 0.95874, 'mse': 0.10931, 'rmse': 0.33062}
> Epoch 11: took 105.4s (avg 109.3s) | Best so far: epoch 4	train_loss: 0.2783 train_mae: 0.2783	val_loss: 0.2265 val_mae: 0.2265	test_loss: 0.2290 test_mae: 0.2290
train: {'epoch': 12, 'time_epoch': 93.24025, 'eta': 8357.49496, 'eta_hours': 2.32153, 'loss': 0.2550436, 'lr': 0.00049333, 'params': 6150801, 'time_iter': 0.07388, 'mae': 0.25504, 'r2': 0.91465, 'spearmanr': 0.95271, 'mse': 0.11878, 'rmse': 0.34465}
val: {'epoch': 12, 'time_epoch': 4.77802, 'loss': 0.24087662, 'lr': 0, 'params': 6150801, 'time_iter': 0.02438, 'mae': 0.24088, 'r2': 0.92, 'spearmanr': 0.96081, 'mse': 0.10398, 'rmse': 0.32246}
test: {'epoch': 12, 'time_epoch': 7.0222, 'loss': 0.24051324, 'lr': 0, 'params': 6150801, 'time_iter': 0.02438, 'mae': 0.24051, 'r2': 0.9284, 'spearmanr': 0.96517, 'mse': 0.10211, 'rmse': 0.31954}
> Epoch 12: took 105.2s (avg 109.0s) | Best so far: epoch 4	train_loss: 0.2783 train_mae: 0.2783	val_loss: 0.2265 val_mae: 0.2265	test_loss: 0.2290 test_mae: 0.2290
train: {'epoch': 13, 'time_epoch': 92.84347, 'eta': 8241.65368, 'eta_hours': 2.28935, 'loss': 0.24181543, 'lr': 0.0004913, 'params': 6150801, 'time_iter': 0.07357, 'mae': 0.24182, 'r2': 0.92304, 'spearmanr': 0.95748, 'mse': 0.10711, 'rmse': 0.32728}
val: {'epoch': 13, 'time_epoch': 4.79128, 'loss': 0.22670011, 'lr': 0, 'params': 6150801, 'time_iter': 0.02445, 'mae': 0.2267, 'r2': 0.9277, 'spearmanr': 0.96143, 'mse': 0.09398, 'rmse': 0.30656}
test: {'epoch': 13, 'time_epoch': 7.03217, 'loss': 0.22237456, 'lr': 0, 'params': 6150801, 'time_iter': 0.02442, 'mae': 0.22237, 'r2': 0.93539, 'spearmanr': 0.96436, 'mse': 0.09214, 'rmse': 0.30355}
> Epoch 13: took 104.9s (avg 108.7s) | Best so far: epoch 4	train_loss: 0.2783 train_mae: 0.2783	val_loss: 0.2265 val_mae: 0.2265	test_loss: 0.2290 test_mae: 0.2290
train: {'epoch': 14, 'time_epoch': 93.69482, 'eta': 8133.70312, 'eta_hours': 2.25936, 'loss': 0.22981868, 'lr': 0.00048901, 'params': 6150801, 'time_iter': 0.07424, 'mae': 0.22982, 'r2': 0.9292, 'spearmanr': 0.96143, 'mse': 0.09854, 'rmse': 0.3139}
val: {'epoch': 14, 'time_epoch': 4.7764, 'loss': 0.23066473, 'lr': 0, 'params': 6150801, 'time_iter': 0.02437, 'mae': 0.23066, 'r2': 0.92693, 'spearmanr': 0.96127, 'mse': 0.09497, 'rmse': 0.30818}
test: {'epoch': 14, 'time_epoch': 8.44731, 'loss': 0.22000381, 'lr': 0, 'params': 6150801, 'time_iter': 0.02933, 'mae': 0.22, 'r2': 0.93844, 'spearmanr': 0.96591, 'mse': 0.0878, 'rmse': 0.2963}
> Epoch 14: took 107.1s (avg 108.6s) | Best so far: epoch 4	train_loss: 0.2783 train_mae: 0.2783	val_loss: 0.2265 val_mae: 0.2265	test_loss: 0.2290 test_mae: 0.2290
train: {'epoch': 15, 'time_epoch': 93.50218, 'eta': 8026.52318, 'eta_hours': 2.22959, 'loss': 0.23528908, 'lr': 0.00048645, 'params': 6150801, 'time_iter': 0.07409, 'mae': 0.23529, 'r2': 0.92639, 'spearmanr': 0.95955, 'mse': 0.10245, 'rmse': 0.32009}
val: {'epoch': 15, 'time_epoch': 4.77647, 'loss': 0.2258088, 'lr': 0, 'params': 6150801, 'time_iter': 0.02437, 'mae': 0.22581, 'r2': 0.92639, 'spearmanr': 0.9612, 'mse': 0.09568, 'rmse': 0.30931}
test: {'epoch': 15, 'time_epoch': 7.0283, 'loss': 0.22219678, 'lr': 0, 'params': 6150801, 'time_iter': 0.0244, 'mae': 0.2222, 'r2': 0.93453, 'spearmanr': 0.96492, 'mse': 0.09336, 'rmse': 0.30555}
> Epoch 15: took 105.5s (avg 108.4s) | Best so far: epoch 15	train_loss: 0.2353 train_mae: 0.2353	val_loss: 0.2258 val_mae: 0.2258	test_loss: 0.2222 test_mae: 0.2222
train: {'epoch': 16, 'time_epoch': 93.43232, 'eta': 7920.61129, 'eta_hours': 2.20017, 'loss': 0.24451075, 'lr': 0.00048364, 'params': 6150801, 'time_iter': 0.07404, 'mae': 0.24451, 'r2': 0.92113, 'spearmanr': 0.95636, 'mse': 0.10976, 'rmse': 0.33131}
val: {'epoch': 16, 'time_epoch': 4.78097, 'loss': 0.25405994, 'lr': 0, 'params': 6150801, 'time_iter': 0.02439, 'mae': 0.25406, 'r2': 0.91009, 'spearmanr': 0.96078, 'mse': 0.11686, 'rmse': 0.34185}
test: {'epoch': 16, 'time_epoch': 7.01911, 'loss': 0.25045859, 'lr': 0, 'params': 6150801, 'time_iter': 0.02437, 'mae': 0.25046, 'r2': 0.91941, 'spearmanr': 0.96425, 'mse': 0.11492, 'rmse': 0.33901}
> Epoch 16: took 105.4s (avg 108.2s) | Best so far: epoch 15	train_loss: 0.2353 train_mae: 0.2353	val_loss: 0.2258 val_mae: 0.2258	test_loss: 0.2222 test_mae: 0.2222
train: {'epoch': 17, 'time_epoch': 96.2745, 'eta': 7829.03373, 'eta_hours': 2.17473, 'loss': 0.23276812, 'lr': 0.00048057, 'params': 6150801, 'time_iter': 0.07629, 'mae': 0.23277, 'r2': 0.92773, 'spearmanr': 0.96061, 'mse': 0.10059, 'rmse': 0.31716}
val: {'epoch': 17, 'time_epoch': 4.79048, 'loss': 0.20436316, 'lr': 0, 'params': 6150801, 'time_iter': 0.02444, 'mae': 0.20436, 'r2': 0.9379, 'spearmanr': 0.96733, 'mse': 0.08072, 'rmse': 0.28411}
test: {'epoch': 17, 'time_epoch': 7.03164, 'loss': 0.19981026, 'lr': 0, 'params': 6150801, 'time_iter': 0.02442, 'mae': 0.19981, 'r2': 0.94439, 'spearmanr': 0.96987, 'mse': 0.07931, 'rmse': 0.28161}
> Epoch 17: took 108.3s (avg 108.2s) | Best so far: epoch 17	train_loss: 0.2328 train_mae: 0.2328	val_loss: 0.2044 val_mae: 0.2044	test_loss: 0.1998 test_mae: 0.1998
train: {'epoch': 18, 'time_epoch': 98.62466, 'eta': 7746.98084, 'eta_hours': 2.15194, 'loss': 0.21967785, 'lr': 0.00047725, 'params': 6150801, 'time_iter': 0.07815, 'mae': 0.21968, 'r2': 0.93471, 'spearmanr': 0.96465, 'mse': 0.09087, 'rmse': 0.30144}
val: {'epoch': 18, 'time_epoch': 4.78977, 'loss': 0.20741206, 'lr': 0, 'params': 6150801, 'time_iter': 0.02444, 'mae': 0.20741, 'r2': 0.93731, 'spearmanr': 0.96747, 'mse': 0.08149, 'rmse': 0.28546}
test: {'epoch': 18, 'time_epoch': 7.01987, 'loss': 0.20435822, 'lr': 0, 'params': 6150801, 'time_iter': 0.02437, 'mae': 0.20436, 'r2': 0.9438, 'spearmanr': 0.97019, 'mse': 0.08015, 'rmse': 0.28311}
> Epoch 18: took 110.6s (avg 108.4s) | Best so far: epoch 17	train_loss: 0.2328 train_mae: 0.2328	val_loss: 0.2044 val_mae: 0.2044	test_loss: 0.1998 test_mae: 0.1998
train: {'epoch': 19, 'time_epoch': 85.44753, 'eta': 7610.56226, 'eta_hours': 2.11405, 'loss': 0.21989615, 'lr': 0.00047368, 'params': 6150801, 'time_iter': 0.06771, 'mae': 0.2199, 'r2': 0.93484, 'spearmanr': 0.96474, 'mse': 0.09069, 'rmse': 0.30115}
val: {'epoch': 19, 'time_epoch': 4.81777, 'loss': 0.25402866, 'lr': 0, 'params': 6150801, 'time_iter': 0.02458, 'mae': 0.25403, 'r2': 0.92036, 'spearmanr': 0.96885, 'mse': 0.10351, 'rmse': 0.32173}
test: {'epoch': 19, 'time_epoch': 7.07939, 'loss': 0.24646691, 'lr': 0, 'params': 6150801, 'time_iter': 0.02458, 'mae': 0.24647, 'r2': 0.9312, 'spearmanr': 0.97223, 'mse': 0.09811, 'rmse': 0.31322}
> Epoch 19: took 97.5s (avg 107.8s) | Best so far: epoch 17	train_loss: 0.2328 train_mae: 0.2328	val_loss: 0.2044 val_mae: 0.2044	test_loss: 0.1998 test_mae: 0.1998
train: {'epoch': 20, 'time_epoch': 96.98619, 'eta': 7522.40543, 'eta_hours': 2.08956, 'loss': 0.21714548, 'lr': 0.00046987, 'params': 6150801, 'time_iter': 0.07685, 'mae': 0.21715, 'r2': 0.93636, 'spearmanr': 0.96508, 'mse': 0.08857, 'rmse': 0.29761}
val: {'epoch': 20, 'time_epoch': 4.83373, 'loss': 0.23343816, 'lr': 0, 'params': 6150801, 'time_iter': 0.02466, 'mae': 0.23344, 'r2': 0.92699, 'spearmanr': 0.96498, 'mse': 0.09489, 'rmse': 0.30805}
test: {'epoch': 20, 'time_epoch': 7.06498, 'loss': 0.2276129, 'lr': 0, 'params': 6150801, 'time_iter': 0.02453, 'mae': 0.22761, 'r2': 0.93662, 'spearmanr': 0.96843, 'mse': 0.09038, 'rmse': 0.30064}
> Epoch 20: took 109.1s (avg 107.9s) | Best so far: epoch 17	train_loss: 0.2328 train_mae: 0.2328	val_loss: 0.2044 val_mae: 0.2044	test_loss: 0.1998 test_mae: 0.1998
train: {'epoch': 21, 'time_epoch': 95.04386, 'eta': 7426.55947, 'eta_hours': 2.06293, 'loss': 0.21139919, 'lr': 0.00046581, 'params': 6150801, 'time_iter': 0.07531, 'mae': 0.2114, 'r2': 0.93917, 'spearmanr': 0.96682, 'mse': 0.08467, 'rmse': 0.29097}
val: {'epoch': 21, 'time_epoch': 4.83261, 'loss': 0.1969953, 'lr': 0, 'params': 6150801, 'time_iter': 0.02466, 'mae': 0.197, 'r2': 0.94348, 'spearmanr': 0.96953, 'mse': 0.07347, 'rmse': 0.27105}
test: {'epoch': 21, 'time_epoch': 7.0777, 'loss': 0.19040093, 'lr': 0, 'params': 6150801, 'time_iter': 0.02458, 'mae': 0.1904, 'r2': 0.95124, 'spearmanr': 0.97252, 'mse': 0.06953, 'rmse': 0.26369}
> Epoch 21: took 107.1s (avg 107.8s) | Best so far: epoch 21	train_loss: 0.2114 train_mae: 0.2114	val_loss: 0.1970 val_mae: 0.1970	test_loss: 0.1904 test_mae: 0.1904
train: {'epoch': 22, 'time_epoch': 93.76097, 'eta': 7326.48838, 'eta_hours': 2.03514, 'loss': 0.20611488, 'lr': 0.00046152, 'params': 6150801, 'time_iter': 0.0743, 'mae': 0.20611, 'r2': 0.94193, 'spearmanr': 0.96849, 'mse': 0.08082, 'rmse': 0.28429}
val: {'epoch': 22, 'time_epoch': 4.81638, 'loss': 0.21609506, 'lr': 0, 'params': 6150801, 'time_iter': 0.02457, 'mae': 0.2161, 'r2': 0.93557, 'spearmanr': 0.97097, 'mse': 0.08375, 'rmse': 0.28939}
test: {'epoch': 22, 'time_epoch': 7.0653, 'loss': 0.21374318, 'lr': 0, 'params': 6150801, 'time_iter': 0.02453, 'mae': 0.21374, 'r2': 0.94254, 'spearmanr': 0.97349, 'mse': 0.08195, 'rmse': 0.28626}
> Epoch 22: took 105.8s (avg 107.8s) | Best so far: epoch 21	train_loss: 0.2114 train_mae: 0.2114	val_loss: 0.1970 val_mae: 0.1970	test_loss: 0.1904 test_mae: 0.1904
train: {'epoch': 23, 'time_epoch': 97.41867, 'eta': 7238.52582, 'eta_hours': 2.0107, 'loss': 0.20159404, 'lr': 0.000457, 'params': 6150801, 'time_iter': 0.07719, 'mae': 0.20159, 'r2': 0.94398, 'spearmanr': 0.96983, 'mse': 0.07797, 'rmse': 0.27924}
val: {'epoch': 23, 'time_epoch': 4.81479, 'loss': 0.20496681, 'lr': 0, 'params': 6150801, 'time_iter': 0.02457, 'mae': 0.20497, 'r2': 0.94105, 'spearmanr': 0.96864, 'mse': 0.07662, 'rmse': 0.2768}
test: {'epoch': 23, 'time_epoch': 7.09035, 'loss': 0.19415606, 'lr': 0, 'params': 6150801, 'time_iter': 0.02462, 'mae': 0.19416, 'r2': 0.95078, 'spearmanr': 0.97229, 'mse': 0.07019, 'rmse': 0.26494}
> Epoch 23: took 109.5s (avg 107.8s) | Best so far: epoch 21	train_loss: 0.2114 train_mae: 0.2114	val_loss: 0.1970 val_mae: 0.1970	test_loss: 0.1904 test_mae: 0.1904
train: {'epoch': 24, 'time_epoch': 97.8084, 'eta': 7150.97599, 'eta_hours': 1.98638, 'loss': 0.19838496, 'lr': 0.00045225, 'params': 6150801, 'time_iter': 0.0775, 'mae': 0.19838, 'r2': 0.94569, 'spearmanr': 0.97073, 'mse': 0.07559, 'rmse': 0.27493}
val: {'epoch': 24, 'time_epoch': 4.80023, 'loss': 0.19179004, 'lr': 0, 'params': 6150801, 'time_iter': 0.02449, 'mae': 0.19179, 'r2': 0.94468, 'spearmanr': 0.97021, 'mse': 0.07191, 'rmse': 0.26816}
test: {'epoch': 24, 'time_epoch': 7.0741, 'loss': 0.18304884, 'lr': 0, 'params': 6150801, 'time_iter': 0.02456, 'mae': 0.18305, 'r2': 0.95289, 'spearmanr': 0.97399, 'mse': 0.06718, 'rmse': 0.25919}
> Epoch 24: took 109.9s (avg 107.9s) | Best so far: epoch 24	train_loss: 0.1984 train_mae: 0.1984	val_loss: 0.1918 val_mae: 0.1918	test_loss: 0.1830 test_mae: 0.1830
train: {'epoch': 25, 'time_epoch': 95.80986, 'eta': 7056.94888, 'eta_hours': 1.96026, 'loss': 0.20143832, 'lr': 0.00044729, 'params': 6150801, 'time_iter': 0.07592, 'mae': 0.20144, 'r2': 0.94442, 'spearmanr': 0.96993, 'mse': 0.07735, 'rmse': 0.27812}
val: {'epoch': 25, 'time_epoch': 4.81567, 'loss': 0.19113225, 'lr': 0, 'params': 6150801, 'time_iter': 0.02457, 'mae': 0.19113, 'r2': 0.94545, 'spearmanr': 0.97125, 'mse': 0.07091, 'rmse': 0.26628}
test: {'epoch': 25, 'time_epoch': 7.07981, 'loss': 0.1852196, 'lr': 0, 'params': 6150801, 'time_iter': 0.02458, 'mae': 0.18522, 'r2': 0.9528, 'spearmanr': 0.97452, 'mse': 0.06731, 'rmse': 0.25945}
> Epoch 25: took 107.9s (avg 107.9s) | Best so far: epoch 25	train_loss: 0.2014 train_mae: 0.2014	val_loss: 0.1911 val_mae: 0.1911	test_loss: 0.1852 test_mae: 0.1852
train: {'epoch': 26, 'time_epoch': 93.20355, 'eta': 6955.74303, 'eta_hours': 1.93215, 'loss': 0.19624002, 'lr': 0.0004421, 'params': 6150801, 'time_iter': 0.07385, 'mae': 0.19624, 'r2': 0.94656, 'spearmanr': 0.97126, 'mse': 0.07438, 'rmse': 0.27273}
val: {'epoch': 26, 'time_epoch': 4.82019, 'loss': 0.18450511, 'lr': 0, 'params': 6150801, 'time_iter': 0.02459, 'mae': 0.18451, 'r2': 0.9498, 'spearmanr': 0.97363, 'mse': 0.06525, 'rmse': 0.25545}
test: {'epoch': 26, 'time_epoch': 7.07016, 'loss': 0.1816018, 'lr': 0, 'params': 6150801, 'time_iter': 0.02455, 'mae': 0.1816, 'r2': 0.95525, 'spearmanr': 0.97582, 'mse': 0.06382, 'rmse': 0.25263}
> Epoch 26: took 105.3s (avg 107.8s) | Best so far: epoch 26	train_loss: 0.1962 train_mae: 0.1962	val_loss: 0.1845 val_mae: 0.1845	test_loss: 0.1816 test_mae: 0.1816
train: {'epoch': 27, 'time_epoch': 96.52295, 'eta': 6863.64435, 'eta_hours': 1.90657, 'loss': 0.19236096, 'lr': 0.00043671, 'params': 6150801, 'time_iter': 0.07648, 'mae': 0.19236, 'r2': 0.94835, 'spearmanr': 0.97235, 'mse': 0.07189, 'rmse': 0.26812}
val: {'epoch': 27, 'time_epoch': 4.81347, 'loss': 0.19434541, 'lr': 0, 'params': 6150801, 'time_iter': 0.02456, 'mae': 0.19435, 'r2': 0.94489, 'spearmanr': 0.9742, 'mse': 0.07163, 'rmse': 0.26765}
test: {'epoch': 27, 'time_epoch': 7.06655, 'loss': 0.19216652, 'lr': 0, 'params': 6150801, 'time_iter': 0.02454, 'mae': 0.19217, 'r2': 0.95115, 'spearmanr': 0.97704, 'mse': 0.06966, 'rmse': 0.26394}
> Epoch 27: took 108.6s (avg 107.8s) | Best so far: epoch 26	train_loss: 0.1962 train_mae: 0.1962	val_loss: 0.1845 val_mae: 0.1845	test_loss: 0.1816 test_mae: 0.1816
train: {'epoch': 28, 'time_epoch': 97.77445, 'eta': 6774.30457, 'eta_hours': 1.88175, 'loss': 0.18920368, 'lr': 0.00043111, 'params': 6150801, 'time_iter': 0.07748, 'mae': 0.1892, 'r2': 0.95001, 'spearmanr': 0.97316, 'mse': 0.06957, 'rmse': 0.26376}
val: {'epoch': 28, 'time_epoch': 4.82247, 'loss': 0.19393546, 'lr': 0, 'params': 6150801, 'time_iter': 0.0246, 'mae': 0.19394, 'r2': 0.94429, 'spearmanr': 0.97339, 'mse': 0.07242, 'rmse': 0.2691}
test: {'epoch': 28, 'time_epoch': 7.07936, 'loss': 0.19009947, 'lr': 0, 'params': 6150801, 'time_iter': 0.02458, 'mae': 0.1901, 'r2': 0.95066, 'spearmanr': 0.97558, 'mse': 0.07037, 'rmse': 0.26526}
> Epoch 28: took 109.9s (avg 107.9s) | Best so far: epoch 26	train_loss: 0.1962 train_mae: 0.1962	val_loss: 0.1845 val_mae: 0.1845	test_loss: 0.1816 test_mae: 0.1816
train: {'epoch': 29, 'time_epoch': 93.88352, 'eta': 6675.32364, 'eta_hours': 1.85426, 'loss': 0.1850287, 'lr': 0.00042531, 'params': 6150801, 'time_iter': 0.07439, 'mae': 0.18503, 'r2': 0.9516, 'spearmanr': 0.97422, 'mse': 0.06737, 'rmse': 0.25955}
val: {'epoch': 29, 'time_epoch': 4.81454, 'loss': 0.17574451, 'lr': 0, 'params': 6150801, 'time_iter': 0.02456, 'mae': 0.17574, 'r2': 0.95219, 'spearmanr': 0.97412, 'mse': 0.06214, 'rmse': 0.24928}
test: {'epoch': 29, 'time_epoch': 7.0679, 'loss': 0.17147731, 'lr': 0, 'params': 6150801, 'time_iter': 0.02454, 'mae': 0.17148, 'r2': 0.95799, 'spearmanr': 0.97641, 'mse': 0.05991, 'rmse': 0.24476}
> Epoch 29: took 106.0s (avg 107.8s) | Best so far: epoch 29	train_loss: 0.1850 train_mae: 0.1850	val_loss: 0.1757 val_mae: 0.1757	test_loss: 0.1715 test_mae: 0.1715
train: {'epoch': 30, 'time_epoch': 94.43312, 'eta': 6577.89488, 'eta_hours': 1.82719, 'loss': 0.18225998, 'lr': 0.00041932, 'params': 6150801, 'time_iter': 0.07483, 'mae': 0.18226, 'r2': 0.95289, 'spearmanr': 0.97492, 'mse': 0.06556, 'rmse': 0.25605}
val: {'epoch': 30, 'time_epoch': 4.76697, 'loss': 0.19886585, 'lr': 0, 'params': 6150801, 'time_iter': 0.02432, 'mae': 0.19887, 'r2': 0.94404, 'spearmanr': 0.97239, 'mse': 0.07274, 'rmse': 0.2697}
test: {'epoch': 30, 'time_epoch': 7.03231, 'loss': 0.19710103, 'lr': 0, 'params': 6150801, 'time_iter': 0.02442, 'mae': 0.1971, 'r2': 0.95023, 'spearmanr': 0.97471, 'mse': 0.07098, 'rmse': 0.26641}
> Epoch 30: took 106.4s (avg 107.8s) | Best so far: epoch 29	train_loss: 0.1850 train_mae: 0.1850	val_loss: 0.1757 val_mae: 0.1757	test_loss: 0.1715 test_mae: 0.1715
train: {'epoch': 31, 'time_epoch': 93.81713, 'eta': 6479.34438, 'eta_hours': 1.79982, 'loss': 0.17916789, 'lr': 0.00041315, 'params': 6150801, 'time_iter': 0.07434, 'mae': 0.17917, 'r2': 0.95439, 'spearmanr': 0.97555, 'mse': 0.06348, 'rmse': 0.25195}
val: {'epoch': 31, 'time_epoch': 4.82406, 'loss': 0.1865959, 'lr': 0, 'params': 6150801, 'time_iter': 0.02461, 'mae': 0.1866, 'r2': 0.94852, 'spearmanr': 0.97198, 'mse': 0.06691, 'rmse': 0.25867}
test: {'epoch': 31, 'time_epoch': 7.06581, 'loss': 0.17890894, 'lr': 0, 'params': 6150801, 'time_iter': 0.02453, 'mae': 0.17891, 'r2': 0.95516, 'spearmanr': 0.97449, 'mse': 0.06395, 'rmse': 0.25288}
> Epoch 31: took 105.9s (avg 107.7s) | Best so far: epoch 29	train_loss: 0.1850 train_mae: 0.1850	val_loss: 0.1757 val_mae: 0.1757	test_loss: 0.1715 test_mae: 0.1715
train: {'epoch': 32, 'time_epoch': 93.6734, 'eta': 6380.78894, 'eta_hours': 1.77244, 'loss': 0.17738169, 'lr': 0.00040679, 'params': 6150801, 'time_iter': 0.07423, 'mae': 0.17738, 'r2': 0.95511, 'spearmanr': 0.97616, 'mse': 0.06247, 'rmse': 0.24995}
val: {'epoch': 32, 'time_epoch': 4.82763, 'loss': 0.17865243, 'lr': 0, 'params': 6150801, 'time_iter': 0.02463, 'mae': 0.17865, 'r2': 0.95187, 'spearmanr': 0.97473, 'mse': 0.06256, 'rmse': 0.25012}
test: {'epoch': 32, 'time_epoch': 7.08577, 'loss': 0.17420807, 'lr': 0, 'params': 6150801, 'time_iter': 0.0246, 'mae': 0.17421, 'r2': 0.95839, 'spearmanr': 0.97789, 'mse': 0.05934, 'rmse': 0.2436}
> Epoch 32: took 105.8s (avg 107.7s) | Best so far: epoch 29	train_loss: 0.1850 train_mae: 0.1850	val_loss: 0.1757 val_mae: 0.1757	test_loss: 0.1715 test_mae: 0.1715
train: {'epoch': 33, 'time_epoch': 93.80962, 'eta': 6282.7851, 'eta_hours': 1.74522, 'loss': 0.1745557, 'lr': 0.00040027, 'params': 6150801, 'time_iter': 0.07433, 'mae': 0.17456, 'r2': 0.95638, 'spearmanr': 0.97679, 'mse': 0.0607, 'rmse': 0.24638}
val: {'epoch': 33, 'time_epoch': 6.40762, 'loss': 0.19800054, 'lr': 0, 'params': 6150801, 'time_iter': 0.03269, 'mae': 0.198, 'r2': 0.9474, 'spearmanr': 0.97715, 'mse': 0.06837, 'rmse': 0.26148}
test: {'epoch': 33, 'time_epoch': 6.98936, 'loss': 0.19103299, 'lr': 0, 'params': 6150801, 'time_iter': 0.02427, 'mae': 0.19103, 'r2': 0.95438, 'spearmanr': 0.97915, 'mse': 0.06506, 'rmse': 0.25507}
> Epoch 33: took 107.4s (avg 107.7s) | Best so far: epoch 29	train_loss: 0.1850 train_mae: 0.1850	val_loss: 0.1757 val_mae: 0.1757	test_loss: 0.1715 test_mae: 0.1715
train: {'epoch': 34, 'time_epoch': 89.90396, 'eta': 6177.76756, 'eta_hours': 1.71605, 'loss': 0.17145572, 'lr': 0.00039358, 'params': 6150801, 'time_iter': 0.07124, 'mae': 0.17146, 'r2': 0.95764, 'spearmanr': 0.97755, 'mse': 0.05896, 'rmse': 0.24282}
val: {'epoch': 34, 'time_epoch': 4.81528, 'loss': 0.16973364, 'lr': 0, 'params': 6150801, 'time_iter': 0.02457, 'mae': 0.16973, 'r2': 0.95439, 'spearmanr': 0.97769, 'mse': 0.05929, 'rmse': 0.24349}
test: {'epoch': 34, 'time_epoch': 7.08372, 'loss': 0.16718851, 'lr': 0, 'params': 6150801, 'time_iter': 0.0246, 'mae': 0.16719, 'r2': 0.95894, 'spearmanr': 0.9795, 'mse': 0.05856, 'rmse': 0.24199}
> Epoch 34: took 102.0s (avg 107.5s) | Best so far: epoch 34	train_loss: 0.1715 train_mae: 0.1715	val_loss: 0.1697 val_mae: 0.1697	test_loss: 0.1672 test_mae: 0.1672
train: {'epoch': 35, 'time_epoch': 89.92282, 'eta': 6073.6232, 'eta_hours': 1.68712, 'loss': 0.16894355, 'lr': 0.00038674, 'params': 6150801, 'time_iter': 0.07125, 'mae': 0.16894, 'r2': 0.95883, 'spearmanr': 0.97813, 'mse': 0.05729, 'rmse': 0.23936}
val: {'epoch': 35, 'time_epoch': 4.80506, 'loss': 0.16497318, 'lr': 0, 'params': 6150801, 'time_iter': 0.02452, 'mae': 0.16497, 'r2': 0.95663, 'spearmanr': 0.97681, 'mse': 0.05637, 'rmse': 0.23743}
test: {'epoch': 35, 'time_epoch': 7.07163, 'loss': 0.16105299, 'lr': 0, 'params': 6150801, 'time_iter': 0.02455, 'mae': 0.16105, 'r2': 0.96131, 'spearmanr': 0.97893, 'mse': 0.05517, 'rmse': 0.23488}
> Epoch 35: took 102.0s (avg 107.4s) | Best so far: epoch 35	train_loss: 0.1689 train_mae: 0.1689	val_loss: 0.1650 val_mae: 0.1650	test_loss: 0.1611 test_mae: 0.1610
train: {'epoch': 36, 'time_epoch': 91.5427, 'eta': 5973.00574, 'eta_hours': 1.65917, 'loss': 0.16829401, 'lr': 0.00037974, 'params': 6150801, 'time_iter': 0.07254, 'mae': 0.16829, 'r2': 0.95918, 'spearmanr': 0.97823, 'mse': 0.05682, 'rmse': 0.23836}
val: {'epoch': 36, 'time_epoch': 4.77813, 'loss': 0.16543755, 'lr': 0, 'params': 6150801, 'time_iter': 0.02438, 'mae': 0.16544, 'r2': 0.95765, 'spearmanr': 0.97781, 'mse': 0.05504, 'rmse': 0.23461}
test: {'epoch': 36, 'time_epoch': 7.03119, 'loss': 0.16000593, 'lr': 0, 'params': 6150801, 'time_iter': 0.02441, 'mae': 0.16001, 'r2': 0.96274, 'spearmanr': 0.97999, 'mse': 0.05313, 'rmse': 0.23051}
> Epoch 36: took 103.5s (avg 107.3s) | Best so far: epoch 35	train_loss: 0.1689 train_mae: 0.1689	val_loss: 0.1650 val_mae: 0.1650	test_loss: 0.1611 test_mae: 0.1610
train: {'epoch': 37, 'time_epoch': 92.8233, 'eta': 5874.9553, 'eta_hours': 1.63193, 'loss': 0.16709908, 'lr': 0.00037261, 'params': 6150801, 'time_iter': 0.07355, 'mae': 0.1671, 'r2': 0.95969, 'spearmanr': 0.97858, 'mse': 0.0561, 'rmse': 0.23685}
val: {'epoch': 37, 'time_epoch': 4.78225, 'loss': 0.16449533, 'lr': 0, 'params': 6150801, 'time_iter': 0.0244, 'mae': 0.1645, 'r2': 0.95764, 'spearmanr': 0.97737, 'mse': 0.05506, 'rmse': 0.23464}
test: {'epoch': 37, 'time_epoch': 7.02884, 'loss': 0.15777432, 'lr': 0, 'params': 6150801, 'time_iter': 0.02441, 'mae': 0.15777, 'r2': 0.96343, 'spearmanr': 0.97984, 'mse': 0.05215, 'rmse': 0.22836}
> Epoch 37: took 104.8s (avg 107.2s) | Best so far: epoch 37	train_loss: 0.1671 train_mae: 0.1671	val_loss: 0.1645 val_mae: 0.1645	test_loss: 0.1578 test_mae: 0.1578
train: {'epoch': 38, 'time_epoch': 94.94397, 'eta': 5780.48986, 'eta_hours': 1.60569, 'loss': 0.16414504, 'lr': 0.00036534, 'params': 6150801, 'time_iter': 0.07523, 'mae': 0.16415, 'r2': 0.96094, 'spearmanr': 0.97913, 'mse': 0.05437, 'rmse': 0.23317}
val: {'epoch': 38, 'time_epoch': 4.77324, 'loss': 0.16515908, 'lr': 0, 'params': 6150801, 'time_iter': 0.02435, 'mae': 0.16516, 'r2': 0.95806, 'spearmanr': 0.97821, 'mse': 0.05452, 'rmse': 0.23349}
test: {'epoch': 38, 'time_epoch': 7.02686, 'loss': 0.16042309, 'lr': 0, 'params': 6150801, 'time_iter': 0.0244, 'mae': 0.16042, 'r2': 0.96291, 'spearmanr': 0.98001, 'mse': 0.05289, 'rmse': 0.22998}
> Epoch 38: took 106.9s (avg 107.2s) | Best so far: epoch 37	train_loss: 0.1671 train_mae: 0.1671	val_loss: 0.1645 val_mae: 0.1645	test_loss: 0.1578 test_mae: 0.1578
train: {'epoch': 39, 'time_epoch': 90.50888, 'eta': 5679.34787, 'eta_hours': 1.5776, 'loss': 0.16071801, 'lr': 0.00035794, 'params': 6150801, 'time_iter': 0.07172, 'mae': 0.16072, 'r2': 0.96213, 'spearmanr': 0.97987, 'mse': 0.05271, 'rmse': 0.22958}
val: {'epoch': 39, 'time_epoch': 4.77929, 'loss': 0.16772196, 'lr': 0, 'params': 6150801, 'time_iter': 0.02438, 'mae': 0.16772, 'r2': 0.95653, 'spearmanr': 0.9767, 'mse': 0.0565, 'rmse': 0.23771}
test: {'epoch': 39, 'time_epoch': 8.51596, 'loss': 0.16363393, 'lr': 0, 'params': 6150801, 'time_iter': 0.02957, 'mae': 0.16363, 'r2': 0.96214, 'spearmanr': 0.97909, 'mse': 0.05399, 'rmse': 0.23235}
> Epoch 39: took 104.0s (avg 107.1s) | Best so far: epoch 37	train_loss: 0.1671 train_mae: 0.1671	val_loss: 0.1645 val_mae: 0.1645	test_loss: 0.1578 test_mae: 0.1578
train: {'epoch': 40, 'time_epoch': 90.76898, 'eta': 5579.09884, 'eta_hours': 1.54975, 'loss': 0.15837208, 'lr': 0.00035042, 'params': 6150801, 'time_iter': 0.07192, 'mae': 0.15837, 'r2': 0.96311, 'spearmanr': 0.98028, 'mse': 0.05135, 'rmse': 0.2266}
val: {'epoch': 40, 'time_epoch': 4.77425, 'loss': 0.15734479, 'lr': 0, 'params': 6150801, 'time_iter': 0.02436, 'mae': 0.15734, 'r2': 0.96009, 'spearmanr': 0.97877, 'mse': 0.05188, 'rmse': 0.22777}
test: {'epoch': 40, 'time_epoch': 7.01241, 'loss': 0.15314099, 'lr': 0, 'params': 6150801, 'time_iter': 0.02435, 'mae': 0.15314, 'r2': 0.96502, 'spearmanr': 0.98059, 'mse': 0.04988, 'rmse': 0.22334}
> Epoch 40: took 102.7s (avg 107.0s) | Best so far: epoch 40	train_loss: 0.1584 train_mae: 0.1584	val_loss: 0.1573 val_mae: 0.1573	test_loss: 0.1531 test_mae: 0.1531
train: {'epoch': 41, 'time_epoch': 90.5602, 'eta': 5479.01293, 'eta_hours': 1.52195, 'loss': 0.15751931, 'lr': 0.0003428, 'params': 6150801, 'time_iter': 0.07176, 'mae': 0.15752, 'r2': 0.96341, 'spearmanr': 0.98054, 'mse': 0.05092, 'rmse': 0.22566}
val: {'epoch': 41, 'time_epoch': 4.79519, 'loss': 0.15428756, 'lr': 0, 'params': 6150801, 'time_iter': 0.02447, 'mae': 0.15429, 'r2': 0.96012, 'spearmanr': 0.97931, 'mse': 0.05184, 'rmse': 0.22768}
test: {'epoch': 41, 'time_epoch': 7.02391, 'loss': 0.15048172, 'lr': 0, 'params': 6150801, 'time_iter': 0.02439, 'mae': 0.15048, 'r2': 0.96444, 'spearmanr': 0.98139, 'mse': 0.05071, 'rmse': 0.22519}
> Epoch 41: took 102.6s (avg 106.9s) | Best so far: epoch 41	train_loss: 0.1575 train_mae: 0.1575	val_loss: 0.1543 val_mae: 0.1543	test_loss: 0.1505 test_mae: 0.1505
train: {'epoch': 42, 'time_epoch': 90.99959, 'eta': 5379.95252, 'eta_hours': 1.49443, 'loss': 0.15529302, 'lr': 0.00033507, 'params': 6150801, 'time_iter': 0.07211, 'mae': 0.15529, 'r2': 0.96429, 'spearmanr': 0.98099, 'mse': 0.0497, 'rmse': 0.22294}
val: {'epoch': 42, 'time_epoch': 4.77639, 'loss': 0.16610788, 'lr': 0, 'params': 6150801, 'time_iter': 0.02437, 'mae': 0.16611, 'r2': 0.95598, 'spearmanr': 0.97835, 'mse': 0.05722, 'rmse': 0.23921}
test: {'epoch': 42, 'time_epoch': 7.01449, 'loss': 0.16405251, 'lr': 0, 'params': 6150801, 'time_iter': 0.02436, 'mae': 0.16405, 'r2': 0.96013, 'spearmanr': 0.98008, 'mse': 0.05685, 'rmse': 0.23843}
> Epoch 42: took 103.0s (avg 106.8s) | Best so far: epoch 41	train_loss: 0.1575 train_mae: 0.1575	val_loss: 0.1543 val_mae: 0.1543	test_loss: 0.1505 test_mae: 0.1505
train: {'epoch': 43, 'time_epoch': 94.20095, 'eta': 5285.33298, 'eta_hours': 1.46815, 'loss': 0.1549379, 'lr': 0.00032725, 'params': 6150801, 'time_iter': 0.07464, 'mae': 0.15494, 'r2': 0.96453, 'spearmanr': 0.98105, 'mse': 0.04936, 'rmse': 0.22218}
val: {'epoch': 43, 'time_epoch': 4.786, 'loss': 0.15158543, 'lr': 0, 'params': 6150801, 'time_iter': 0.02442, 'mae': 0.15159, 'r2': 0.96184, 'spearmanr': 0.97966, 'mse': 0.0496, 'rmse': 0.22271}
test: {'epoch': 43, 'time_epoch': 7.02373, 'loss': 0.14720521, 'lr': 0, 'params': 6150801, 'time_iter': 0.02439, 'mae': 0.14721, 'r2': 0.9663, 'spearmanr': 0.98184, 'mse': 0.04806, 'rmse': 0.21922}
> Epoch 43: took 106.2s (avg 106.8s) | Best so far: epoch 43	train_loss: 0.1549 train_mae: 0.1549	val_loss: 0.1516 val_mae: 0.1516	test_loss: 0.1472 test_mae: 0.1472
train: {'epoch': 44, 'time_epoch': 92.88528, 'eta': 5189.124, 'eta_hours': 1.44142, 'loss': 0.15274031, 'lr': 0.00031935, 'params': 6150801, 'time_iter': 0.0736, 'mae': 0.15274, 'r2': 0.96535, 'spearmanr': 0.98155, 'mse': 0.04822, 'rmse': 0.2196}
val: {'epoch': 44, 'time_epoch': 4.76907, 'loss': 0.15116573, 'lr': 0, 'params': 6150801, 'time_iter': 0.02433, 'mae': 0.15117, 'r2': 0.96182, 'spearmanr': 0.98025, 'mse': 0.04962, 'rmse': 0.22277}
test: {'epoch': 44, 'time_epoch': 7.02348, 'loss': 0.14687523, 'lr': 0, 'params': 6150801, 'time_iter': 0.02439, 'mae': 0.14688, 'r2': 0.96607, 'spearmanr': 0.98215, 'mse': 0.04839, 'rmse': 0.21998}
> Epoch 44: took 104.9s (avg 106.7s) | Best so far: epoch 44	train_loss: 0.1527 train_mae: 0.1527	val_loss: 0.1512 val_mae: 0.1512	test_loss: 0.1469 test_mae: 0.1469
train: {'epoch': 45, 'time_epoch': 90.66067, 'eta': 5090.44802, 'eta_hours': 1.41401, 'loss': 0.1486642, 'lr': 0.00031137, 'params': 6150801, 'time_iter': 0.07184, 'mae': 0.14866, 'r2': 0.9669, 'spearmanr': 0.98242, 'mse': 0.04607, 'rmse': 0.21464}
val: {'epoch': 45, 'time_epoch': 4.78099, 'loss': 0.14964841, 'lr': 0, 'params': 6150801, 'time_iter': 0.02439, 'mae': 0.14965, 'r2': 0.96288, 'spearmanr': 0.98018, 'mse': 0.04824, 'rmse': 0.21964}
test: {'epoch': 45, 'time_epoch': 7.01944, 'loss': 0.14551668, 'lr': 0, 'params': 6150801, 'time_iter': 0.02437, 'mae': 0.14552, 'r2': 0.96709, 'spearmanr': 0.98204, 'mse': 0.04693, 'rmse': 0.21663}
> Epoch 45: took 102.6s (avg 106.7s) | Best so far: epoch 45	train_loss: 0.1487 train_mae: 0.1487	val_loss: 0.1496 val_mae: 0.1497	test_loss: 0.1455 test_mae: 0.1455
train: {'epoch': 46, 'time_epoch': 90.89541, 'eta': 4992.37783, 'eta_hours': 1.38677, 'loss': 0.14726479, 'lr': 0.00030332, 'params': 6150801, 'time_iter': 0.07202, 'mae': 0.14726, 'r2': 0.96729, 'spearmanr': 0.9826, 'mse': 0.04553, 'rmse': 0.21337}
val: {'epoch': 46, 'time_epoch': 4.78278, 'loss': 0.15019403, 'lr': 0, 'params': 6150801, 'time_iter': 0.0244, 'mae': 0.15019, 'r2': 0.96254, 'spearmanr': 0.98029, 'mse': 0.04869, 'rmse': 0.22066}
test: {'epoch': 46, 'time_epoch': 7.01076, 'loss': 0.14555487, 'lr': 0, 'params': 6150801, 'time_iter': 0.02434, 'mae': 0.14555, 'r2': 0.9673, 'spearmanr': 0.98234, 'mse': 0.04664, 'rmse': 0.21596}
> Epoch 46: took 102.9s (avg 106.6s) | Best so far: epoch 45	train_loss: 0.1487 train_mae: 0.1487	val_loss: 0.1496 val_mae: 0.1497	test_loss: 0.1455 test_mae: 0.1455
train: {'epoch': 47, 'time_epoch': 92.60171, 'eta': 4896.45509, 'eta_hours': 1.36013, 'loss': 0.14554512, 'lr': 0.00029522, 'params': 6150801, 'time_iter': 0.07338, 'mae': 0.14555, 'r2': 0.96798, 'spearmanr': 0.98291, 'mse': 0.04457, 'rmse': 0.21112}
val: {'epoch': 47, 'time_epoch': 4.79624, 'loss': 0.15613542, 'lr': 0, 'params': 6150801, 'time_iter': 0.02447, 'mae': 0.15614, 'r2': 0.95937, 'spearmanr': 0.97969, 'mse': 0.0528, 'rmse': 0.22979}
test: {'epoch': 47, 'time_epoch': 7.0381, 'loss': 0.15396707, 'lr': 0, 'params': 6150801, 'time_iter': 0.02444, 'mae': 0.15397, 'r2': 0.9634, 'spearmanr': 0.98174, 'mse': 0.0522, 'rmse': 0.22847}
> Epoch 47: took 104.6s (avg 106.5s) | Best so far: epoch 45	train_loss: 0.1487 train_mae: 0.1487	val_loss: 0.1496 val_mae: 0.1497	test_loss: 0.1455 test_mae: 0.1455
train: {'epoch': 48, 'time_epoch': 93.98032, 'eta': 4802.10278, 'eta_hours': 1.33392, 'loss': 0.14379504, 'lr': 0.00028707, 'params': 6150801, 'time_iter': 0.07447, 'mae': 0.1438, 'r2': 0.96872, 'spearmanr': 0.98325, 'mse': 0.04354, 'rmse': 0.20866}
val: {'epoch': 48, 'time_epoch': 4.78286, 'loss': 0.14815569, 'lr': 0, 'params': 6150801, 'time_iter': 0.0244, 'mae': 0.14816, 'r2': 0.96344, 'spearmanr': 0.98065, 'mse': 0.04751, 'rmse': 0.21798}
test: {'epoch': 48, 'time_epoch': 7.02064, 'loss': 0.14348267, 'lr': 0, 'params': 6150801, 'time_iter': 0.02438, 'mae': 0.14348, 'r2': 0.96785, 'spearmanr': 0.98244, 'mse': 0.04585, 'rmse': 0.21413}
> Epoch 48: took 106.0s (avg 106.5s) | Best so far: epoch 48	train_loss: 0.1438 train_mae: 0.1438	val_loss: 0.1482 val_mae: 0.1482	test_loss: 0.1435 test_mae: 0.1435
train: {'epoch': 49, 'time_epoch': 94.68452, 'eta': 4708.46954, 'eta_hours': 1.30791, 'loss': 0.14331015, 'lr': 0.00027887, 'params': 6150801, 'time_iter': 0.07503, 'mae': 0.14331, 'r2': 0.96887, 'spearmanr': 0.98348, 'mse': 0.04333, 'rmse': 0.20815}
val: {'epoch': 49, 'time_epoch': 4.74455, 'loss': 0.14520914, 'lr': 0, 'params': 6150801, 'time_iter': 0.02421, 'mae': 0.14521, 'r2': 0.96411, 'spearmanr': 0.98116, 'mse': 0.04664, 'rmse': 0.21597}
test: {'epoch': 49, 'time_epoch': 7.03741, 'loss': 0.14111235, 'lr': 0, 'params': 6150801, 'time_iter': 0.02444, 'mae': 0.14111, 'r2': 0.96823, 'spearmanr': 0.98313, 'mse': 0.0453, 'rmse': 0.21284}
> Epoch 49: took 106.7s (avg 106.5s) | Best so far: epoch 49	train_loss: 0.1433 train_mae: 0.1433	val_loss: 0.1452 val_mae: 0.1452	test_loss: 0.1411 test_mae: 0.1411
train: {'epoch': 50, 'time_epoch': 94.37194, 'eta': 4614.49475, 'eta_hours': 1.2818, 'loss': 0.14058251, 'lr': 0.00027064, 'params': 6150801, 'time_iter': 0.07478, 'mae': 0.14058, 'r2': 0.96969, 'spearmanr': 0.98387, 'mse': 0.04219, 'rmse': 0.2054}
val: {'epoch': 50, 'time_epoch': 4.7809, 'loss': 0.1644544, 'lr': 0, 'params': 6150801, 'time_iter': 0.02439, 'mae': 0.16445, 'r2': 0.96021, 'spearmanr': 0.97996, 'mse': 0.05172, 'rmse': 0.22743}
test: {'epoch': 50, 'time_epoch': 7.03248, 'loss': 0.15964233, 'lr': 0, 'params': 6150801, 'time_iter': 0.02442, 'mae': 0.15964, 'r2': 0.96501, 'spearmanr': 0.98181, 'mse': 0.0499, 'rmse': 0.22338}
> Epoch 50: took 106.4s (avg 106.5s) | Best so far: epoch 49	train_loss: 0.1433 train_mae: 0.1433	val_loss: 0.1452 val_mae: 0.1452	test_loss: 0.1411 test_mae: 0.1411
train: {'epoch': 51, 'time_epoch': 93.66046, 'eta': 4519.84794, 'eta_hours': 1.25551, 'loss': 0.13832254, 'lr': 0.0002624, 'params': 6150801, 'time_iter': 0.07422, 'mae': 0.13832, 'r2': 0.97053, 'spearmanr': 0.98432, 'mse': 0.04101, 'rmse': 0.20252}
val: {'epoch': 51, 'time_epoch': 4.78761, 'loss': 0.15858048, 'lr': 0, 'params': 6150801, 'time_iter': 0.02443, 'mae': 0.15858, 'r2': 0.96131, 'spearmanr': 0.97996, 'mse': 0.05029, 'rmse': 0.22426}
test: {'epoch': 51, 'time_epoch': 7.04719, 'loss': 0.15533424, 'lr': 0, 'params': 6150801, 'time_iter': 0.02447, 'mae': 0.15533, 'r2': 0.96576, 'spearmanr': 0.98203, 'mse': 0.04883, 'rmse': 0.22099}
> Epoch 51: took 105.7s (avg 106.5s) | Best so far: epoch 49	train_loss: 0.1433 train_mae: 0.1433	val_loss: 0.1452 val_mae: 0.1452	test_loss: 0.1411 test_mae: 0.1411
train: {'epoch': 52, 'time_epoch': 92.29911, 'eta': 4424.03112, 'eta_hours': 1.2289, 'loss': 0.1364992, 'lr': 0.00025413, 'params': 6150801, 'time_iter': 0.07314, 'mae': 0.1365, 'r2': 0.97121, 'spearmanr': 0.98469, 'mse': 0.04006, 'rmse': 0.20016}
val: {'epoch': 52, 'time_epoch': 4.73108, 'loss': 0.14621896, 'lr': 0, 'params': 6150801, 'time_iter': 0.02414, 'mae': 0.14622, 'r2': 0.96349, 'spearmanr': 0.98182, 'mse': 0.04746, 'rmse': 0.21785}
test: {'epoch': 52, 'time_epoch': 6.95177, 'loss': 0.14281485, 'lr': 0, 'params': 6150801, 'time_iter': 0.02414, 'mae': 0.14281, 'r2': 0.96731, 'spearmanr': 0.98357, 'mse': 0.04662, 'rmse': 0.21591}
> Epoch 52: took 104.2s (avg 106.5s) | Best so far: epoch 49	train_loss: 0.1433 train_mae: 0.1433	val_loss: 0.1452 val_mae: 0.1452	test_loss: 0.1411 test_mae: 0.1411
train: {'epoch': 53, 'time_epoch': 90.51273, 'eta': 4326.82285, 'eta_hours': 1.2019, 'loss': 0.13540447, 'lr': 0.00024587, 'params': 6150801, 'time_iter': 0.07172, 'mae': 0.1354, 'r2': 0.97158, 'spearmanr': 0.98486, 'mse': 0.03956, 'rmse': 0.19889}
val: {'epoch': 53, 'time_epoch': 4.77404, 'loss': 0.14375582, 'lr': 0, 'params': 6150801, 'time_iter': 0.02436, 'mae': 0.14376, 'r2': 0.96513, 'spearmanr': 0.98153, 'mse': 0.04533, 'rmse': 0.2129}
test: {'epoch': 53, 'time_epoch': 7.02715, 'loss': 0.13869626, 'lr': 0, 'params': 6150801, 'time_iter': 0.0244, 'mae': 0.1387, 'r2': 0.96913, 'spearmanr': 0.98337, 'mse': 0.04402, 'rmse': 0.20982}
> Epoch 53: took 102.5s (avg 106.4s) | Best so far: epoch 53	train_loss: 0.1354 train_mae: 0.1354	val_loss: 0.1438 val_mae: 0.1438	test_loss: 0.1387 test_mae: 0.1387
train: {'epoch': 54, 'time_epoch': 90.86336, 'eta': 4230.14493, 'eta_hours': 1.17504, 'loss': 0.13437802, 'lr': 0.0002376, 'params': 6150801, 'time_iter': 0.072, 'mae': 0.13438, 'r2': 0.97202, 'spearmanr': 0.98504, 'mse': 0.03895, 'rmse': 0.19735}
val: {'epoch': 54, 'time_epoch': 4.76976, 'loss': 0.1431517, 'lr': 0, 'params': 6150801, 'time_iter': 0.02434, 'mae': 0.14315, 'r2': 0.96605, 'spearmanr': 0.98198, 'mse': 0.04412, 'rmse': 0.21006}
test: {'epoch': 54, 'time_epoch': 7.01996, 'loss': 0.13920648, 'lr': 0, 'params': 6150801, 'time_iter': 0.02437, 'mae': 0.13921, 'r2': 0.96967, 'spearmanr': 0.9836, 'mse': 0.04325, 'rmse': 0.20796}
> Epoch 54: took 102.8s (avg 106.3s) | Best so far: epoch 54	train_loss: 0.1344 train_mae: 0.1344	val_loss: 0.1432 val_mae: 0.1431	test_loss: 0.1392 test_mae: 0.1392
train: {'epoch': 55, 'time_epoch': 95.54932, 'eta': 4137.3565, 'eta_hours': 1.14927, 'loss': 0.13241361, 'lr': 0.00022936, 'params': 6150801, 'time_iter': 0.07571, 'mae': 0.13241, 'r2': 0.97262, 'spearmanr': 0.98533, 'mse': 0.03811, 'rmse': 0.19522}
val: {'epoch': 55, 'time_epoch': 4.79136, 'loss': 0.14506583, 'lr': 0, 'params': 6150801, 'time_iter': 0.02445, 'mae': 0.14507, 'r2': 0.96558, 'spearmanr': 0.98143, 'mse': 0.04474, 'rmse': 0.21152}
test: {'epoch': 55, 'time_epoch': 7.02975, 'loss': 0.1410168, 'lr': 0, 'params': 6150801, 'time_iter': 0.02441, 'mae': 0.14102, 'r2': 0.96908, 'spearmanr': 0.98309, 'mse': 0.0441, 'rmse': 0.21}
> Epoch 55: took 107.6s (avg 106.3s) | Best so far: epoch 54	train_loss: 0.1344 train_mae: 0.1344	val_loss: 0.1432 val_mae: 0.1431	test_loss: 0.1392 test_mae: 0.1392
train: {'epoch': 56, 'time_epoch': 98.39669, 'eta': 4046.61922, 'eta_hours': 1.12406, 'loss': 0.13157031, 'lr': 0.00022113, 'params': 6150801, 'time_iter': 0.07797, 'mae': 0.13157, 'r2': 0.97297, 'spearmanr': 0.98552, 'mse': 0.03761, 'rmse': 0.19394}
val: {'epoch': 56, 'time_epoch': 4.77394, 'loss': 0.14030812, 'lr': 0, 'params': 6150801, 'time_iter': 0.02436, 'mae': 0.14031, 'r2': 0.96603, 'spearmanr': 0.98207, 'mse': 0.04415, 'rmse': 0.21012}
test: {'epoch': 56, 'time_epoch': 7.01068, 'loss': 0.13688864, 'lr': 0, 'params': 6150801, 'time_iter': 0.02434, 'mae': 0.13689, 'r2': 0.96946, 'spearmanr': 0.98378, 'mse': 0.04355, 'rmse': 0.20868}
> Epoch 56: took 110.4s (avg 106.4s) | Best so far: epoch 56	train_loss: 0.1316 train_mae: 0.1316	val_loss: 0.1403 val_mae: 0.1403	test_loss: 0.1369 test_mae: 0.1369
train: {'epoch': 57, 'time_epoch': 96.21451, 'eta': 3954.03761, 'eta_hours': 1.09834, 'loss': 0.12975119, 'lr': 0.00021293, 'params': 6150801, 'time_iter': 0.07624, 'mae': 0.12975, 'r2': 0.97354, 'spearmanr': 0.98587, 'mse': 0.03683, 'rmse': 0.19191}
val: {'epoch': 57, 'time_epoch': 4.79486, 'loss': 0.13988589, 'lr': 0, 'params': 6150801, 'time_iter': 0.02446, 'mae': 0.13989, 'r2': 0.96661, 'spearmanr': 0.98247, 'mse': 0.0434, 'rmse': 0.20832}
test: {'epoch': 57, 'time_epoch': 7.02486, 'loss': 0.13557458, 'lr': 0, 'params': 6150801, 'time_iter': 0.02439, 'mae': 0.13557, 'r2': 0.97013, 'spearmanr': 0.98406, 'mse': 0.04259, 'rmse': 0.20638}
> Epoch 57: took 108.2s (avg 106.4s) | Best so far: epoch 57	train_loss: 0.1298 train_mae: 0.1298	val_loss: 0.1399 val_mae: 0.1399	test_loss: 0.1356 test_mae: 0.1356
train: {'epoch': 58, 'time_epoch': 98.38566, 'eta': 3862.84162, 'eta_hours': 1.07301, 'loss': 0.12809972, 'lr': 0.00020478, 'params': 6150801, 'time_iter': 0.07796, 'mae': 0.1281, 'r2': 0.9741, 'spearmanr': 0.98616, 'mse': 0.03605, 'rmse': 0.18986}
val: {'epoch': 58, 'time_epoch': 6.35079, 'loss': 0.14547677, 'lr': 0, 'params': 6150801, 'time_iter': 0.0324, 'mae': 0.14548, 'r2': 0.96534, 'spearmanr': 0.98162, 'mse': 0.04505, 'rmse': 0.21224}
test: {'epoch': 58, 'time_epoch': 6.95555, 'loss': 0.14117982, 'lr': 0, 'params': 6150801, 'time_iter': 0.02415, 'mae': 0.14118, 'r2': 0.96943, 'spearmanr': 0.98345, 'mse': 0.0436, 'rmse': 0.20881}
> Epoch 58: took 111.9s (avg 106.5s) | Best so far: epoch 57	train_loss: 0.1298 train_mae: 0.1298	val_loss: 0.1399 val_mae: 0.1399	test_loss: 0.1356 test_mae: 0.1356
train: {'epoch': 59, 'time_epoch': 97.14388, 'eta': 3770.57813, 'eta_hours': 1.04738, 'loss': 0.12686084, 'lr': 0.00019668, 'params': 6150801, 'time_iter': 0.07698, 'mae': 0.12686, 'r2': 0.97448, 'spearmanr': 0.98635, 'mse': 0.03552, 'rmse': 0.18846}
val: {'epoch': 59, 'time_epoch': 4.80487, 'loss': 0.14472595, 'lr': 0, 'params': 6150801, 'time_iter': 0.02451, 'mae': 0.14473, 'r2': 0.96561, 'spearmanr': 0.98238, 'mse': 0.04469, 'rmse': 0.21141}
test: {'epoch': 59, 'time_epoch': 7.0422, 'loss': 0.13959369, 'lr': 0, 'params': 6150801, 'time_iter': 0.02445, 'mae': 0.13959, 'r2': 0.96942, 'spearmanr': 0.98403, 'mse': 0.04362, 'rmse': 0.20884}
> Epoch 59: took 109.2s (avg 106.6s) | Best so far: epoch 57	train_loss: 0.1298 train_mae: 0.1298	val_loss: 0.1399 val_mae: 0.1399	test_loss: 0.1356 test_mae: 0.1356
train: {'epoch': 60, 'time_epoch': 98.31369, 'eta': 3678.90253, 'eta_hours': 1.02192, 'loss': 0.12607356, 'lr': 0.00018863, 'params': 6150801, 'time_iter': 0.0779, 'mae': 0.12607, 'r2': 0.9747, 'spearmanr': 0.9865, 'mse': 0.03521, 'rmse': 0.18764}
val: {'epoch': 60, 'time_epoch': 4.7905, 'loss': 0.13952186, 'lr': 0, 'params': 6150801, 'time_iter': 0.02444, 'mae': 0.13952, 'r2': 0.9662, 'spearmanr': 0.98225, 'mse': 0.04393, 'rmse': 0.2096}
test: {'epoch': 60, 'time_epoch': 7.03422, 'loss': 0.13551426, 'lr': 0, 'params': 6150801, 'time_iter': 0.02442, 'mae': 0.13551, 'r2': 0.96973, 'spearmanr': 0.98402, 'mse': 0.04317, 'rmse': 0.20778}
> Epoch 60: took 110.3s (avg 106.6s) | Best so far: epoch 60	train_loss: 0.1261 train_mae: 0.1261	val_loss: 0.1395 val_mae: 0.1395	test_loss: 0.1355 test_mae: 0.1355
train: {'epoch': 61, 'time_epoch': 98.45321, 'eta': 3587.09831, 'eta_hours': 0.99642, 'loss': 0.12406335, 'lr': 0.00018065, 'params': 6150801, 'time_iter': 0.07801, 'mae': 0.12406, 'r2': 0.97542, 'spearmanr': 0.98688, 'mse': 0.03421, 'rmse': 0.18497}
val: {'epoch': 61, 'time_epoch': 4.79054, 'loss': 0.13934648, 'lr': 0, 'params': 6150801, 'time_iter': 0.02444, 'mae': 0.13935, 'r2': 0.96743, 'spearmanr': 0.98274, 'mse': 0.04233, 'rmse': 0.20574}
test: {'epoch': 61, 'time_epoch': 7.04049, 'loss': 0.13609859, 'lr': 0, 'params': 6150801, 'time_iter': 0.02445, 'mae': 0.1361, 'r2': 0.97043, 'spearmanr': 0.98413, 'mse': 0.04217, 'rmse': 0.20535}
> Epoch 61: took 110.5s (avg 106.7s) | Best so far: epoch 61	train_loss: 0.1241 train_mae: 0.1241	val_loss: 0.1393 val_mae: 0.1394	test_loss: 0.1361 test_mae: 0.1361
train: {'epoch': 62, 'time_epoch': 93.49689, 'eta': 3492.17216, 'eta_hours': 0.97005, 'loss': 0.12268002, 'lr': 0.00017275, 'params': 6150801, 'time_iter': 0.07409, 'mae': 0.12268, 'r2': 0.97581, 'spearmanr': 0.98708, 'mse': 0.03367, 'rmse': 0.18348}
val: {'epoch': 62, 'time_epoch': 4.77714, 'loss': 0.1430428, 'lr': 0, 'params': 6150801, 'time_iter': 0.02437, 'mae': 0.14304, 'r2': 0.96481, 'spearmanr': 0.982, 'mse': 0.04574, 'rmse': 0.21386}
test: {'epoch': 62, 'time_epoch': 7.02436, 'loss': 0.13932996, 'lr': 0, 'params': 6150801, 'time_iter': 0.02439, 'mae': 0.13933, 'r2': 0.96856, 'spearmanr': 0.98362, 'mse': 0.04483, 'rmse': 0.21173}
> Epoch 62: took 105.5s (avg 106.7s) | Best so far: epoch 61	train_loss: 0.1241 train_mae: 0.1241	val_loss: 0.1393 val_mae: 0.1394	test_loss: 0.1361 test_mae: 0.1361
train: {'epoch': 63, 'time_epoch': 90.80827, 'eta': 3395.77833, 'eta_hours': 0.94327, 'loss': 0.12157216, 'lr': 0.00016493, 'params': 6150801, 'time_iter': 0.07196, 'mae': 0.12157, 'r2': 0.97611, 'spearmanr': 0.98728, 'mse': 0.03324, 'rmse': 0.18233}
val: {'epoch': 63, 'time_epoch': 4.77815, 'loss': 0.13911031, 'lr': 0, 'params': 6150801, 'time_iter': 0.02438, 'mae': 0.13911, 'r2': 0.96639, 'spearmanr': 0.98261, 'mse': 0.04368, 'rmse': 0.209}
test: {'epoch': 63, 'time_epoch': 7.01569, 'loss': 0.13545205, 'lr': 0, 'params': 6150801, 'time_iter': 0.02436, 'mae': 0.13545, 'r2': 0.96993, 'spearmanr': 0.98413, 'mse': 0.04288, 'rmse': 0.20708}
> Epoch 63: took 102.8s (avg 106.6s) | Best so far: epoch 63	train_loss: 0.1216 train_mae: 0.1216	val_loss: 0.1391 val_mae: 0.1391	test_loss: 0.1355 test_mae: 0.1354
train: {'epoch': 64, 'time_epoch': 90.62946, 'eta': 3299.46008, 'eta_hours': 0.91652, 'loss': 0.12001275, 'lr': 0.0001572, 'params': 6150801, 'time_iter': 0.07181, 'mae': 0.12001, 'r2': 0.97659, 'spearmanr': 0.98751, 'mse': 0.03259, 'rmse': 0.18052}
val: {'epoch': 64, 'time_epoch': 4.78711, 'loss': 0.14116903, 'lr': 0, 'params': 6150801, 'time_iter': 0.02442, 'mae': 0.14117, 'r2': 0.96635, 'spearmanr': 0.98221, 'mse': 0.04374, 'rmse': 0.20913}
test: {'epoch': 64, 'time_epoch': 7.02612, 'loss': 0.13688491, 'lr': 0, 'params': 6150801, 'time_iter': 0.0244, 'mae': 0.13688, 'r2': 0.97049, 'spearmanr': 0.98415, 'mse': 0.04208, 'rmse': 0.20514}
> Epoch 64: took 102.6s (avg 106.6s) | Best so far: epoch 63	train_loss: 0.1216 train_mae: 0.1216	val_loss: 0.1391 val_mae: 0.1391	test_loss: 0.1355 test_mae: 0.1354
train: {'epoch': 65, 'time_epoch': 90.84056, 'eta': 3203.42296, 'eta_hours': 0.88984, 'loss': 0.11855421, 'lr': 0.00014958, 'params': 6150801, 'time_iter': 0.07198, 'mae': 0.11855, 'r2': 0.97701, 'spearmanr': 0.98774, 'mse': 0.032, 'rmse': 0.17889}
val: {'epoch': 65, 'time_epoch': 4.77614, 'loss': 0.13841389, 'lr': 0, 'params': 6150801, 'time_iter': 0.02437, 'mae': 0.13841, 'r2': 0.96732, 'spearmanr': 0.983, 'mse': 0.04248, 'rmse': 0.2061}
test: {'epoch': 65, 'time_epoch': 7.01608, 'loss': 0.13451385, 'lr': 0, 'params': 6150801, 'time_iter': 0.02436, 'mae': 0.13451, 'r2': 0.97122, 'spearmanr': 0.98467, 'mse': 0.04104, 'rmse': 0.20259}
> Epoch 65: took 102.8s (avg 106.5s) | Best so far: epoch 65	train_loss: 0.1186 train_mae: 0.1186	val_loss: 0.1384 val_mae: 0.1384	test_loss: 0.1345 test_mae: 0.1345
train: {'epoch': 66, 'time_epoch': 90.55663, 'eta': 3107.40112, 'eta_hours': 0.86317, 'loss': 0.11738926, 'lr': 0.00014206, 'params': 6150801, 'time_iter': 0.07176, 'mae': 0.11739, 'r2': 0.97747, 'spearmanr': 0.98796, 'mse': 0.03135, 'rmse': 0.17707}
val: {'epoch': 66, 'time_epoch': 4.78695, 'loss': 0.13677385, 'lr': 0, 'params': 6150801, 'time_iter': 0.02442, 'mae': 0.13677, 'r2': 0.96785, 'spearmanr': 0.98298, 'mse': 0.04179, 'rmse': 0.20444}
test: {'epoch': 66, 'time_epoch': 7.02833, 'loss': 0.13312414, 'lr': 0, 'params': 6150801, 'time_iter': 0.0244, 'mae': 0.13312, 'r2': 0.97137, 'spearmanr': 0.98464, 'mse': 0.04082, 'rmse': 0.20205}
> Epoch 66: took 102.6s (avg 106.4s) | Best so far: epoch 66	train_loss: 0.1174 train_mae: 0.1174	val_loss: 0.1368 val_mae: 0.1368	test_loss: 0.1331 test_mae: 0.1331
train: {'epoch': 67, 'time_epoch': 91.04048, 'eta': 3011.76771, 'eta_hours': 0.8366, 'loss': 0.11607012, 'lr': 0.00013466, 'params': 6150801, 'time_iter': 0.07214, 'mae': 0.11607, 'r2': 0.97775, 'spearmanr': 0.98811, 'mse': 0.03096, 'rmse': 0.17596}
val: {'epoch': 67, 'time_epoch': 4.78365, 'loss': 0.13490743, 'lr': 0, 'params': 6150801, 'time_iter': 0.02441, 'mae': 0.13491, 'r2': 0.96788, 'spearmanr': 0.98321, 'mse': 0.04175, 'rmse': 0.20434}
test: {'epoch': 67, 'time_epoch': 7.02263, 'loss': 0.13180414, 'lr': 0, 'params': 6150801, 'time_iter': 0.02438, 'mae': 0.1318, 'r2': 0.97108, 'spearmanr': 0.98484, 'mse': 0.04124, 'rmse': 0.20307}
> Epoch 67: took 103.0s (avg 106.4s) | Best so far: epoch 67	train_loss: 0.1161 train_mae: 0.1161	val_loss: 0.1349 val_mae: 0.1349	test_loss: 0.1318 test_mae: 0.1318
train: {'epoch': 68, 'time_epoch': 92.01503, 'eta': 2916.70528, 'eta_hours': 0.8102, 'loss': 0.11519301, 'lr': 0.00012739, 'params': 6150801, 'time_iter': 0.07291, 'mae': 0.11519, 'r2': 0.97814, 'spearmanr': 0.98829, 'mse': 0.03042, 'rmse': 0.17441}
val: {'epoch': 68, 'time_epoch': 4.7805, 'loss': 0.13943445, 'lr': 0, 'params': 6150801, 'time_iter': 0.02439, 'mae': 0.13943, 'r2': 0.96747, 'spearmanr': 0.98303, 'mse': 0.04228, 'rmse': 0.20563}
test: {'epoch': 68, 'time_epoch': 7.03106, 'loss': 0.13391224, 'lr': 0, 'params': 6150801, 'time_iter': 0.02441, 'mae': 0.13391, 'r2': 0.97147, 'spearmanr': 0.98476, 'mse': 0.04069, 'rmse': 0.20172}
> Epoch 68: took 104.0s (avg 106.4s) | Best so far: epoch 67	train_loss: 0.1161 train_mae: 0.1161	val_loss: 0.1349 val_mae: 0.1349	test_loss: 0.1318 test_mae: 0.1318
train: {'epoch': 69, 'time_epoch': 92.80391, 'eta': 2822.068, 'eta_hours': 0.78391, 'loss': 0.11346561, 'lr': 0.00012026, 'params': 6150801, 'time_iter': 0.07354, 'mae': 0.11347, 'r2': 0.97852, 'spearmanr': 0.98853, 'mse': 0.02989, 'rmse': 0.17289}
val: {'epoch': 69, 'time_epoch': 4.7791, 'loss': 0.13430249, 'lr': 0, 'params': 6150801, 'time_iter': 0.02438, 'mae': 0.1343, 'r2': 0.96827, 'spearmanr': 0.98319, 'mse': 0.04124, 'rmse': 0.20308}
test: {'epoch': 69, 'time_epoch': 7.02461, 'loss': 0.12999197, 'lr': 0, 'params': 6150801, 'time_iter': 0.02439, 'mae': 0.12999, 'r2': 0.9718, 'spearmanr': 0.98492, 'mse': 0.04021, 'rmse': 0.20053}
> Epoch 69: took 104.8s (avg 106.3s) | Best so far: epoch 69	train_loss: 0.1135 train_mae: 0.1135	val_loss: 0.1343 val_mae: 0.1343	test_loss: 0.1300 test_mae: 0.1300
train: {'epoch': 70, 'time_epoch': 91.9411, 'eta': 2727.12995, 'eta_hours': 0.75754, 'loss': 0.11286667, 'lr': 0.00011326, 'params': 6150801, 'time_iter': 0.07285, 'mae': 0.11287, 'r2': 0.97875, 'spearmanr': 0.98863, 'mse': 0.02958, 'rmse': 0.17198}
val: {'epoch': 70, 'time_epoch': 4.79302, 'loss': 0.13373455, 'lr': 0, 'params': 6150801, 'time_iter': 0.02445, 'mae': 0.13373, 'r2': 0.96835, 'spearmanr': 0.98333, 'mse': 0.04114, 'rmse': 0.20284}
test: {'epoch': 70, 'time_epoch': 7.03997, 'loss': 0.1294317, 'lr': 0, 'params': 6150801, 'time_iter': 0.02444, 'mae': 0.12943, 'r2': 0.97181, 'spearmanr': 0.98493, 'mse': 0.04021, 'rmse': 0.20051}
> Epoch 70: took 104.0s (avg 106.3s) | Best so far: epoch 70	train_loss: 0.1129 train_mae: 0.1129	val_loss: 0.1337 val_mae: 0.1337	test_loss: 0.1294 test_mae: 0.1294
train: {'epoch': 71, 'time_epoch': 92.12748, 'eta': 2632.34763, 'eta_hours': 0.73121, 'loss': 0.11184955, 'lr': 0.00010642, 'params': 6150801, 'time_iter': 0.073, 'mae': 0.11185, 'r2': 0.97904, 'spearmanr': 0.98876, 'mse': 0.02917, 'rmse': 0.1708}
val: {'epoch': 71, 'time_epoch': 4.76927, 'loss': 0.13332746, 'lr': 0, 'params': 6150801, 'time_iter': 0.02433, 'mae': 0.13333, 'r2': 0.96827, 'spearmanr': 0.98314, 'mse': 0.04125, 'rmse': 0.2031}
test: {'epoch': 71, 'time_epoch': 7.01477, 'loss': 0.12961039, 'lr': 0, 'params': 6150801, 'time_iter': 0.02436, 'mae': 0.12961, 'r2': 0.97169, 'spearmanr': 0.98487, 'mse': 0.04038, 'rmse': 0.20094}
> Epoch 71: took 104.1s (avg 106.3s) | Best so far: epoch 71	train_loss: 0.1118 train_mae: 0.1119	val_loss: 0.1333 val_mae: 0.1333	test_loss: 0.1296 test_mae: 0.1296
train: {'epoch': 72, 'time_epoch': 90.3052, 'eta': 2536.96406, 'eta_hours': 0.70471, 'loss': 0.11050102, 'lr': 9.973e-05, 'params': 6150801, 'time_iter': 0.07156, 'mae': 0.1105, 'r2': 0.97939, 'spearmanr': 0.98896, 'mse': 0.02869, 'rmse': 0.16937}
val: {'epoch': 72, 'time_epoch': 4.7805, 'loss': 0.13317185, 'lr': 0, 'params': 6150801, 'time_iter': 0.02439, 'mae': 0.13317, 'r2': 0.96852, 'spearmanr': 0.98346, 'mse': 0.04092, 'rmse': 0.20228}
test: {'epoch': 72, 'time_epoch': 7.05289, 'loss': 0.12959695, 'lr': 0, 'params': 6150801, 'time_iter': 0.02449, 'mae': 0.1296, 'r2': 0.97181, 'spearmanr': 0.98501, 'mse': 0.0402, 'rmse': 0.20051}
> Epoch 72: took 102.3s (avg 106.2s) | Best so far: epoch 72	train_loss: 0.1105 train_mae: 0.1105	val_loss: 0.1332 val_mae: 0.1332	test_loss: 0.1296 test_mae: 0.1296
train: {'epoch': 73, 'time_epoch': 93.39557, 'eta': 2442.80354, 'eta_hours': 0.67856, 'loss': 0.10986902, 'lr': 9.321e-05, 'params': 6150801, 'time_iter': 0.07401, 'mae': 0.10987, 'r2': 0.97957, 'spearmanr': 0.98907, 'mse': 0.02843, 'rmse': 0.16862}
val: {'epoch': 73, 'time_epoch': 4.77775, 'loss': 0.13272388, 'lr': 0, 'params': 6150801, 'time_iter': 0.02438, 'mae': 0.13272, 'r2': 0.96842, 'spearmanr': 0.98357, 'mse': 0.04105, 'rmse': 0.20261}
test: {'epoch': 73, 'time_epoch': 7.03556, 'loss': 0.1292519, 'lr': 0, 'params': 6150801, 'time_iter': 0.02443, 'mae': 0.12925, 'r2': 0.97165, 'spearmanr': 0.98514, 'mse': 0.04044, 'rmse': 0.20109}
> Epoch 73: took 105.4s (avg 106.2s) | Best so far: epoch 73	train_loss: 0.1099 train_mae: 0.1099	val_loss: 0.1327 val_mae: 0.1327	test_loss: 0.1293 test_mae: 0.1293
train: {'epoch': 74, 'time_epoch': 96.39769, 'eta': 2349.66413, 'eta_hours': 0.65268, 'loss': 0.10916988, 'lr': 8.685e-05, 'params': 6150801, 'time_iter': 0.07638, 'mae': 0.10917, 'r2': 0.97981, 'spearmanr': 0.98917, 'mse': 0.0281, 'rmse': 0.16763}
val: {'epoch': 74, 'time_epoch': 4.77671, 'loss': 0.13271169, 'lr': 0, 'params': 6150801, 'time_iter': 0.02437, 'mae': 0.13271, 'r2': 0.96856, 'spearmanr': 0.98334, 'mse': 0.04087, 'rmse': 0.20216}
test: {'epoch': 74, 'time_epoch': 7.03204, 'loss': 0.12896906, 'lr': 0, 'params': 6150801, 'time_iter': 0.02442, 'mae': 0.12897, 'r2': 0.97182, 'spearmanr': 0.98503, 'mse': 0.04018, 'rmse': 0.20045}
> Epoch 74: took 108.4s (avg 106.2s) | Best so far: epoch 74	train_loss: 0.1092 train_mae: 0.1092	val_loss: 0.1327 val_mae: 0.1327	test_loss: 0.1290 test_mae: 0.1290
train: {'epoch': 75, 'time_epoch': 94.93594, 'eta': 2255.97736, 'eta_hours': 0.62666, 'loss': 0.10802649, 'lr': 8.068e-05, 'params': 6150801, 'time_iter': 0.07523, 'mae': 0.10803, 'r2': 0.98003, 'spearmanr': 0.9893, 'mse': 0.02779, 'rmse': 0.1667}
val: {'epoch': 75, 'time_epoch': 4.78225, 'loss': 0.13181523, 'lr': 0, 'params': 6150801, 'time_iter': 0.0244, 'mae': 0.13182, 'r2': 0.96905, 'spearmanr': 0.98355, 'mse': 0.04023, 'rmse': 0.20058}
test: {'epoch': 75, 'time_epoch': 7.00735, 'loss': 0.12762428, 'lr': 0, 'params': 6150801, 'time_iter': 0.02433, 'mae': 0.12762, 'r2': 0.97241, 'spearmanr': 0.98521, 'mse': 0.03935, 'rmse': 0.19837}
> Epoch 75: took 106.9s (avg 106.2s) | Best so far: epoch 75	train_loss: 0.1080 train_mae: 0.1080	val_loss: 0.1318 val_mae: 0.1318	test_loss: 0.1276 test_mae: 0.1276
train: {'epoch': 76, 'time_epoch': 97.80595, 'eta': 2163.11543, 'eta_hours': 0.60087, 'loss': 0.10699168, 'lr': 7.469e-05, 'params': 6150801, 'time_iter': 0.0775, 'mae': 0.10699, 'r2': 0.98037, 'spearmanr': 0.98946, 'mse': 0.02733, 'rmse': 0.16531}
val: {'epoch': 76, 'time_epoch': 4.76324, 'loss': 0.1329231, 'lr': 0, 'params': 6150801, 'time_iter': 0.0243, 'mae': 0.13292, 'r2': 0.96868, 'spearmanr': 0.98349, 'mse': 0.04071, 'rmse': 0.20176}
test: {'epoch': 76, 'time_epoch': 7.01485, 'loss': 0.12875017, 'lr': 0, 'params': 6150801, 'time_iter': 0.02436, 'mae': 0.12875, 'r2': 0.97205, 'spearmanr': 0.98516, 'mse': 0.03987, 'rmse': 0.19966}
> Epoch 76: took 109.8s (avg 106.3s) | Best so far: epoch 75	train_loss: 0.1080 train_mae: 0.1080	val_loss: 0.1318 val_mae: 0.1318	test_loss: 0.1276 test_mae: 0.1276
train: {'epoch': 77, 'time_epoch': 97.13219, 'eta': 2069.93669, 'eta_hours': 0.57498, 'loss': 0.1057685, 'lr': 6.889e-05, 'params': 6150801, 'time_iter': 0.07697, 'mae': 0.10577, 'r2': 0.98062, 'spearmanr': 0.98962, 'mse': 0.02698, 'rmse': 0.16425}
val: {'epoch': 77, 'time_epoch': 4.75523, 'loss': 0.13427415, 'lr': 0, 'params': 6150801, 'time_iter': 0.02426, 'mae': 0.13427, 'r2': 0.96869, 'spearmanr': 0.98346, 'mse': 0.04069, 'rmse': 0.20172}
test: {'epoch': 77, 'time_epoch': 7.01008, 'loss': 0.13072322, 'lr': 0, 'params': 6150801, 'time_iter': 0.02434, 'mae': 0.13072, 'r2': 0.97189, 'spearmanr': 0.98489, 'mse': 0.04009, 'rmse': 0.20023}
> Epoch 77: took 109.1s (avg 106.3s) | Best so far: epoch 75	train_loss: 0.1080 train_mae: 0.1080	val_loss: 0.1318 val_mae: 0.1318	test_loss: 0.1276 test_mae: 0.1276
train: {'epoch': 78, 'time_epoch': 87.65498, 'eta': 1974.13861, 'eta_hours': 0.54837, 'loss': 0.10506718, 'lr': 6.329e-05, 'params': 6150801, 'time_iter': 0.06946, 'mae': 0.10507, 'r2': 0.98081, 'spearmanr': 0.98971, 'mse': 0.02671, 'rmse': 0.16344}
val: {'epoch': 78, 'time_epoch': 4.8124, 'loss': 0.13194682, 'lr': 0, 'params': 6150801, 'time_iter': 0.02455, 'mae': 0.13195, 'r2': 0.96905, 'spearmanr': 0.98364, 'mse': 0.04023, 'rmse': 0.20058}
test: {'epoch': 78, 'time_epoch': 7.05963, 'loss': 0.1284294, 'lr': 0, 'params': 6150801, 'time_iter': 0.02451, 'mae': 0.12843, 'r2': 0.97232, 'spearmanr': 0.98518, 'mse': 0.03947, 'rmse': 0.19866}
> Epoch 78: took 99.7s (avg 106.2s) | Best so far: epoch 75	train_loss: 0.1080 train_mae: 0.1080	val_loss: 0.1318 val_mae: 0.1318	test_loss: 0.1276 test_mae: 0.1276
train: {'epoch': 79, 'time_epoch': 81.56949, 'eta': 1877.02273, 'eta_hours': 0.5214, 'loss': 0.10419017, 'lr': 5.79e-05, 'params': 6150801, 'time_iter': 0.06464, 'mae': 0.10419, 'r2': 0.98102, 'spearmanr': 0.98984, 'mse': 0.02642, 'rmse': 0.16253}
val: {'epoch': 79, 'time_epoch': 4.82448, 'loss': 0.13303246, 'lr': 0, 'params': 6150801, 'time_iter': 0.02461, 'mae': 0.13303, 'r2': 0.96836, 'spearmanr': 0.98366, 'mse': 0.04113, 'rmse': 0.2028}
test: {'epoch': 79, 'time_epoch': 7.0792, 'loss': 0.12968783, 'lr': 0, 'params': 6150801, 'time_iter': 0.02458, 'mae': 0.12969, 'r2': 0.97149, 'spearmanr': 0.98523, 'mse': 0.04065, 'rmse': 0.20163}
> Epoch 79: took 93.7s (avg 106.1s) | Best so far: epoch 75	train_loss: 0.1080 train_mae: 0.1080	val_loss: 0.1318 val_mae: 0.1318	test_loss: 0.1276 test_mae: 0.1276
train: {'epoch': 80, 'time_epoch': 81.67684, 'eta': 1780.3159, 'eta_hours': 0.49453, 'loss': 0.10373373, 'lr': 5.271e-05, 'params': 6150801, 'time_iter': 0.06472, 'mae': 0.10373, 'r2': 0.98117, 'spearmanr': 0.98991, 'mse': 0.02621, 'rmse': 0.1619}
val: {'epoch': 80, 'time_epoch': 4.81577, 'loss': 0.13114583, 'lr': 0, 'params': 6150801, 'time_iter': 0.02457, 'mae': 0.13115, 'r2': 0.96924, 'spearmanr': 0.98377, 'mse': 0.03998, 'rmse': 0.19995}
test: {'epoch': 80, 'time_epoch': 8.62703, 'loss': 0.1273942, 'lr': 0, 'params': 6150801, 'time_iter': 0.02995, 'mae': 0.12739, 'r2': 0.97236, 'spearmanr': 0.98523, 'mse': 0.03942, 'rmse': 0.19853}
> Epoch 80: took 95.3s (avg 106.0s) | Best so far: epoch 80	train_loss: 0.1037 train_mae: 0.1037	val_loss: 0.1311 val_mae: 0.1311	test_loss: 0.1274 test_mae: 0.1274
train: {'epoch': 81, 'time_epoch': 81.61336, 'eta': 1683.96171, 'eta_hours': 0.46777, 'loss': 0.10283077, 'lr': 4.775e-05, 'params': 6150801, 'time_iter': 0.06467, 'mae': 0.10283, 'r2': 0.98138, 'spearmanr': 0.99003, 'mse': 0.02592, 'rmse': 0.16099}
val: {'epoch': 81, 'time_epoch': 4.80734, 'loss': 0.13200771, 'lr': 0, 'params': 6150801, 'time_iter': 0.02453, 'mae': 0.13201, 'r2': 0.96885, 'spearmanr': 0.98376, 'mse': 0.04048, 'rmse': 0.20121}
test: {'epoch': 81, 'time_epoch': 7.05829, 'loss': 0.12869248, 'lr': 0, 'params': 6150801, 'time_iter': 0.02451, 'mae': 0.12869, 'r2': 0.97177, 'spearmanr': 0.9852, 'mse': 0.04025, 'rmse': 0.20063}
> Epoch 81: took 93.7s (avg 105.8s) | Best so far: epoch 80	train_loss: 0.1037 train_mae: 0.1037	val_loss: 0.1311 val_mae: 0.1311	test_loss: 0.1274 test_mae: 0.1274
train: {'epoch': 82, 'time_epoch': 81.53982, 'eta': 1587.94766, 'eta_hours': 0.4411, 'loss': 0.10242029, 'lr': 4.3e-05, 'params': 6150801, 'time_iter': 0.06461, 'mae': 0.10242, 'r2': 0.9815, 'spearmanr': 0.99006, 'mse': 0.02575, 'rmse': 0.16048}
val: {'epoch': 82, 'time_epoch': 4.89295, 'loss': 0.13071238, 'lr': 0, 'params': 6150801, 'time_iter': 0.02496, 'mae': 0.13071, 'r2': 0.96911, 'spearmanr': 0.98373, 'mse': 0.04015, 'rmse': 0.20037}
test: {'epoch': 82, 'time_epoch': 7.1757, 'loss': 0.12707175, 'lr': 0, 'params': 6150801, 'time_iter': 0.02492, 'mae': 0.12707, 'r2': 0.97218, 'spearmanr': 0.98529, 'mse': 0.03968, 'rmse': 0.19919}
> Epoch 82: took 93.8s (avg 105.7s) | Best so far: epoch 82	train_loss: 0.1024 train_mae: 0.1024	val_loss: 0.1307 val_mae: 0.1307	test_loss: 0.1271 test_mae: 0.1271
train: {'epoch': 83, 'time_epoch': 100.52184, 'eta': 1495.89387, 'eta_hours': 0.41553, 'loss': 0.10163472, 'lr': 3.848e-05, 'params': 6150801, 'time_iter': 0.07965, 'mae': 0.10163, 'r2': 0.98168, 'spearmanr': 0.99018, 'mse': 0.0255, 'rmse': 0.15969}
val: {'epoch': 83, 'time_epoch': 4.95984, 'loss': 0.1308721, 'lr': 0, 'params': 6150801, 'time_iter': 0.02531, 'mae': 0.13087, 'r2': 0.96925, 'spearmanr': 0.98375, 'mse': 0.03997, 'rmse': 0.19993}
test: {'epoch': 83, 'time_epoch': 7.27907, 'loss': 0.12725541, 'lr': 0, 'params': 6150801, 'time_iter': 0.02527, 'mae': 0.12726, 'r2': 0.97242, 'spearmanr': 0.98525, 'mse': 0.03933, 'rmse': 0.19832}
> Epoch 83: took 113.0s (avg 105.7s) | Best so far: epoch 82	train_loss: 0.1024 train_mae: 0.1024	val_loss: 0.1307 val_mae: 0.1307	test_loss: 0.1271 test_mae: 0.1271
train: {'epoch': 84, 'time_epoch': 99.62873, 'eta': 1403.48321, 'eta_hours': 0.38986, 'loss': 0.10100392, 'lr': 3.419e-05, 'params': 6150801, 'time_iter': 0.07895, 'mae': 0.101, 'r2': 0.98182, 'spearmanr': 0.99024, 'mse': 0.0253, 'rmse': 0.15905}
val: {'epoch': 84, 'time_epoch': 5.06412, 'loss': 0.13059109, 'lr': 0, 'params': 6150801, 'time_iter': 0.02584, 'mae': 0.13059, 'r2': 0.96929, 'spearmanr': 0.9838, 'mse': 0.03992, 'rmse': 0.1998}
test: {'epoch': 84, 'time_epoch': 7.37246, 'loss': 0.12679986, 'lr': 0, 'params': 6150801, 'time_iter': 0.0256, 'mae': 0.1268, 'r2': 0.97245, 'spearmanr': 0.98534, 'mse': 0.03929, 'rmse': 0.19822}
> Epoch 84: took 112.3s (avg 105.8s) | Best so far: epoch 84	train_loss: 0.1010 train_mae: 0.1010	val_loss: 0.1306 val_mae: 0.1306	test_loss: 0.1268 test_mae: 0.1268
train: {'epoch': 85, 'time_epoch': 101.88699, 'eta': 1311.27232, 'eta_hours': 0.36424, 'loss': 0.10070511, 'lr': 3.013e-05, 'params': 6150801, 'time_iter': 0.08073, 'mae': 0.10071, 'r2': 0.9819, 'spearmanr': 0.99027, 'mse': 0.02519, 'rmse': 0.15872}
val: {'epoch': 85, 'time_epoch': 5.01973, 'loss': 0.13158296, 'lr': 0, 'params': 6150801, 'time_iter': 0.02561, 'mae': 0.13158, 'r2': 0.96923, 'spearmanr': 0.9838, 'mse': 0.04, 'rmse': 0.19999}
test: {'epoch': 85, 'time_epoch': 7.34662, 'loss': 0.12767524, 'lr': 0, 'params': 6150801, 'time_iter': 0.02551, 'mae': 0.12768, 'r2': 0.97249, 'spearmanr': 0.98532, 'mse': 0.03923, 'rmse': 0.19808}
> Epoch 85: took 114.4s (avg 105.9s) | Best so far: epoch 84	train_loss: 0.1010 train_mae: 0.1010	val_loss: 0.1306 val_mae: 0.1306	test_loss: 0.1268 test_mae: 0.1268
train: {'epoch': 86, 'time_epoch': 111.99618, 'eta': 1220.34955, 'eta_hours': 0.33899, 'loss': 0.09995855, 'lr': 2.632e-05, 'params': 6150801, 'time_iter': 0.08874, 'mae': 0.09996, 'r2': 0.98205, 'spearmanr': 0.99036, 'mse': 0.02498, 'rmse': 0.15807}
val: {'epoch': 86, 'time_epoch': 5.03131, 'loss': 0.13090507, 'lr': 0, 'params': 6150801, 'time_iter': 0.02567, 'mae': 0.13091, 'r2': 0.96943, 'spearmanr': 0.98379, 'mse': 0.03973, 'rmse': 0.19933}
test: {'epoch': 86, 'time_epoch': 7.33511, 'loss': 0.12718603, 'lr': 0, 'params': 6150801, 'time_iter': 0.02547, 'mae': 0.12719, 'r2': 0.97252, 'spearmanr': 0.98526, 'mse': 0.03918, 'rmse': 0.19795}
> Epoch 86: took 124.6s (avg 106.1s) | Best so far: epoch 84	train_loss: 0.1010 train_mae: 0.1010	val_loss: 0.1306 val_mae: 0.1306	test_loss: 0.1268 test_mae: 0.1268
train: {'epoch': 87, 'time_epoch': 94.10446, 'eta': 1126.50807, 'eta_hours': 0.31292, 'loss': 0.09947842, 'lr': 2.275e-05, 'params': 6150801, 'time_iter': 0.07457, 'mae': 0.09948, 'r2': 0.98216, 'spearmanr': 0.99044, 'mse': 0.02483, 'rmse': 0.15757}
val: {'epoch': 87, 'time_epoch': 5.00047, 'loss': 0.13047184, 'lr': 0, 'params': 6150801, 'time_iter': 0.02551, 'mae': 0.13047, 'r2': 0.96917, 'spearmanr': 0.98381, 'mse': 0.04007, 'rmse': 0.20018}
test: {'epoch': 87, 'time_epoch': 7.3328, 'loss': 0.12710185, 'lr': 0, 'params': 6150801, 'time_iter': 0.02546, 'mae': 0.1271, 'r2': 0.97223, 'spearmanr': 0.98533, 'mse': 0.0396, 'rmse': 0.19899}
> Epoch 87: took 106.6s (avg 106.1s) | Best so far: epoch 87	train_loss: 0.0995 train_mae: 0.0995	val_loss: 0.1305 val_mae: 0.1305	test_loss: 0.1271 test_mae: 0.1271
train: {'epoch': 88, 'time_epoch': 89.24578, 'eta': 1032.06016, 'eta_hours': 0.28668, 'loss': 0.09915938, 'lr': 1.943e-05, 'params': 6150801, 'time_iter': 0.07072, 'mae': 0.09916, 'r2': 0.98225, 'spearmanr': 0.99047, 'mse': 0.0247, 'rmse': 0.15715}
val: {'epoch': 88, 'time_epoch': 5.09626, 'loss': 0.13019351, 'lr': 0, 'params': 6150801, 'time_iter': 0.026, 'mae': 0.13019, 'r2': 0.96928, 'spearmanr': 0.9838, 'mse': 0.03993, 'rmse': 0.19981}
test: {'epoch': 88, 'time_epoch': 7.26384, 'loss': 0.12640876, 'lr': 0, 'params': 6150801, 'time_iter': 0.02522, 'mae': 0.12641, 'r2': 0.97251, 'spearmanr': 0.98536, 'mse': 0.03921, 'rmse': 0.19801}
> Epoch 88: took 101.8s (avg 106.1s) | Best so far: epoch 88	train_loss: 0.0992 train_mae: 0.0992	val_loss: 0.1302 val_mae: 0.1302	test_loss: 0.1264 test_mae: 0.1264
train: {'epoch': 89, 'time_epoch': 104.16011, 'eta': 939.385, 'eta_hours': 0.26094, 'loss': 0.09886757, 'lr': 1.636e-05, 'params': 6150801, 'time_iter': 0.08254, 'mae': 0.09887, 'r2': 0.98232, 'spearmanr': 0.9905, 'mse': 0.02461, 'rmse': 0.15687}
val: {'epoch': 89, 'time_epoch': 4.88253, 'loss': 0.1301956, 'lr': 0, 'params': 6150801, 'time_iter': 0.02491, 'mae': 0.1302, 'r2': 0.96924, 'spearmanr': 0.98387, 'mse': 0.03998, 'rmse': 0.19996}
test: {'epoch': 89, 'time_epoch': 7.16286, 'loss': 0.12674644, 'lr': 0, 'params': 6150801, 'time_iter': 0.02487, 'mae': 0.12675, 'r2': 0.97228, 'spearmanr': 0.98539, 'mse': 0.03953, 'rmse': 0.19881}
> Epoch 89: took 116.4s (avg 106.2s) | Best so far: epoch 88	train_loss: 0.0992 train_mae: 0.0992	val_loss: 0.1302 val_mae: 0.1302	test_loss: 0.1264 test_mae: 0.1264
train: {'epoch': 90, 'time_epoch': 103.16041, 'eta': 846.35856, 'eta_hours': 0.2351, 'loss': 0.09844176, 'lr': 1.355e-05, 'params': 6150801, 'time_iter': 0.08174, 'mae': 0.09844, 'r2': 0.98239, 'spearmanr': 0.99055, 'mse': 0.02451, 'rmse': 0.15655}
val: {'epoch': 90, 'time_epoch': 4.8768, 'loss': 0.13034829, 'lr': 0, 'params': 6150801, 'time_iter': 0.02488, 'mae': 0.13035, 'r2': 0.96925, 'spearmanr': 0.98384, 'mse': 0.03997, 'rmse': 0.19994}
test: {'epoch': 90, 'time_epoch': 7.18125, 'loss': 0.12693048, 'lr': 0, 'params': 6150801, 'time_iter': 0.02493, 'mae': 0.12693, 'r2': 0.97227, 'spearmanr': 0.98536, 'mse': 0.03954, 'rmse': 0.19884}
> Epoch 90: took 115.4s (avg 106.3s) | Best so far: epoch 88	train_loss: 0.0992 train_mae: 0.0992	val_loss: 0.1302 val_mae: 0.1302	test_loss: 0.1264 test_mae: 0.1264
train: {'epoch': 91, 'time_epoch': 101.32636, 'eta': 752.95233, 'eta_hours': 0.20915, 'loss': 0.09811341, 'lr': 1.099e-05, 'params': 6150801, 'time_iter': 0.08029, 'mae': 0.09811, 'r2': 0.98248, 'spearmanr': 0.99058, 'mse': 0.02439, 'rmse': 0.15616}
val: {'epoch': 91, 'time_epoch': 4.88053, 'loss': 0.12989473, 'lr': 0, 'params': 6150801, 'time_iter': 0.0249, 'mae': 0.12989, 'r2': 0.96942, 'spearmanr': 0.98383, 'mse': 0.03974, 'rmse': 0.19935}
test: {'epoch': 91, 'time_epoch': 7.1747, 'loss': 0.12614072, 'lr': 0, 'params': 6150801, 'time_iter': 0.02491, 'mae': 0.12614, 'r2': 0.97262, 'spearmanr': 0.98539, 'mse': 0.03905, 'rmse': 0.19761}
> Epoch 91: took 113.6s (avg 106.4s) | Best so far: epoch 91	train_loss: 0.0981 train_mae: 0.0981	val_loss: 0.1299 val_mae: 0.1299	test_loss: 0.1261 test_mae: 0.1261
train: {'epoch': 92, 'time_epoch': 101.25998, 'eta': 659.37078, 'eta_hours': 0.18316, 'loss': 0.09794874, 'lr': 8.7e-06, 'params': 6150801, 'time_iter': 0.08024, 'mae': 0.09795, 'r2': 0.98251, 'spearmanr': 0.9906, 'mse': 0.02434, 'rmse': 0.15601}
val: {'epoch': 92, 'time_epoch': 4.88334, 'loss': 0.13283335, 'lr': 0, 'params': 6150801, 'time_iter': 0.02491, 'mae': 0.13283, 'r2': 0.96889, 'spearmanr': 0.98388, 'mse': 0.04044, 'rmse': 0.2011}
test: {'epoch': 92, 'time_epoch': 7.17564, 'loss': 0.12895097, 'lr': 0, 'params': 6150801, 'time_iter': 0.02492, 'mae': 0.12895, 'r2': 0.9722, 'spearmanr': 0.98538, 'mse': 0.03964, 'rmse': 0.19909}
> Epoch 92: took 113.5s (avg 106.5s) | Best so far: epoch 91	train_loss: 0.0981 train_mae: 0.0981	val_loss: 0.1299 val_mae: 0.1299	test_loss: 0.1261 test_mae: 0.1261
train: {'epoch': 93, 'time_epoch': 105.65986, 'eta': 565.9067, 'eta_hours': 0.1572, 'loss': 0.09776509, 'lr': 6.67e-06, 'params': 6150801, 'time_iter': 0.08372, 'mae': 0.09777, 'r2': 0.98259, 'spearmanr': 0.99063, 'mse': 0.02423, 'rmse': 0.15566}
val: {'epoch': 93, 'time_epoch': 4.88664, 'loss': 0.12987607, 'lr': 0, 'params': 6150801, 'time_iter': 0.02493, 'mae': 0.12988, 'r2': 0.96938, 'spearmanr': 0.98385, 'mse': 0.0398, 'rmse': 0.19951}
test: {'epoch': 93, 'time_epoch': 7.14896, 'loss': 0.12627957, 'lr': 0, 'params': 6150801, 'time_iter': 0.02482, 'mae': 0.12628, 'r2': 0.97249, 'spearmanr': 0.98538, 'mse': 0.03923, 'rmse': 0.19808}
> Epoch 93: took 117.9s (avg 106.6s) | Best so far: epoch 93	train_loss: 0.0978 train_mae: 0.0978	val_loss: 0.1299 val_mae: 0.1299	test_loss: 0.1263 test_mae: 0.1263
train: {'epoch': 94, 'time_epoch': 93.95997, 'eta': 471.57008, 'eta_hours': 0.13099, 'loss': 0.09755504, 'lr': 4.91e-06, 'params': 6150801, 'time_iter': 0.07445, 'mae': 0.09756, 'r2': 0.98263, 'spearmanr': 0.99067, 'mse': 0.02417, 'rmse': 0.15548}
val: {'epoch': 94, 'time_epoch': 4.84244, 'loss': 0.12969545, 'lr': 0, 'params': 6150801, 'time_iter': 0.02471, 'mae': 0.1297, 'r2': 0.96953, 'spearmanr': 0.9839, 'mse': 0.03961, 'rmse': 0.19901}
test: {'epoch': 94, 'time_epoch': 7.09942, 'loss': 0.12616452, 'lr': 0, 'params': 6150801, 'time_iter': 0.02465, 'mae': 0.12616, 'r2': 0.97254, 'spearmanr': 0.98537, 'mse': 0.03917, 'rmse': 0.1979}
> Epoch 94: took 106.1s (avg 106.6s) | Best so far: epoch 94	train_loss: 0.0976 train_mae: 0.0976	val_loss: 0.1297 val_mae: 0.1297	test_loss: 0.1262 test_mae: 0.1262
train: {'epoch': 95, 'time_epoch': 98.16562, 'eta': 377.41655, 'eta_hours': 0.10484, 'loss': 0.09725207, 'lr': 3.41e-06, 'params': 6150801, 'time_iter': 0.07779, 'mae': 0.09725, 'r2': 0.98269, 'spearmanr': 0.9907, 'mse': 0.0241, 'rmse': 0.15524}
val: {'epoch': 95, 'time_epoch': 4.8616, 'loss': 0.12989163, 'lr': 0, 'params': 6150801, 'time_iter': 0.0248, 'mae': 0.12989, 'r2': 0.96946, 'spearmanr': 0.98387, 'mse': 0.03969, 'rmse': 0.19923}
test: {'epoch': 95, 'time_epoch': 7.13605, 'loss': 0.12623691, 'lr': 0, 'params': 6150801, 'time_iter': 0.02478, 'mae': 0.12624, 'r2': 0.97255, 'spearmanr': 0.98534, 'mse': 0.03914, 'rmse': 0.19784}
> Epoch 95: took 110.4s (avg 106.6s) | Best so far: epoch 94	train_loss: 0.0976 train_mae: 0.0976	val_loss: 0.1297 val_mae: 0.1297	test_loss: 0.1262 test_mae: 0.1262
train: {'epoch': 96, 'time_epoch': 96.24719, 'eta': 283.12096, 'eta_hours': 0.07864, 'loss': 0.09716281, 'lr': 2.18e-06, 'params': 6150801, 'time_iter': 0.07627, 'mae': 0.09716, 'r2': 0.98269, 'spearmanr': 0.9907, 'mse': 0.02409, 'rmse': 0.15521}
val: {'epoch': 96, 'time_epoch': 4.83689, 'loss': 0.13119667, 'lr': 0, 'params': 6150801, 'time_iter': 0.02468, 'mae': 0.1312, 'r2': 0.96938, 'spearmanr': 0.98391, 'mse': 0.03981, 'rmse': 0.19951}
test: {'epoch': 96, 'time_epoch': 7.09928, 'loss': 0.12741524, 'lr': 0, 'params': 6150801, 'time_iter': 0.02465, 'mae': 0.12742, 'r2': 0.97252, 'spearmanr': 0.98536, 'mse': 0.03919, 'rmse': 0.19796}
> Epoch 96: took 108.4s (avg 106.6s) | Best so far: epoch 94	train_loss: 0.0976 train_mae: 0.0976	val_loss: 0.1297 val_mae: 0.1297	test_loss: 0.1262 test_mae: 0.1262
train: {'epoch': 97, 'time_epoch': 100.47512, 'eta': 188.87183, 'eta_hours': 0.05246, 'loss': 0.09712108, 'lr': 1.23e-06, 'params': 6150801, 'time_iter': 0.07962, 'mae': 0.09712, 'r2': 0.98273, 'spearmanr': 0.99073, 'mse': 0.02404, 'rmse': 0.15505}
val: {'epoch': 97, 'time_epoch': 4.90609, 'loss': 0.12995101, 'lr': 0, 'params': 6150801, 'time_iter': 0.02503, 'mae': 0.12995, 'r2': 0.96941, 'spearmanr': 0.98384, 'mse': 0.03977, 'rmse': 0.19941}
test: {'epoch': 97, 'time_epoch': 7.17962, 'loss': 0.12623505, 'lr': 0, 'params': 6150801, 'time_iter': 0.02493, 'mae': 0.12624, 'r2': 0.97256, 'spearmanr': 0.98538, 'mse': 0.03914, 'rmse': 0.19783}
> Epoch 97: took 112.7s (avg 106.7s) | Best so far: epoch 94	train_loss: 0.0976 train_mae: 0.0976	val_loss: 0.1297 val_mae: 0.1297	test_loss: 0.1262 test_mae: 0.1262
train: {'epoch': 98, 'time_epoch': 104.60926, 'eta': 94.53867, 'eta_hours': 0.02626, 'loss': 0.0969872, 'lr': 5.5e-07, 'params': 6150801, 'time_iter': 0.08289, 'mae': 0.09699, 'r2': 0.98272, 'spearmanr': 0.99073, 'mse': 0.02405, 'rmse': 0.15508}
val: {'epoch': 98, 'time_epoch': 4.89641, 'loss': 0.13001649, 'lr': 0, 'params': 6150801, 'time_iter': 0.02498, 'mae': 0.13002, 'r2': 0.96942, 'spearmanr': 0.98381, 'mse': 0.03975, 'rmse': 0.19938}
test: {'epoch': 98, 'time_epoch': 7.14138, 'loss': 0.12627062, 'lr': 0, 'params': 6150801, 'time_iter': 0.0248, 'mae': 0.12627, 'r2': 0.97255, 'spearmanr': 0.98535, 'mse': 0.03914, 'rmse': 0.19784}
> Epoch 98: took 116.8s (avg 106.8s) | Best so far: epoch 94	train_loss: 0.0976 train_mae: 0.0976	val_loss: 0.1297 val_mae: 0.1297	test_loss: 0.1262 test_mae: 0.1262
train: {'epoch': 99, 'time_epoch': 102.05849, 'eta': 0.0, 'eta_hours': 0.0, 'loss': 0.0970483, 'lr': 1.4e-07, 'params': 6150801, 'time_iter': 0.08087, 'mae': 0.09705, 'r2': 0.98268, 'spearmanr': 0.99071, 'mse': 0.0241, 'rmse': 0.15526}
val: {'epoch': 99, 'time_epoch': 6.29267, 'loss': 0.12998131, 'lr': 0, 'params': 6150801, 'time_iter': 0.03211, 'mae': 0.12998, 'r2': 0.96945, 'spearmanr': 0.98385, 'mse': 0.0397, 'rmse': 0.19926}
test: {'epoch': 99, 'time_epoch': 7.00519, 'loss': 0.1261864, 'lr': 0, 'params': 6150801, 'time_iter': 0.02432, 'mae': 0.12619, 'r2': 0.9726, 'spearmanr': 0.98537, 'mse': 0.03908, 'rmse': 0.19769}
> Epoch 99: took 115.5s (avg 106.9s) | Best so far: epoch 94	train_loss: 0.0976 train_mae: 0.0976	val_loss: 0.1297 val_mae: 0.1297	test_loss: 0.1262 test_mae: 0.1262
Avg time per epoch: 106.89s
Total train loop time: 2.97h
Task done, results saved in results/pcqm4m-subset-GPSsmall-RWSE-LapPE-Transformer/0
Results aggregated across runs saved in results/pcqm4m-subset-GPSsmall-RWSE-LapPE-Transformer/agg
[*] All done: 2022-10-13 12:06:38.143838
