[*] Run ID 0: seed=0, split_index=0
    Starting now: 2022-10-16 16:30:22.704060
[*] Loaded dataset 'PCQM4Mv2-full' from 'OGB':
  Data(edge_index=[2, 109093626], edge_attr=[109093626, 3], x=[52970652, 9], y=[3746620])
  undirected: True
  num graphs: 3746620
  avg num_nodes/graph: 14
  num node features: 9
  num edge features: 3
  num classes: (appears to be a regression task)
Precomputing Positional Encoding statistics: ['LapPE'] for all graphs...
  ...estimated to be undirected: True
Done! Took 00:37:21.90
GPSModel(
  (encoder): FeatureEncoder(
    (node_encoder): Concat2NodeEncoder(
      (encoder1): AtomEncoder(
        (atom_embedding_list): ModuleList(
          (0): Embedding(119, 296)
          (1): Embedding(4, 296)
          (2): Embedding(12, 296)
          (3): Embedding(12, 296)
          (4): Embedding(10, 296)
          (5): Embedding(6, 296)
          (6): Embedding(6, 296)
          (7): Embedding(2, 296)
          (8): Embedding(2, 296)
        )
      )
      (encoder2): LapPENodeEncoder(
        (linear_A): Linear(in_features=2, out_features=16, bias=True)
        (pe_encoder): Sequential(
          (0): ReLU()
          (1): Linear(in_features=16, out_features=8, bias=True)
          (2): ReLU()
        )
      )
    )
    (edge_encoder): BondEncoder(
      (bond_embedding_list): ModuleList(
        (0): Embedding(5, 304)
        (1): Embedding(6, 304)
        (2): Embedding(2, 304)
      )
    )
  )
  (layers): Sequential(
    (0): GPSLayer(
      summary: dim_h=304, local_gnn_type=CustomGatedGCN, global_model_type=Transformer, heads=4
      (local_model): GatedGCNLayer()
      (self_attn): MultiheadAttention(
        (out_proj): NonDynamicallyQuantizableLinear(in_features=304, out_features=304, bias=True)
      )
      (norm1_local): BatchNorm1d(304, eps=1e-05, momentum=0.1, affine=True, track_running_stats=True)
      (norm1_attn): BatchNorm1d(304, eps=1e-05, momentum=0.1, affine=True, track_running_stats=True)
      (dropout_local): Dropout(p=0.0, inplace=False)
      (dropout_attn): Dropout(p=0.0, inplace=False)
      (ff_linear1): Linear(in_features=304, out_features=608, bias=True)
      (ff_linear2): Linear(in_features=608, out_features=304, bias=True)
      (norm2): BatchNorm1d(304, eps=1e-05, momentum=0.1, affine=True, track_running_stats=True)
      (ff_dropout1): Dropout(p=0.0, inplace=False)
      (ff_dropout2): Dropout(p=0.0, inplace=False)
    )
    (1): GPSLayer(
      summary: dim_h=304, local_gnn_type=CustomGatedGCN, global_model_type=Transformer, heads=4
      (local_model): GatedGCNLayer()
      (self_attn): MultiheadAttention(
        (out_proj): NonDynamicallyQuantizableLinear(in_features=304, out_features=304, bias=True)
      )
      (norm1_local): BatchNorm1d(304, eps=1e-05, momentum=0.1, affine=True, track_running_stats=True)
      (norm1_attn): BatchNorm1d(304, eps=1e-05, momentum=0.1, affine=True, track_running_stats=True)
      (dropout_local): Dropout(p=0.0, inplace=False)
      (dropout_attn): Dropout(p=0.0, inplace=False)
      (ff_linear1): Linear(in_features=304, out_features=608, bias=True)
      (ff_linear2): Linear(in_features=608, out_features=304, bias=True)
      (norm2): BatchNorm1d(304, eps=1e-05, momentum=0.1, affine=True, track_running_stats=True)
      (ff_dropout1): Dropout(p=0.0, inplace=False)
      (ff_dropout2): Dropout(p=0.0, inplace=False)
    )
    (2): GPSLayer(
      summary: dim_h=304, local_gnn_type=CustomGatedGCN, global_model_type=Transformer, heads=4
      (local_model): GatedGCNLayer()
      (self_attn): MultiheadAttention(
        (out_proj): NonDynamicallyQuantizableLinear(in_features=304, out_features=304, bias=True)
      )
      (norm1_local): BatchNorm1d(304, eps=1e-05, momentum=0.1, affine=True, track_running_stats=True)
      (norm1_attn): BatchNorm1d(304, eps=1e-05, momentum=0.1, affine=True, track_running_stats=True)
      (dropout_local): Dropout(p=0.0, inplace=False)
      (dropout_attn): Dropout(p=0.0, inplace=False)
      (ff_linear1): Linear(in_features=304, out_features=608, bias=True)
      (ff_linear2): Linear(in_features=608, out_features=304, bias=True)
      (norm2): BatchNorm1d(304, eps=1e-05, momentum=0.1, affine=True, track_running_stats=True)
      (ff_dropout1): Dropout(p=0.0, inplace=False)
      (ff_dropout2): Dropout(p=0.0, inplace=False)
    )
    (3): GPSLayer(
      summary: dim_h=304, local_gnn_type=CustomGatedGCN, global_model_type=Transformer, heads=4
      (local_model): GatedGCNLayer()
      (self_attn): MultiheadAttention(
        (out_proj): NonDynamicallyQuantizableLinear(in_features=304, out_features=304, bias=True)
      )
      (norm1_local): BatchNorm1d(304, eps=1e-05, momentum=0.1, affine=True, track_running_stats=True)
      (norm1_attn): BatchNorm1d(304, eps=1e-05, momentum=0.1, affine=True, track_running_stats=True)
      (dropout_local): Dropout(p=0.0, inplace=False)
      (dropout_attn): Dropout(p=0.0, inplace=False)
      (ff_linear1): Linear(in_features=304, out_features=608, bias=True)
      (ff_linear2): Linear(in_features=608, out_features=304, bias=True)
      (norm2): BatchNorm1d(304, eps=1e-05, momentum=0.1, affine=True, track_running_stats=True)
      (ff_dropout1): Dropout(p=0.0, inplace=False)
      (ff_dropout2): Dropout(p=0.0, inplace=False)
    )
    (4): GPSLayer(
      summary: dim_h=304, local_gnn_type=CustomGatedGCN, global_model_type=Transformer, heads=4
      (local_model): GatedGCNLayer()
      (self_attn): MultiheadAttention(
        (out_proj): NonDynamicallyQuantizableLinear(in_features=304, out_features=304, bias=True)
      )
      (norm1_local): BatchNorm1d(304, eps=1e-05, momentum=0.1, affine=True, track_running_stats=True)
      (norm1_attn): BatchNorm1d(304, eps=1e-05, momentum=0.1, affine=True, track_running_stats=True)
      (dropout_local): Dropout(p=0.0, inplace=False)
      (dropout_attn): Dropout(p=0.0, inplace=False)
      (ff_linear1): Linear(in_features=304, out_features=608, bias=True)
      (ff_linear2): Linear(in_features=608, out_features=304, bias=True)
      (norm2): BatchNorm1d(304, eps=1e-05, momentum=0.1, affine=True, track_running_stats=True)
      (ff_dropout1): Dropout(p=0.0, inplace=False)
      (ff_dropout2): Dropout(p=0.0, inplace=False)
    )
  )
  (post_mp): SANGraphHead(
    (FC_layers): ModuleList(
      (0): Linear(in_features=304, out_features=152, bias=True)
      (1): Linear(in_features=152, out_features=76, bias=True)
      (2): Linear(in_features=76, out_features=1, bias=True)
    )
  )
)
benchmark: False
bn:
  eps: 1e-05
  mom: 0.1
cfg_dest: config.yaml
custom_metrics: []
dataset:
  cache_load: False
  cache_save: False
  dir: ./datasets
  edge_dim: 128
  edge_encoder: True
  edge_encoder_bn: False
  edge_encoder_name: Bond
  edge_encoder_num_types: 0
  edge_message_ratio: 0.8
  edge_negative_sampling_ratio: 1.0
  edge_train_mode: all
  encoder: True
  encoder_bn: True
  encoder_dim: 128
  encoder_name: db
  format: OGB
  label_column: none
  label_table: none
  location: local
  name: PCQM4Mv2-full
  node_encoder: True
  node_encoder_bn: False
  node_encoder_name: Atom+LapPE
  node_encoder_num_types: 0
  remove_feature: False
  resample_disjoint: False
  resample_negative: False
  shuffle_split: True
  slic_compactness: 10
  split: [0.8, 0.1, 0.1]
  split_dir: ./splits
  split_index: 0
  split_mode: standard
  task: graph
  task_type: regression
  to_undirected: False
  transductive: False
  transform: none
  tu_simple: True
device: cuda:1
example_arg: example
example_group:
  example_arg: example
gnn:
  act: relu
  agg: add
  att_final_linear: False
  att_final_linear_bn: False
  att_heads: 1
  batchnorm: True
  clear_feature: True
  dim_edge: 304
  dim_inner: 304
  dropout: 0.0
  head: san_graph
  keep_edge: 0.5
  l2norm: True
  layer_type: generalconv
  layers_mp: 2
  layers_post_mp: 3
  layers_pre_mp: 0
  msg_direction: single
  normalize_adj: False
  residual: False
  self_msg: concat
  skip_every: 1
  stage_type: stack
gpu_mem: False
gt:
  attn_dropout: 0.5
  batch_norm: True
  bigbird:
    add_cross_attention: False
    attention_type: block_sparse
    block_size: 3
    chunk_size_feed_forward: 0
    hidden_act: relu
    is_decoder: False
    layer_norm_eps: 1e-06
    max_position_embeddings: 128
    num_random_blocks: 3
    use_bias: False
  dim_hidden: 304
  dropout: 0.0
  full_graph: True
  gamma: 1e-05
  layer_norm: False
  layer_type: CustomGatedGCN+Transformer
  layers: 5
  n_heads: 4
  pna_degrees: []
  residual: True
mem:
  inplace: False
metric_agg: argmin
metric_best: mae
model:
  edge_decoding: dot
  graph_pooling: mean
  loss_fun: l1
  match_upper: True
  size_average: mean
  thresh: 0.5
  type: GPSModel
name_tag: 
num_threads: 6
num_workers: 0
optim:
  base_lr: 0.0005
  batch_accumulation: 1
  clip_grad_norm: True
  lr_decay: 0.1
  max_epoch: 100
  min_lr: 0.0
  momentum: 0.9
  num_warmup_epochs: 5
  optimizer: adamW
  reduce_factor: 0.1
  schedule_patience: 10
  scheduler: cosine_with_warmup
  steps: [30, 60, 90]
  weight_decay: 0.0
out_dir: results/pcqm4m-full-GPSmedium-Transformer-2-PESE
posenc_ElstaticSE:
  dim_pe: 16
  enable: False
  kernel:
    times: []
    times_func: range(10)
  layers: 3
  model: none
  n_heads: 4
  pass_as_var: False
  post_layers: 0
  raw_norm_type: none
posenc_EquivStableLapPE:
  eigen:
    eigvec_norm: L2
    laplacian_norm: sym
    max_freqs: 10
  enable: False
  raw_norm_type: none
posenc_HKdiagSE:
  dim_pe: 16
  enable: False
  kernel:
    times: []
    times_func: 
  layers: 3
  model: none
  n_heads: 4
  pass_as_var: False
  post_layers: 0
  raw_norm_type: none
posenc_LapPE:
  dim_pe: 8
  eigen:
    eigvec_norm: L2
    laplacian_norm: none
    max_freqs: 8
  enable: True
  layers: 2
  model: DeepSet
  n_heads: 4
  pass_as_var: False
  post_layers: 0
  raw_norm_type: none
posenc_RWSE:
  dim_pe: 16
  enable: False
  kernel:
    times: []
    times_func: 
  layers: 3
  model: none
  n_heads: 4
  pass_as_var: False
  post_layers: 0
  raw_norm_type: none
posenc_SignNet:
  dim_pe: 16
  eigen:
    eigvec_norm: L2
    laplacian_norm: sym
    max_freqs: 10
  enable: False
  layers: 3
  model: none
  n_heads: 4
  pass_as_var: False
  phi_hidden_dim: 64
  phi_out_dim: 4
  post_layers: 0
  raw_norm_type: none
pretrained:
  dir: 
  freeze_main: False
  reset_prediction_head: True
print: both
round: 5
run_dir: results/pcqm4m-full-GPSmedium-Transformer-2-PESE/0
run_id: 0
run_multiple_splits: []
seed: 0
share:
  dim_in: 9
  dim_out: 1
  num_splits: 3
tensorboard_agg: True
tensorboard_each_run: False
train:
  auto_resume: False
  batch_size: 256
  ckpt_best: False
  ckpt_clean: True
  ckpt_period: 100
  enable_ckpt: True
  epoch_resume: -1
  eval_period: 1
  iter_per_epoch: 32
  mode: custom
  neighbor_sizes: [20, 15, 10, 5]
  node_per_graph: 32
  radius: extend
  sample_node: False
  sampler: full_batch
  skip_train_eval: False
  walk_length: 4
val:
  node_per_graph: 32
  radius: extend
  sample_node: False
  sampler: full_batch
view_emb: False
wandb:
  entity: gtransformers
  name: 
  project: pcqm4m
  use: False
Num parameters: 6153889
Start from epoch 0
train: {'epoch': 0, 'time_epoch': 1239.77223, 'eta': 122737.45095, 'eta_hours': 34.09374, 'loss': 5.77485317, 'lr': 0.0, 'params': 6153889, 'time_iter': 0.0983, 'mae': 5.77486, 'r2': -24.69199, 'spearmanr': -0.01958, 'mse': 34.7054, 'rmse': 5.89113}
...computing epoch stats took: 5.57s
val: {'epoch': 0, 'time_epoch': 22.79722, 'loss': 5.77321217, 'lr': 0, 'params': 6153889, 'time_iter': 0.0389, 'mae': 5.77321, 'r2': -24.78581, 'spearmanr': -0.04445, 'mse': 34.68277, 'rmse': 5.88921}
...computing epoch stats took: 0.05s
test: {'epoch': 0, 'time_epoch': 10.93609, 'loss': 5.52618105, 'lr': 0, 'params': 6153889, 'time_iter': 0.03797, 'mae': 5.52618, 'r2': -19.54734, 'spearmanr': 0.03049, 'mse': 32.10345, 'rmse': 5.66599}
...computing epoch stats took: 0.02s
> Epoch 0: took 1279.5s (avg 1279.5s) | Best so far: epoch 0	train_loss: 5.7749 train_mae: 5.7749	val_loss: 5.7732 val_mae: 5.7732	test_loss: 5.5262 test_mae: 5.5262
train: {'epoch': 1, 'time_epoch': 1048.02003, 'eta': 112101.82103, 'eta_hours': 31.13939, 'loss': 0.24006557, 'lr': 0.0001, 'params': 6153889, 'time_iter': 0.0831, 'mae': 0.24007, 'r2': 0.87056, 'spearmanr': 0.95258, 'mse': 0.17485, 'rmse': 0.41816}
...computing epoch stats took: 1.44s
val: {'epoch': 1, 'time_epoch': 14.68127, 'loss': 0.18132288, 'lr': 0, 'params': 6153889, 'time_iter': 0.02505, 'mae': 0.18132, 'r2': 0.95256, 'spearmanr': 0.97864, 'mse': 0.0638, 'rmse': 0.25259}
...computing epoch stats took: 0.05s
test: {'epoch': 1, 'time_epoch': 7.07958, 'loss': 0.18999397, 'lr': 0, 'params': 6153889, 'time_iter': 0.02458, 'mae': 0.18999, 'r2': 0.95346, 'spearmanr': 0.97703, 'mse': 0.07271, 'rmse': 0.26964}
...computing epoch stats took: 0.02s
> Epoch 1: took 1071.6s (avg 1175.6s) | Best so far: epoch 1	train_loss: 0.2401 train_mae: 0.2401	val_loss: 0.1813 val_mae: 0.1813	test_loss: 0.1900 test_mae: 0.1900
train: {'epoch': 2, 'time_epoch': 1035.77426, 'eta': 107461.98418, 'eta_hours': 29.85055, 'loss': 0.17832012, 'lr': 0.0002, 'params': 6153889, 'time_iter': 0.08213, 'mae': 0.17832, 'r2': 0.9515, 'spearmanr': 0.97599, 'mse': 0.06552, 'rmse': 0.25596}
...computing epoch stats took: 1.48s
val: {'epoch': 2, 'time_epoch': 14.87328, 'loss': 0.16219088, 'lr': 0, 'params': 6153889, 'time_iter': 0.02538, 'mae': 0.16219, 'r2': 0.95648, 'spearmanr': 0.98207, 'mse': 0.05854, 'rmse': 0.24194}
...computing epoch stats took: 0.04s
test: {'epoch': 2, 'time_epoch': 7.2028, 'loss': 0.16988793, 'lr': 0, 'params': 6153889, 'time_iter': 0.02501, 'mae': 0.16989, 'r2': 0.95652, 'spearmanr': 0.97986, 'mse': 0.06793, 'rmse': 0.26063}
...computing epoch stats took: 0.02s
> Epoch 2: took 1059.7s (avg 1137.0s) | Best so far: epoch 2	train_loss: 0.1783 train_mae: 0.1783	val_loss: 0.1622 val_mae: 0.1622	test_loss: 0.1699 test_mae: 0.1699
train: {'epoch': 3, 'time_epoch': 991.99037, 'eta': 103573.36546, 'eta_hours': 28.77038, 'loss': 0.16485853, 'lr': 0.0003, 'params': 6153889, 'time_iter': 0.07865, 'mae': 0.16486, 'r2': 0.95786, 'spearmanr': 0.97929, 'mse': 0.05692, 'rmse': 0.23857}
val: {'epoch': 3, 'time_epoch': 14.73394, 'loss': 0.13662709, 'lr': 0, 'params': 6153889, 'time_iter': 0.02514, 'mae': 0.13663, 'r2': 0.96888, 'spearmanr': 0.98465, 'mse': 0.04186, 'rmse': 0.2046}
test: {'epoch': 3, 'time_epoch': 7.14155, 'loss': 0.14880265, 'lr': 0, 'params': 6153889, 'time_iter': 0.0248, 'mae': 0.1488, 'r2': 0.96529, 'spearmanr': 0.98277, 'mse': 0.05423, 'rmse': 0.23288}
> Epoch 3: took 1015.7s (avg 1106.6s) | Best so far: epoch 3	train_loss: 0.1649 train_mae: 0.1649	val_loss: 0.1366 val_mae: 0.1366	test_loss: 0.1488 test_mae: 0.1488
train: {'epoch': 4, 'time_epoch': 1127.70571, 'eta': 103421.98951, 'eta_hours': 28.72833, 'loss': 0.15604308, 'lr': 0.0004, 'params': 6153889, 'time_iter': 0.08942, 'mae': 0.15604, 'r2': 0.96162, 'spearmanr': 0.98114, 'mse': 0.05184, 'rmse': 0.22769}
val: {'epoch': 4, 'time_epoch': 13.77466, 'loss': 0.13512055, 'lr': 0, 'params': 6153889, 'time_iter': 0.02351, 'mae': 0.13512, 'r2': 0.96814, 'spearmanr': 0.98547, 'mse': 0.04285, 'rmse': 0.20699}
test: {'epoch': 4, 'time_epoch': 6.6862, 'loss': 0.14323023, 'lr': 0, 'params': 6153889, 'time_iter': 0.02322, 'mae': 0.14323, 'r2': 0.96679, 'spearmanr': 0.98371, 'mse': 0.05189, 'rmse': 0.22779}
> Epoch 4: took 1149.8s (avg 1115.3s) | Best so far: epoch 4	train_loss: 0.1560 train_mae: 0.1560	val_loss: 0.1351 val_mae: 0.1351	test_loss: 0.1432 test_mae: 0.1432
train: {'epoch': 5, 'time_epoch': 979.52382, 'eta': 100623.65397, 'eta_hours': 27.95101, 'loss': 0.15122427, 'lr': 0.0005, 'params': 6153889, 'time_iter': 0.07767, 'mae': 0.15122, 'r2': 0.96347, 'spearmanr': 0.98209, 'mse': 0.04935, 'rmse': 0.22214}
val: {'epoch': 5, 'time_epoch': 14.05017, 'loss': 0.129919, 'lr': 0, 'params': 6153889, 'time_iter': 0.02398, 'mae': 0.12992, 'r2': 0.97078, 'spearmanr': 0.98605, 'mse': 0.0393, 'rmse': 0.19825}
test: {'epoch': 5, 'time_epoch': 6.79839, 'loss': 0.14091856, 'lr': 0, 'params': 6153889, 'time_iter': 0.02361, 'mae': 0.14092, 'r2': 0.96665, 'spearmanr': 0.98391, 'mse': 0.0521, 'rmse': 0.22826}
> Epoch 5: took 1002.1s (avg 1096.4s) | Best so far: epoch 5	train_loss: 0.1512 train_mae: 0.1512	val_loss: 0.1299 val_mae: 0.1299	test_loss: 0.1409 test_mae: 0.1409
train: {'epoch': 6, 'time_epoch': 969.26392, 'eta': 98208.66887, 'eta_hours': 27.28019, 'loss': 0.14250506, 'lr': 0.00049986, 'params': 6153889, 'time_iter': 0.07685, 'mae': 0.14251, 'r2': 0.96621, 'spearmanr': 0.98367, 'mse': 0.04565, 'rmse': 0.21366}
val: {'epoch': 6, 'time_epoch': 14.16606, 'loss': 0.13315216, 'lr': 0, 'params': 6153889, 'time_iter': 0.02417, 'mae': 0.13315, 'r2': 0.97118, 'spearmanr': 0.98684, 'mse': 0.03876, 'rmse': 0.19687}
test: {'epoch': 6, 'time_epoch': 6.76973, 'loss': 0.14314811, 'lr': 0, 'params': 6153889, 'time_iter': 0.02351, 'mae': 0.14315, 'r2': 0.96972, 'spearmanr': 0.98512, 'mse': 0.04731, 'rmse': 0.2175}
> Epoch 6: took 991.8s (avg 1081.5s) | Best so far: epoch 5	train_loss: 0.1512 train_mae: 0.1512	val_loss: 0.1299 val_mae: 0.1299	test_loss: 0.1409 test_mae: 0.1409
train: {'epoch': 7, 'time_epoch': 971.44931, 'eta': 96180.24601, 'eta_hours': 26.71674, 'loss': 0.13827708, 'lr': 0.00049945, 'params': 6153889, 'time_iter': 0.07703, 'mae': 0.13828, 'r2': 0.9679, 'spearmanr': 0.98439, 'mse': 0.04336, 'rmse': 0.20823}
val: {'epoch': 7, 'time_epoch': 13.9321, 'loss': 0.12675132, 'lr': 0, 'params': 6153889, 'time_iter': 0.02377, 'mae': 0.12675, 'r2': 0.97163, 'spearmanr': 0.98623, 'mse': 0.03816, 'rmse': 0.19535}
test: {'epoch': 7, 'time_epoch': 6.77343, 'loss': 0.13653458, 'lr': 0, 'params': 6153889, 'time_iter': 0.02352, 'mae': 0.13653, 'r2': 0.96874, 'spearmanr': 0.98444, 'mse': 0.04884, 'rmse': 0.22099}
> Epoch 7: took 993.8s (avg 1070.5s) | Best so far: epoch 7	train_loss: 0.1383 train_mae: 0.1383	val_loss: 0.1268 val_mae: 0.1268	test_loss: 0.1365 test_mae: 0.1365
train: {'epoch': 8, 'time_epoch': 940.36548, 'eta': 94072.4141, 'eta_hours': 26.13123, 'loss': 0.13356792, 'lr': 0.00049877, 'params': 6153889, 'time_iter': 0.07456, 'mae': 0.13357, 'r2': 0.96956, 'spearmanr': 0.98512, 'mse': 0.04112, 'rmse': 0.20277}
val: {'epoch': 8, 'time_epoch': 14.10858, 'loss': 0.14122649, 'lr': 0, 'params': 6153889, 'time_iter': 0.02408, 'mae': 0.14123, 'r2': 0.97029, 'spearmanr': 0.98666, 'mse': 0.03996, 'rmse': 0.1999}
test: {'epoch': 8, 'time_epoch': 6.82411, 'loss': 0.1520093, 'lr': 0, 'params': 6153889, 'time_iter': 0.02369, 'mae': 0.15201, 'r2': 0.96759, 'spearmanr': 0.98506, 'mse': 0.05063, 'rmse': 0.22502}
> Epoch 8: took 963.0s (avg 1058.6s) | Best so far: epoch 7	train_loss: 0.1383 train_mae: 0.1383	val_loss: 0.1268 val_mae: 0.1268	test_loss: 0.1365 test_mae: 0.1365
train: {'epoch': 9, 'time_epoch': 979.80652, 'eta': 92553.04484, 'eta_hours': 25.70918, 'loss': 0.12918318, 'lr': 0.00049782, 'params': 6153889, 'time_iter': 0.07769, 'mae': 0.12918, 'r2': 0.97099, 'spearmanr': 0.98579, 'mse': 0.03918, 'rmse': 0.19795}
val: {'epoch': 9, 'time_epoch': 14.03494, 'loss': 0.13686786, 'lr': 0, 'params': 6153889, 'time_iter': 0.02395, 'mae': 0.13687, 'r2': 0.97087, 'spearmanr': 0.98709, 'mse': 0.03919, 'rmse': 0.19796}
test: {'epoch': 9, 'time_epoch': 6.71387, 'loss': 0.14281201, 'lr': 0, 'params': 6153889, 'time_iter': 0.02331, 'mae': 0.14281, 'r2': 0.96914, 'spearmanr': 0.98571, 'mse': 0.04822, 'rmse': 0.21959}
> Epoch 9: took 1002.2s (avg 1052.9s) | Best so far: epoch 7	train_loss: 0.1383 train_mae: 0.1383	val_loss: 0.1268 val_mae: 0.1268	test_loss: 0.1365 test_mae: 0.1365
train: {'epoch': 10, 'time_epoch': 995.6495, 'eta': 91259.96199, 'eta_hours': 25.34999, 'loss': 0.12622131, 'lr': 0.00049659, 'params': 6153889, 'time_iter': 0.07894, 'mae': 0.12622, 'r2': 0.97189, 'spearmanr': 0.98625, 'mse': 0.03797, 'rmse': 0.19485}
val: {'epoch': 10, 'time_epoch': 13.97979, 'loss': 0.11909682, 'lr': 0, 'params': 6153889, 'time_iter': 0.02386, 'mae': 0.1191, 'r2': 0.97405, 'spearmanr': 0.98735, 'mse': 0.0349, 'rmse': 0.18681}
test: {'epoch': 10, 'time_epoch': 6.78347, 'loss': 0.12839472, 'lr': 0, 'params': 6153889, 'time_iter': 0.02355, 'mae': 0.12839, 'r2': 0.9736, 'spearmanr': 0.98633, 'mse': 0.04125, 'rmse': 0.20311}
> Epoch 10: took 1018.1s (avg 1049.8s) | Best so far: epoch 10	train_loss: 0.1262 train_mae: 0.1262	val_loss: 0.1191 val_mae: 0.1191	test_loss: 0.1284 test_mae: 0.1284
train: {'epoch': 11, 'time_epoch': 994.89201, 'eta': 90010.89651, 'eta_hours': 25.00303, 'loss': 0.12317442, 'lr': 0.00049509, 'params': 6153889, 'time_iter': 0.07888, 'mae': 0.12317, 'r2': 0.97286, 'spearmanr': 0.9867, 'mse': 0.03666, 'rmse': 0.19146}
val: {'epoch': 11, 'time_epoch': 13.98349, 'loss': 0.11381769, 'lr': 0, 'params': 6153889, 'time_iter': 0.02386, 'mae': 0.11382, 'r2': 0.9755, 'spearmanr': 0.98792, 'mse': 0.03296, 'rmse': 0.18155}
test: {'epoch': 11, 'time_epoch': 6.7629, 'loss': 0.12158578, 'lr': 0, 'params': 6153889, 'time_iter': 0.02348, 'mae': 0.12159, 'r2': 0.97541, 'spearmanr': 0.98697, 'mse': 0.03842, 'rmse': 0.19602}
> Epoch 11: took 1017.3s (avg 1047.0s) | Best so far: epoch 11	train_loss: 0.1232 train_mae: 0.1232	val_loss: 0.1138 val_mae: 0.1138	test_loss: 0.1216 test_mae: 0.1216
train: {'epoch': 12, 'time_epoch': 969.27885, 'eta': 88629.52343, 'eta_hours': 24.61931, 'loss': 0.12194537, 'lr': 0.00049333, 'params': 6153889, 'time_iter': 0.07685, 'mae': 0.12195, 'r2': 0.97328, 'spearmanr': 0.98694, 'mse': 0.0361, 'rmse': 0.18999}
val: {'epoch': 12, 'time_epoch': 13.86, 'loss': 0.11185308, 'lr': 0, 'params': 6153889, 'time_iter': 0.02365, 'mae': 0.11185, 'r2': 0.97624, 'spearmanr': 0.98833, 'mse': 0.03196, 'rmse': 0.17877}
test: {'epoch': 12, 'time_epoch': 6.70805, 'loss': 0.12007464, 'lr': 0, 'params': 6153889, 'time_iter': 0.02329, 'mae': 0.12007, 'r2': 0.97559, 'spearmanr': 0.98728, 'mse': 0.03813, 'rmse': 0.19527}
> Epoch 12: took 991.5s (avg 1042.8s) | Best so far: epoch 12	train_loss: 0.1219 train_mae: 0.1220	val_loss: 0.1119 val_mae: 0.1119	test_loss: 0.1201 test_mae: 0.1201
train: {'epoch': 13, 'time_epoch': 946.42004, 'eta': 87166.60256, 'eta_hours': 24.21295, 'loss': 0.11938924, 'lr': 0.0004913, 'params': 6153889, 'time_iter': 0.07504, 'mae': 0.11939, 'r2': 0.974, 'spearmanr': 0.98726, 'mse': 0.03512, 'rmse': 0.18741}
val: {'epoch': 13, 'time_epoch': 13.94257, 'loss': 0.11335503, 'lr': 0, 'params': 6153889, 'time_iter': 0.02379, 'mae': 0.11336, 'r2': 0.97583, 'spearmanr': 0.98817, 'mse': 0.0325, 'rmse': 0.18029}
test: {'epoch': 13, 'time_epoch': 6.66828, 'loss': 0.12323065, 'lr': 0, 'params': 6153889, 'time_iter': 0.02315, 'mae': 0.12323, 'r2': 0.97448, 'spearmanr': 0.98682, 'mse': 0.03987, 'rmse': 0.19967}
> Epoch 13: took 968.7s (avg 1037.5s) | Best so far: epoch 12	train_loss: 0.1219 train_mae: 0.1220	val_loss: 0.1119 val_mae: 0.1119	test_loss: 0.1201 test_mae: 0.1201
train: {'epoch': 14, 'time_epoch': 934.62168, 'eta': 85705.69111, 'eta_hours': 23.80714, 'loss': 0.11791835, 'lr': 0.00048901, 'params': 6153889, 'time_iter': 0.07411, 'mae': 0.11792, 'r2': 0.97441, 'spearmanr': 0.98747, 'mse': 0.03457, 'rmse': 0.18594}
val: {'epoch': 14, 'time_epoch': 13.9845, 'loss': 0.11414004, 'lr': 0, 'params': 6153889, 'time_iter': 0.02386, 'mae': 0.11414, 'r2': 0.97636, 'spearmanr': 0.9885, 'mse': 0.03179, 'rmse': 0.1783}
test: {'epoch': 14, 'time_epoch': 6.75479, 'loss': 0.1206698, 'lr': 0, 'params': 6153889, 'time_iter': 0.02345, 'mae': 0.12067, 'r2': 0.97605, 'spearmanr': 0.98747, 'mse': 0.03742, 'rmse': 0.19344}
> Epoch 14: took 957.0s (avg 1032.1s) | Best so far: epoch 12	train_loss: 0.1219 train_mae: 0.1220	val_loss: 0.1119 val_mae: 0.1119	test_loss: 0.1201 test_mae: 0.1201
train: {'epoch': 15, 'time_epoch': 922.14666, 'eta': 84245.07205, 'eta_hours': 23.40141, 'loss': 0.11601269, 'lr': 0.00048645, 'params': 6153889, 'time_iter': 0.07312, 'mae': 0.11601, 'r2': 0.97499, 'spearmanr': 0.98776, 'mse': 0.03378, 'rmse': 0.1838}
val: {'epoch': 15, 'time_epoch': 14.08523, 'loss': 0.11244846, 'lr': 0, 'params': 6153889, 'time_iter': 0.02404, 'mae': 0.11245, 'r2': 0.97554, 'spearmanr': 0.98827, 'mse': 0.03291, 'rmse': 0.1814}
test: {'epoch': 15, 'time_epoch': 6.76105, 'loss': 0.12039185, 'lr': 0, 'params': 6153889, 'time_iter': 0.02348, 'mae': 0.12039, 'r2': 0.97475, 'spearmanr': 0.9869, 'mse': 0.03945, 'rmse': 0.19863}
> Epoch 15: took 944.6s (avg 1026.6s) | Best so far: epoch 12	train_loss: 0.1219 train_mae: 0.1220	val_loss: 0.1119 val_mae: 0.1119	test_loss: 0.1201 test_mae: 0.1201
train: {'epoch': 16, 'time_epoch': 987.5672, 'eta': 83167.2088, 'eta_hours': 23.102, 'loss': 0.11447009, 'lr': 0.00048364, 'params': 6153889, 'time_iter': 0.0783, 'mae': 0.11447, 'r2': 0.97546, 'spearmanr': 0.98798, 'mse': 0.03314, 'rmse': 0.18205}
val: {'epoch': 16, 'time_epoch': 13.98617, 'loss': 0.10935375, 'lr': 0, 'params': 6153889, 'time_iter': 0.02387, 'mae': 0.10935, 'r2': 0.97689, 'spearmanr': 0.98861, 'mse': 0.03109, 'rmse': 0.17631}
test: {'epoch': 16, 'time_epoch': 6.80075, 'loss': 0.11761767, 'lr': 0, 'params': 6153889, 'time_iter': 0.02361, 'mae': 0.11762, 'r2': 0.9755, 'spearmanr': 0.9874, 'mse': 0.03828, 'rmse': 0.19564}
> Epoch 16: took 1010.0s (avg 1025.7s) | Best so far: epoch 16	train_loss: 0.1145 train_mae: 0.1145	val_loss: 0.1094 val_mae: 0.1094	test_loss: 0.1176 test_mae: 0.1176
train: {'epoch': 17, 'time_epoch': 944.97531, 'eta': 81905.34876, 'eta_hours': 22.75149, 'loss': 0.11370688, 'lr': 0.00048057, 'params': 6153889, 'time_iter': 0.07493, 'mae': 0.11371, 'r2': 0.9757, 'spearmanr': 0.98806, 'mse': 0.03282, 'rmse': 0.18117}
val: {'epoch': 17, 'time_epoch': 14.09066, 'loss': 0.11865293, 'lr': 0, 'params': 6153889, 'time_iter': 0.02405, 'mae': 0.11865, 'r2': 0.9757, 'spearmanr': 0.98821, 'mse': 0.03268, 'rmse': 0.18078}
test: {'epoch': 17, 'time_epoch': 6.82867, 'loss': 0.12458341, 'lr': 0, 'params': 6153889, 'time_iter': 0.02371, 'mae': 0.12458, 'r2': 0.97589, 'spearmanr': 0.98735, 'mse': 0.03768, 'rmse': 0.1941}
> Epoch 17: took 967.6s (avg 1022.4s) | Best so far: epoch 16	train_loss: 0.1145 train_mae: 0.1145	val_loss: 0.1094 val_mae: 0.1094	test_loss: 0.1176 test_mae: 0.1176
train: {'epoch': 18, 'time_epoch': 1009.75243, 'eta': 80953.00009, 'eta_hours': 22.48694, 'loss': 0.11229219, 'lr': 0.00047725, 'params': 6153889, 'time_iter': 0.08006, 'mae': 0.11229, 'r2': 0.97604, 'spearmanr': 0.98827, 'mse': 0.03237, 'rmse': 0.17992}
val: {'epoch': 18, 'time_epoch': 13.95368, 'loss': 0.10896419, 'lr': 0, 'params': 6153889, 'time_iter': 0.02381, 'mae': 0.10896, 'r2': 0.97645, 'spearmanr': 0.98842, 'mse': 0.03168, 'rmse': 0.17799}
test: {'epoch': 18, 'time_epoch': 6.76968, 'loss': 0.11581446, 'lr': 0, 'params': 6153889, 'time_iter': 0.02351, 'mae': 0.11581, 'r2': 0.97706, 'spearmanr': 0.98791, 'mse': 0.03585, 'rmse': 0.18934}
> Epoch 18: took 1032.1s (avg 1023.0s) | Best so far: epoch 18	train_loss: 0.1123 train_mae: 0.1123	val_loss: 0.1090 val_mae: 0.1090	test_loss: 0.1158 test_mae: 0.1158
train: {'epoch': 19, 'time_epoch': 946.73981, 'eta': 79742.86058, 'eta_hours': 22.15079, 'loss': 0.11043008, 'lr': 0.00047368, 'params': 6153889, 'time_iter': 0.07507, 'mae': 0.11043, 'r2': 0.97656, 'spearmanr': 0.98851, 'mse': 0.03166, 'rmse': 0.17793}
val: {'epoch': 19, 'time_epoch': 13.87733, 'loss': 0.10704147, 'lr': 0, 'params': 6153889, 'time_iter': 0.02368, 'mae': 0.10704, 'r2': 0.97745, 'spearmanr': 0.98882, 'mse': 0.03033, 'rmse': 0.17417}
test: {'epoch': 19, 'time_epoch': 6.75325, 'loss': 0.11406034, 'lr': 0, 'params': 6153889, 'time_iter': 0.02345, 'mae': 0.11406, 'r2': 0.97747, 'spearmanr': 0.9882, 'mse': 0.03519, 'rmse': 0.1876}
> Epoch 19: took 969.0s (avg 1020.3s) | Best so far: epoch 19	train_loss: 0.1104 train_mae: 0.1104	val_loss: 0.1070 val_mae: 0.1070	test_loss: 0.1141 test_mae: 0.1141
train: {'epoch': 20, 'time_epoch': 857.37609, 'eta': 78221.62891, 'eta_hours': 21.72823, 'loss': 0.10910692, 'lr': 0.00046987, 'params': 6153889, 'time_iter': 0.06798, 'mae': 0.10911, 'r2': 0.97698, 'spearmanr': 0.98867, 'mse': 0.0311, 'rmse': 0.17634}
val: {'epoch': 20, 'time_epoch': 14.2991, 'loss': 0.10599215, 'lr': 0, 'params': 6153889, 'time_iter': 0.0244, 'mae': 0.10599, 'r2': 0.97807, 'spearmanr': 0.98918, 'mse': 0.02949, 'rmse': 0.17173}
test: {'epoch': 20, 'time_epoch': 6.81142, 'loss': 0.11395451, 'lr': 0, 'params': 6153889, 'time_iter': 0.02365, 'mae': 0.11395, 'r2': 0.97639, 'spearmanr': 0.98792, 'mse': 0.0369, 'rmse': 0.19208}
> Epoch 20: took 880.1s (avg 1013.6s) | Best so far: epoch 20	train_loss: 0.1091 train_mae: 0.1091	val_loss: 0.1060 val_mae: 0.1060	test_loss: 0.1140 test_mae: 0.1139
train: {'epoch': 21, 'time_epoch': 1018.84077, 'eta': 77333.21346, 'eta_hours': 21.48145, 'loss': 0.10772394, 'lr': 0.00046581, 'params': 6153889, 'time_iter': 0.08078, 'mae': 0.10772, 'r2': 0.97743, 'spearmanr': 0.98886, 'mse': 0.03049, 'rmse': 0.17462}
val: {'epoch': 21, 'time_epoch': 14.15491, 'loss': 0.1089539, 'lr': 0, 'params': 6153889, 'time_iter': 0.02416, 'mae': 0.10895, 'r2': 0.97769, 'spearmanr': 0.98915, 'mse': 0.03, 'rmse': 0.17322}
test: {'epoch': 21, 'time_epoch': 6.85298, 'loss': 0.11634368, 'lr': 0, 'params': 6153889, 'time_iter': 0.0238, 'mae': 0.11634, 'r2': 0.9768, 'spearmanr': 0.98795, 'mse': 0.03624, 'rmse': 0.19038}
> Epoch 21: took 1041.5s (avg 1014.9s) | Best so far: epoch 20	train_loss: 0.1091 train_mae: 0.1091	val_loss: 0.1060 val_mae: 0.1060	test_loss: 0.1140 test_mae: 0.1139
train: {'epoch': 22, 'time_epoch': 959.84252, 'eta': 76235.9408, 'eta_hours': 21.17665, 'loss': 0.10648063, 'lr': 0.00046152, 'params': 6153889, 'time_iter': 0.07611, 'mae': 0.10648, 'r2': 0.97777, 'spearmanr': 0.98903, 'mse': 0.03003, 'rmse': 0.1733}
val: {'epoch': 22, 'time_epoch': 13.84982, 'loss': 0.10445525, 'lr': 0, 'params': 6153889, 'time_iter': 0.02363, 'mae': 0.10446, 'r2': 0.97837, 'spearmanr': 0.98924, 'mse': 0.02909, 'rmse': 0.17057}
test: {'epoch': 22, 'time_epoch': 6.73096, 'loss': 0.11185207, 'lr': 0, 'params': 6153889, 'time_iter': 0.02337, 'mae': 0.11185, 'r2': 0.97801, 'spearmanr': 0.98839, 'mse': 0.03435, 'rmse': 0.18535}
> Epoch 22: took 982.1s (avg 1013.4s) | Best so far: epoch 22	train_loss: 0.1065 train_mae: 0.1065	val_loss: 0.1045 val_mae: 0.1045	test_loss: 0.1119 test_mae: 0.1119
train: {'epoch': 23, 'time_epoch': 960.35388, 'eta': 75151.73995, 'eta_hours': 20.87548, 'loss': 0.10538482, 'lr': 0.000457, 'params': 6153889, 'time_iter': 0.07615, 'mae': 0.10538, 'r2': 0.9781, 'spearmanr': 0.98919, 'mse': 0.02958, 'rmse': 0.17199}
val: {'epoch': 23, 'time_epoch': 14.19715, 'loss': 0.10301994, 'lr': 0, 'params': 6153889, 'time_iter': 0.02423, 'mae': 0.10302, 'r2': 0.97845, 'spearmanr': 0.98931, 'mse': 0.02899, 'rmse': 0.17026}
test: {'epoch': 23, 'time_epoch': 6.7863, 'loss': 0.1110531, 'lr': 0, 'params': 6153889, 'time_iter': 0.02356, 'mae': 0.11105, 'r2': 0.97754, 'spearmanr': 0.98816, 'mse': 0.03508, 'rmse': 0.18731}
> Epoch 23: took 983.0s (avg 1012.2s) | Best so far: epoch 23	train_loss: 0.1054 train_mae: 0.1054	val_loss: 0.1030 val_mae: 0.1030	test_loss: 0.1111 test_mae: 0.1110
train: {'epoch': 24, 'time_epoch': 948.71476, 'eta': 74042.52951, 'eta_hours': 20.56737, 'loss': 0.10420448, 'lr': 0.00045225, 'params': 6153889, 'time_iter': 0.07522, 'mae': 0.1042, 'r2': 0.97843, 'spearmanr': 0.98932, 'mse': 0.02914, 'rmse': 0.17071}
val: {'epoch': 24, 'time_epoch': 14.07002, 'loss': 0.1016896, 'lr': 0, 'params': 6153889, 'time_iter': 0.02401, 'mae': 0.10169, 'r2': 0.97891, 'spearmanr': 0.98956, 'mse': 0.02837, 'rmse': 0.16843}
test: {'epoch': 24, 'time_epoch': 6.79377, 'loss': 0.10875367, 'lr': 0, 'params': 6153889, 'time_iter': 0.02359, 'mae': 0.10875, 'r2': 0.97857, 'spearmanr': 0.98888, 'mse': 0.03349, 'rmse': 0.183}
> Epoch 24: took 971.3s (avg 1010.5s) | Best so far: epoch 24	train_loss: 0.1042 train_mae: 0.1042	val_loss: 0.1017 val_mae: 0.1017	test_loss: 0.1088 test_mae: 0.1087
train: {'epoch': 25, 'time_epoch': 980.97174, 'eta': 73037.47319, 'eta_hours': 20.28819, 'loss': 0.10329554, 'lr': 0.00044729, 'params': 6153889, 'time_iter': 0.07778, 'mae': 0.1033, 'r2': 0.97873, 'spearmanr': 0.98945, 'mse': 0.02873, 'rmse': 0.16951}
val: {'epoch': 25, 'time_epoch': 14.14258, 'loss': 0.10862742, 'lr': 0, 'params': 6153889, 'time_iter': 0.02413, 'mae': 0.10863, 'r2': 0.97796, 'spearmanr': 0.98931, 'mse': 0.02964, 'rmse': 0.17217}
test: {'epoch': 25, 'time_epoch': 6.87283, 'loss': 0.11566699, 'lr': 0, 'params': 6153889, 'time_iter': 0.02386, 'mae': 0.11567, 'r2': 0.97744, 'spearmanr': 0.98824, 'mse': 0.03524, 'rmse': 0.18773}
> Epoch 25: took 1003.7s (avg 1010.3s) | Best so far: epoch 24	train_loss: 0.1042 train_mae: 0.1042	val_loss: 0.1017 val_mae: 0.1017	test_loss: 0.1088 test_mae: 0.1087
train: {'epoch': 26, 'time_epoch': 1005.01342, 'eta': 72099.20251, 'eta_hours': 20.02756, 'loss': 0.10255622, 'lr': 0.0004421, 'params': 6153889, 'time_iter': 0.07969, 'mae': 0.10256, 'r2': 0.97892, 'spearmanr': 0.98952, 'mse': 0.02848, 'rmse': 0.16876}
val: {'epoch': 26, 'time_epoch': 14.06925, 'loss': 0.10407317, 'lr': 0, 'params': 6153889, 'time_iter': 0.02401, 'mae': 0.10407, 'r2': 0.97854, 'spearmanr': 0.9895, 'mse': 0.02886, 'rmse': 0.16988}
test: {'epoch': 26, 'time_epoch': 6.801, 'loss': 0.11061724, 'lr': 0, 'params': 6153889, 'time_iter': 0.02361, 'mae': 0.11062, 'r2': 0.97873, 'spearmanr': 0.98898, 'mse': 0.03323, 'rmse': 0.1823}
> Epoch 26: took 1027.5s (avg 1010.9s) | Best so far: epoch 24	train_loss: 0.1042 train_mae: 0.1042	val_loss: 0.1017 val_mae: 0.1017	test_loss: 0.1088 test_mae: 0.1087
train: {'epoch': 27, 'time_epoch': 973.03969, 'eta': 71073.94633, 'eta_hours': 19.74276, 'loss': 0.10149421, 'lr': 0.00043671, 'params': 6153889, 'time_iter': 0.07715, 'mae': 0.10149, 'r2': 0.97921, 'spearmanr': 0.98967, 'mse': 0.02809, 'rmse': 0.1676}
val: {'epoch': 27, 'time_epoch': 14.25201, 'loss': 0.10086023, 'lr': 0, 'params': 6153889, 'time_iter': 0.02432, 'mae': 0.10086, 'r2': 0.97949, 'spearmanr': 0.98968, 'mse': 0.02759, 'rmse': 0.16611}
test: {'epoch': 27, 'time_epoch': 6.88473, 'loss': 0.10840741, 'lr': 0, 'params': 6153889, 'time_iter': 0.02391, 'mae': 0.10841, 'r2': 0.9793, 'spearmanr': 0.98903, 'mse': 0.03234, 'rmse': 0.17984}
> Epoch 27: took 995.9s (avg 1010.4s) | Best so far: epoch 27	train_loss: 0.1015 train_mae: 0.1015	val_loss: 0.1009 val_mae: 0.1009	test_loss: 0.1084 test_mae: 0.1084
train: {'epoch': 28, 'time_epoch': 968.5803, 'eta': 70041.37347, 'eta_hours': 19.45594, 'loss': 0.10073036, 'lr': 0.00043111, 'params': 6153889, 'time_iter': 0.0768, 'mae': 0.10073, 'r2': 0.97951, 'spearmanr': 0.98981, 'mse': 0.02768, 'rmse': 0.16637}
val: {'epoch': 28, 'time_epoch': 14.24468, 'loss': 0.10210377, 'lr': 0, 'params': 6153889, 'time_iter': 0.02431, 'mae': 0.1021, 'r2': 0.97894, 'spearmanr': 0.98966, 'mse': 0.02832, 'rmse': 0.16829}
test: {'epoch': 28, 'time_epoch': 6.89422, 'loss': 0.10983949, 'lr': 0, 'params': 6153889, 'time_iter': 0.02394, 'mae': 0.10984, 'r2': 0.97929, 'spearmanr': 0.98926, 'mse': 0.03236, 'rmse': 0.17989}
> Epoch 28: took 991.4s (avg 1009.7s) | Best so far: epoch 27	train_loss: 0.1015 train_mae: 0.1015	val_loss: 0.1009 val_mae: 0.1009	test_loss: 0.1084 test_mae: 0.1084
train: {'epoch': 29, 'time_epoch': 970.54797, 'eta': 69017.65801, 'eta_hours': 19.17157, 'loss': 0.09974666, 'lr': 0.00042531, 'params': 6153889, 'time_iter': 0.07695, 'mae': 0.09975, 'r2': 0.97981, 'spearmanr': 0.98992, 'mse': 0.02727, 'rmse': 0.16514}
val: {'epoch': 29, 'time_epoch': 14.06637, 'loss': 0.10109374, 'lr': 0, 'params': 6153889, 'time_iter': 0.024, 'mae': 0.10109, 'r2': 0.97939, 'spearmanr': 0.98988, 'mse': 0.02773, 'rmse': 0.16651}
test: {'epoch': 29, 'time_epoch': 6.82121, 'loss': 0.10801217, 'lr': 0, 'params': 6153889, 'time_iter': 0.02368, 'mae': 0.10801, 'r2': 0.97932, 'spearmanr': 0.98925, 'mse': 0.03232, 'rmse': 0.17976}
> Epoch 29: took 993.1s (avg 1009.2s) | Best so far: epoch 27	train_loss: 0.1015 train_mae: 0.1015	val_loss: 0.1009 val_mae: 0.1009	test_loss: 0.1084 test_mae: 0.1084
train: {'epoch': 30, 'time_epoch': 955.5397, 'eta': 67963.96722, 'eta_hours': 18.87888, 'loss': 0.09889474, 'lr': 0.00041932, 'params': 6153889, 'time_iter': 0.07576, 'mae': 0.09889, 'r2': 0.98005, 'spearmanr': 0.99004, 'mse': 0.02695, 'rmse': 0.16416}
val: {'epoch': 30, 'time_epoch': 14.04862, 'loss': 0.09893659, 'lr': 0, 'params': 6153889, 'time_iter': 0.02397, 'mae': 0.09894, 'r2': 0.97964, 'spearmanr': 0.98976, 'mse': 0.02739, 'rmse': 0.16549}
test: {'epoch': 30, 'time_epoch': 6.743, 'loss': 0.1059123, 'lr': 0, 'params': 6153889, 'time_iter': 0.02341, 'mae': 0.10591, 'r2': 0.9794, 'spearmanr': 0.98888, 'mse': 0.03218, 'rmse': 0.17938}
> Epoch 30: took 978.0s (avg 1008.2s) | Best so far: epoch 30	train_loss: 0.0989 train_mae: 0.0989	val_loss: 0.0989 val_mae: 0.0989	test_loss: 0.1059 test_mae: 0.1059
train: {'epoch': 31, 'time_epoch': 966.28777, 'eta': 66939.25051, 'eta_hours': 18.59424, 'loss': 0.09809896, 'lr': 0.00041315, 'params': 6153889, 'time_iter': 0.07662, 'mae': 0.0981, 'r2': 0.98024, 'spearmanr': 0.99013, 'mse': 0.0267, 'rmse': 0.1634}
val: {'epoch': 31, 'time_epoch': 13.9968, 'loss': 0.09857466, 'lr': 0, 'params': 6153889, 'time_iter': 0.02389, 'mae': 0.09857, 'r2': 0.97974, 'spearmanr': 0.98994, 'mse': 0.02725, 'rmse': 0.16507}
test: {'epoch': 31, 'time_epoch': 6.78275, 'loss': 0.10501294, 'lr': 0, 'params': 6153889, 'time_iter': 0.02355, 'mae': 0.10501, 'r2': 0.9802, 'spearmanr': 0.98938, 'mse': 0.03094, 'rmse': 0.1759}
> Epoch 31: took 988.7s (avg 1007.5s) | Best so far: epoch 31	train_loss: 0.0981 train_mae: 0.0981	val_loss: 0.0986 val_mae: 0.0986	test_loss: 0.1050 test_mae: 0.1050
train: {'epoch': 32, 'time_epoch': 961.91041, 'eta': 65909.18758, 'eta_hours': 18.30811, 'loss': 0.09712471, 'lr': 0.00040679, 'params': 6153889, 'time_iter': 0.07627, 'mae': 0.09712, 'r2': 0.98056, 'spearmanr': 0.99024, 'mse': 0.02626, 'rmse': 0.16204}
val: {'epoch': 32, 'time_epoch': 14.05298, 'loss': 0.0988506, 'lr': 0, 'params': 6153889, 'time_iter': 0.02398, 'mae': 0.09885, 'r2': 0.97975, 'spearmanr': 0.98989, 'mse': 0.02724, 'rmse': 0.16504}
test: {'epoch': 32, 'time_epoch': 6.79924, 'loss': 0.10666709, 'lr': 0, 'params': 6153889, 'time_iter': 0.02361, 'mae': 0.10667, 'r2': 0.978, 'spearmanr': 0.98866, 'mse': 0.03438, 'rmse': 0.18541}
> Epoch 32: took 984.4s (avg 1006.8s) | Best so far: epoch 31	train_loss: 0.0981 train_mae: 0.0981	val_loss: 0.0986 val_mae: 0.0986	test_loss: 0.1050 test_mae: 0.1050
train: {'epoch': 33, 'time_epoch': 980.58287, 'eta': 64919.38015, 'eta_hours': 18.03316, 'loss': 0.09637721, 'lr': 0.00040027, 'params': 6153889, 'time_iter': 0.07775, 'mae': 0.09638, 'r2': 0.98076, 'spearmanr': 0.99034, 'mse': 0.02599, 'rmse': 0.16121}
val: {'epoch': 33, 'time_epoch': 14.00155, 'loss': 0.09961342, 'lr': 0, 'params': 6153889, 'time_iter': 0.02389, 'mae': 0.09961, 'r2': 0.97976, 'spearmanr': 0.9899, 'mse': 0.02722, 'rmse': 0.165}
test: {'epoch': 33, 'time_epoch': 6.85056, 'loss': 0.10715799, 'lr': 0, 'params': 6153889, 'time_iter': 0.02379, 'mae': 0.10716, 'r2': 0.97842, 'spearmanr': 0.9889, 'mse': 0.03372, 'rmse': 0.18364}
> Epoch 33: took 1003.1s (avg 1006.7s) | Best so far: epoch 31	train_loss: 0.0981 train_mae: 0.0981	val_loss: 0.0986 val_mae: 0.0986	test_loss: 0.1050 test_mae: 0.1050
train: {'epoch': 34, 'time_epoch': 961.9238, 'eta': 63895.44729, 'eta_hours': 17.74874, 'loss': 0.09531631, 'lr': 0.00039358, 'params': 6153889, 'time_iter': 0.07627, 'mae': 0.09532, 'r2': 0.98103, 'spearmanr': 0.99047, 'mse': 0.02563, 'rmse': 0.16009}
val: {'epoch': 34, 'time_epoch': 13.90798, 'loss': 0.09788413, 'lr': 0, 'params': 6153889, 'time_iter': 0.02373, 'mae': 0.09788, 'r2': 0.98026, 'spearmanr': 0.99011, 'mse': 0.02656, 'rmse': 0.16296}
test: {'epoch': 34, 'time_epoch': 6.7501, 'loss': 0.10432479, 'lr': 0, 'params': 6153889, 'time_iter': 0.02344, 'mae': 0.10432, 'r2': 0.9804, 'spearmanr': 0.98963, 'mse': 0.03063, 'rmse': 0.17501}
> Epoch 34: took 984.2s (avg 1006.1s) | Best so far: epoch 34	train_loss: 0.0953 train_mae: 0.0953	val_loss: 0.0979 val_mae: 0.0979	test_loss: 0.1043 test_mae: 0.1043
train: {'epoch': 35, 'time_epoch': 981.07857, 'eta': 62909.01231, 'eta_hours': 17.47473, 'loss': 0.09467617, 'lr': 0.00038674, 'params': 6153889, 'time_iter': 0.07779, 'mae': 0.09468, 'r2': 0.98129, 'spearmanr': 0.99057, 'mse': 0.02527, 'rmse': 0.15896}
val: {'epoch': 35, 'time_epoch': 14.45556, 'loss': 0.09765889, 'lr': 0, 'params': 6153889, 'time_iter': 0.02467, 'mae': 0.09766, 'r2': 0.98002, 'spearmanr': 0.9901, 'mse': 0.02687, 'rmse': 0.16393}
test: {'epoch': 35, 'time_epoch': 6.93971, 'loss': 0.10509241, 'lr': 0, 'params': 6153889, 'time_iter': 0.0241, 'mae': 0.10509, 'r2': 0.9798, 'spearmanr': 0.98922, 'mse': 0.03156, 'rmse': 0.17766}
> Epoch 35: took 1004.2s (avg 1006.0s) | Best so far: epoch 35	train_loss: 0.0947 train_mae: 0.0947	val_loss: 0.0977 val_mae: 0.0977	test_loss: 0.1051 test_mae: 0.1051
train: {'epoch': 36, 'time_epoch': 970.02447, 'eta': 61904.04501, 'eta_hours': 17.19557, 'loss': 0.09379437, 'lr': 0.00037974, 'params': 6153889, 'time_iter': 0.07691, 'mae': 0.09379, 'r2': 0.98146, 'spearmanr': 0.99066, 'mse': 0.02505, 'rmse': 0.15827}
val: {'epoch': 36, 'time_epoch': 13.86889, 'loss': 0.09645228, 'lr': 0, 'params': 6153889, 'time_iter': 0.02367, 'mae': 0.09645, 'r2': 0.98018, 'spearmanr': 0.99001, 'mse': 0.02666, 'rmse': 0.16329}
test: {'epoch': 36, 'time_epoch': 6.73212, 'loss': 0.10280013, 'lr': 0, 'params': 6153889, 'time_iter': 0.02338, 'mae': 0.1028, 'r2': 0.98036, 'spearmanr': 0.98954, 'mse': 0.03068, 'rmse': 0.17516}
> Epoch 36: took 992.3s (avg 1005.7s) | Best so far: epoch 36	train_loss: 0.0938 train_mae: 0.0938	val_loss: 0.0965 val_mae: 0.0964	test_loss: 0.1028 test_mae: 0.1028
train: {'epoch': 37, 'time_epoch': 961.13272, 'eta': 60886.40922, 'eta_hours': 16.91289, 'loss': 0.09295731, 'lr': 0.00037261, 'params': 6153889, 'time_iter': 0.07621, 'mae': 0.09296, 'r2': 0.98172, 'spearmanr': 0.99077, 'mse': 0.0247, 'rmse': 0.15716}
val: {'epoch': 37, 'time_epoch': 14.09565, 'loss': 0.09542386, 'lr': 0, 'params': 6153889, 'time_iter': 0.02405, 'mae': 0.09542, 'r2': 0.98052, 'spearmanr': 0.9902, 'mse': 0.0262, 'rmse': 0.16186}
test: {'epoch': 37, 'time_epoch': 6.81023, 'loss': 0.10235746, 'lr': 0, 'params': 6153889, 'time_iter': 0.02365, 'mae': 0.10236, 'r2': 0.98067, 'spearmanr': 0.98958, 'mse': 0.03021, 'rmse': 0.17381}
> Epoch 37: took 983.7s (avg 1005.1s) | Best so far: epoch 37	train_loss: 0.0930 train_mae: 0.0930	val_loss: 0.0954 val_mae: 0.0954	test_loss: 0.1024 test_mae: 0.1024
train: {'epoch': 38, 'time_epoch': 973.17551, 'eta': 59890.50717, 'eta_hours': 16.63625, 'loss': 0.09217362, 'lr': 0.00036534, 'params': 6153889, 'time_iter': 0.07716, 'mae': 0.09217, 'r2': 0.982, 'spearmanr': 0.99088, 'mse': 0.02432, 'rmse': 0.15595}
val: {'epoch': 38, 'time_epoch': 13.99118, 'loss': 0.09532565, 'lr': 0, 'params': 6153889, 'time_iter': 0.02388, 'mae': 0.09533, 'r2': 0.98063, 'spearmanr': 0.99027, 'mse': 0.02606, 'rmse': 0.16142}
test: {'epoch': 38, 'time_epoch': 6.73638, 'loss': 0.10315975, 'lr': 0, 'params': 6153889, 'time_iter': 0.02339, 'mae': 0.10316, 'r2': 0.97921, 'spearmanr': 0.98904, 'mse': 0.03249, 'rmse': 0.18025}
> Epoch 38: took 995.5s (avg 1004.8s) | Best so far: epoch 38	train_loss: 0.0922 train_mae: 0.0922	val_loss: 0.0953 val_mae: 0.0953	test_loss: 0.1032 test_mae: 0.1032
train: {'epoch': 39, 'time_epoch': 959.64753, 'eta': 58875.44948, 'eta_hours': 16.35429, 'loss': 0.09145527, 'lr': 0.00035794, 'params': 6153889, 'time_iter': 0.07609, 'mae': 0.09146, 'r2': 0.98211, 'spearmanr': 0.99096, 'mse': 0.02417, 'rmse': 0.15547}
val: {'epoch': 39, 'time_epoch': 13.88242, 'loss': 0.0949846, 'lr': 0, 'params': 6153889, 'time_iter': 0.02369, 'mae': 0.09498, 'r2': 0.98054, 'spearmanr': 0.99021, 'mse': 0.02617, 'rmse': 0.16178}
test: {'epoch': 39, 'time_epoch': 6.72121, 'loss': 0.10169691, 'lr': 0, 'params': 6153889, 'time_iter': 0.02334, 'mae': 0.1017, 'r2': 0.98054, 'spearmanr': 0.98957, 'mse': 0.0304, 'rmse': 0.17435}
> Epoch 39: took 981.9s (avg 1004.3s) | Best so far: epoch 39	train_loss: 0.0915 train_mae: 0.0915	val_loss: 0.0950 val_mae: 0.0950	test_loss: 0.1017 test_mae: 0.1017
train: {'epoch': 40, 'time_epoch': 958.40145, 'eta': 57861.30159, 'eta_hours': 16.07258, 'loss': 0.09071919, 'lr': 0.00035042, 'params': 6153889, 'time_iter': 0.07599, 'mae': 0.09072, 'r2': 0.98227, 'spearmanr': 0.99106, 'mse': 0.02395, 'rmse': 0.15475}
val: {'epoch': 40, 'time_epoch': 14.00129, 'loss': 0.09395278, 'lr': 0, 'params': 6153889, 'time_iter': 0.02389, 'mae': 0.09395, 'r2': 0.9806, 'spearmanr': 0.99036, 'mse': 0.02609, 'rmse': 0.16153}
test: {'epoch': 40, 'time_epoch': 6.76941, 'loss': 0.10089216, 'lr': 0, 'params': 6153889, 'time_iter': 0.0235, 'mae': 0.10089, 'r2': 0.98024, 'spearmanr': 0.98954, 'mse': 0.03087, 'rmse': 0.17569}
> Epoch 40: took 980.8s (avg 1003.7s) | Best so far: epoch 40	train_loss: 0.0907 train_mae: 0.0907	val_loss: 0.0940 val_mae: 0.0940	test_loss: 0.1009 test_mae: 0.1009
train: {'epoch': 41, 'time_epoch': 1013.52432, 'eta': 56925.93034, 'eta_hours': 15.81276, 'loss': 0.0899159, 'lr': 0.0003428, 'params': 6153889, 'time_iter': 0.08036, 'mae': 0.08992, 'r2': 0.9826, 'spearmanr': 0.99116, 'mse': 0.0235, 'rmse': 0.15331}
val: {'epoch': 41, 'time_epoch': 13.89217, 'loss': 0.09478781, 'lr': 0, 'params': 6153889, 'time_iter': 0.02371, 'mae': 0.09479, 'r2': 0.98069, 'spearmanr': 0.99025, 'mse': 0.02598, 'rmse': 0.16117}
test: {'epoch': 41, 'time_epoch': 6.70724, 'loss': 0.10114844, 'lr': 0, 'params': 6153889, 'time_iter': 0.02329, 'mae': 0.10115, 'r2': 0.98065, 'spearmanr': 0.98954, 'mse': 0.03023, 'rmse': 0.17385}
> Epoch 41: took 1035.8s (avg 1004.5s) | Best so far: epoch 40	train_loss: 0.0907 train_mae: 0.0907	val_loss: 0.0940 val_mae: 0.0940	test_loss: 0.1009 test_mae: 0.1009
train: {'epoch': 42, 'time_epoch': 1035.14809, 'eta': 56015.58815, 'eta_hours': 15.55989, 'loss': 0.08938023, 'lr': 0.00033507, 'params': 6153889, 'time_iter': 0.08208, 'mae': 0.08938, 'r2': 0.98279, 'spearmanr': 0.99124, 'mse': 0.02325, 'rmse': 0.15248}
val: {'epoch': 42, 'time_epoch': 14.13918, 'loss': 0.09497463, 'lr': 0, 'params': 6153889, 'time_iter': 0.02413, 'mae': 0.09497, 'r2': 0.98086, 'spearmanr': 0.99032, 'mse': 0.02575, 'rmse': 0.16047}
test: {'epoch': 42, 'time_epoch': 6.85175, 'loss': 0.10161829, 'lr': 0, 'params': 6153889, 'time_iter': 0.02379, 'mae': 0.10162, 'r2': 0.98105, 'spearmanr': 0.98982, 'mse': 0.02961, 'rmse': 0.17208}
> Epoch 42: took 1057.8s (avg 1005.7s) | Best so far: epoch 40	train_loss: 0.0907 train_mae: 0.0907	val_loss: 0.0940 val_mae: 0.0940	test_loss: 0.1009 test_mae: 0.1009
train: {'epoch': 43, 'time_epoch': 882.35763, 'eta': 54905.11236, 'eta_hours': 15.25142, 'loss': 0.08853585, 'lr': 0.00032725, 'params': 6153889, 'time_iter': 0.06996, 'mae': 0.08854, 'r2': 0.98312, 'spearmanr': 0.99137, 'mse': 0.0228, 'rmse': 0.15099}
val: {'epoch': 43, 'time_epoch': 13.82118, 'loss': 0.09461336, 'lr': 0, 'params': 6153889, 'time_iter': 0.02359, 'mae': 0.09461, 'r2': 0.98098, 'spearmanr': 0.99047, 'mse': 0.02559, 'rmse': 0.15997}
test: {'epoch': 43, 'time_epoch': 6.71273, 'loss': 0.10052212, 'lr': 0, 'params': 6153889, 'time_iter': 0.02331, 'mae': 0.10052, 'r2': 0.98115, 'spearmanr': 0.98989, 'mse': 0.02945, 'rmse': 0.17161}
> Epoch 43: took 904.5s (avg 1003.4s) | Best so far: epoch 40	train_loss: 0.0907 train_mae: 0.0907	val_loss: 0.0940 val_mae: 0.0940	test_loss: 0.1009 test_mae: 0.1009
train: {'epoch': 44, 'time_epoch': 941.32334, 'eta': 53876.84436, 'eta_hours': 14.96579, 'loss': 0.08796112, 'lr': 0.00031935, 'params': 6153889, 'time_iter': 0.07464, 'mae': 0.08796, 'r2': 0.98326, 'spearmanr': 0.99143, 'mse': 0.02261, 'rmse': 0.15038}
val: {'epoch': 44, 'time_epoch': 13.96708, 'loss': 0.09655559, 'lr': 0, 'params': 6153889, 'time_iter': 0.02383, 'mae': 0.09656, 'r2': 0.98036, 'spearmanr': 0.99047, 'mse': 0.02641, 'rmse': 0.16252}
test: {'epoch': 44, 'time_epoch': 6.7768, 'loss': 0.10267612, 'lr': 0, 'params': 6153889, 'time_iter': 0.02353, 'mae': 0.10268, 'r2': 0.9808, 'spearmanr': 0.98997, 'mse': 0.03, 'rmse': 0.1732}
> Epoch 44: took 963.7s (avg 1002.5s) | Best so far: epoch 40	train_loss: 0.0907 train_mae: 0.0907	val_loss: 0.0940 val_mae: 0.0940	test_loss: 0.1009 test_mae: 0.1009
train: {'epoch': 45, 'time_epoch': 959.70596, 'eta': 52873.93617, 'eta_hours': 14.6872, 'loss': 0.0871855, 'lr': 0.00031137, 'params': 6153889, 'time_iter': 0.07609, 'mae': 0.08719, 'r2': 0.98354, 'spearmanr': 0.99152, 'mse': 0.02223, 'rmse': 0.1491}
val: {'epoch': 45, 'time_epoch': 13.97614, 'loss': 0.09246032, 'lr': 0, 'params': 6153889, 'time_iter': 0.02385, 'mae': 0.09246, 'r2': 0.98113, 'spearmanr': 0.99055, 'mse': 0.02539, 'rmse': 0.15933}
test: {'epoch': 45, 'time_epoch': 6.7527, 'loss': 0.09937042, 'lr': 0, 'params': 6153889, 'time_iter': 0.02345, 'mae': 0.09937, 'r2': 0.98119, 'spearmanr': 0.98982, 'mse': 0.02939, 'rmse': 0.17143}
> Epoch 45: took 982.1s (avg 1002.1s) | Best so far: epoch 45	train_loss: 0.0872 train_mae: 0.0872	val_loss: 0.0925 val_mae: 0.0925	test_loss: 0.0994 test_mae: 0.0994
train: {'epoch': 46, 'time_epoch': 964.2827, 'eta': 51878.02738, 'eta_hours': 14.41056, 'loss': 0.08656284, 'lr': 0.00030332, 'params': 6153889, 'time_iter': 0.07646, 'mae': 0.08656, 'r2': 0.98375, 'spearmanr': 0.9916, 'mse': 0.02195, 'rmse': 0.14815}
val: {'epoch': 46, 'time_epoch': 13.87262, 'loss': 0.09203997, 'lr': 0, 'params': 6153889, 'time_iter': 0.02367, 'mae': 0.09204, 'r2': 0.98136, 'spearmanr': 0.9906, 'mse': 0.02507, 'rmse': 0.15835}
test: {'epoch': 46, 'time_epoch': 6.72333, 'loss': 0.09923412, 'lr': 0, 'params': 6153889, 'time_iter': 0.02334, 'mae': 0.09923, 'r2': 0.98165, 'spearmanr': 0.98999, 'mse': 0.02867, 'rmse': 0.16932}
> Epoch 46: took 986.5s (avg 1001.7s) | Best so far: epoch 46	train_loss: 0.0866 train_mae: 0.0866	val_loss: 0.0920 val_mae: 0.0920	test_loss: 0.0992 test_mae: 0.0992
train: {'epoch': 47, 'time_epoch': 980.91977, 'eta': 50901.45982, 'eta_hours': 14.13929, 'loss': 0.08586065, 'lr': 0.00029522, 'params': 6153889, 'time_iter': 0.07778, 'mae': 0.08586, 'r2': 0.98401, 'spearmanr': 0.99171, 'mse': 0.0216, 'rmse': 0.14696}
val: {'epoch': 47, 'time_epoch': 14.44148, 'loss': 0.09123419, 'lr': 0, 'params': 6153889, 'time_iter': 0.02464, 'mae': 0.09123, 'r2': 0.98134, 'spearmanr': 0.99058, 'mse': 0.0251, 'rmse': 0.15842}
test: {'epoch': 47, 'time_epoch': 6.97034, 'loss': 0.09802669, 'lr': 0, 'params': 6153889, 'time_iter': 0.0242, 'mae': 0.09803, 'r2': 0.98146, 'spearmanr': 0.9901, 'mse': 0.02897, 'rmse': 0.17019}
> Epoch 47: took 1004.0s (avg 1001.8s) | Best so far: epoch 47	train_loss: 0.0859 train_mae: 0.0859	val_loss: 0.0912 val_mae: 0.0912	test_loss: 0.0980 test_mae: 0.0980
train: {'epoch': 48, 'time_epoch': 1054.84603, 'eta': 50001.65829, 'eta_hours': 13.88935, 'loss': 0.0852816, 'lr': 0.00028707, 'params': 6153889, 'time_iter': 0.08364, 'mae': 0.08528, 'r2': 0.98416, 'spearmanr': 0.99178, 'mse': 0.02139, 'rmse': 0.14626}
val: {'epoch': 48, 'time_epoch': 14.41185, 'loss': 0.09205206, 'lr': 0, 'params': 6153889, 'time_iter': 0.02459, 'mae': 0.09205, 'r2': 0.98115, 'spearmanr': 0.99061, 'mse': 0.02536, 'rmse': 0.15924}
test: {'epoch': 48, 'time_epoch': 6.90618, 'loss': 0.09889172, 'lr': 0, 'params': 6153889, 'time_iter': 0.02398, 'mae': 0.09889, 'r2': 0.98116, 'spearmanr': 0.98997, 'mse': 0.02944, 'rmse': 0.17157}
> Epoch 48: took 1077.9s (avg 1003.3s) | Best so far: epoch 47	train_loss: 0.0859 train_mae: 0.0859	val_loss: 0.0912 val_mae: 0.0912	test_loss: 0.0980 test_mae: 0.0980
train: {'epoch': 49, 'time_epoch': 1010.89313, 'eta': 49051.70207, 'eta_hours': 13.62547, 'loss': 0.08459745, 'lr': 0.00027887, 'params': 6153889, 'time_iter': 0.08015, 'mae': 0.0846, 'r2': 0.98438, 'spearmanr': 0.99186, 'mse': 0.0211, 'rmse': 0.14525}
val: {'epoch': 49, 'time_epoch': 14.28325, 'loss': 0.09121324, 'lr': 0, 'params': 6153889, 'time_iter': 0.02437, 'mae': 0.09121, 'r2': 0.98136, 'spearmanr': 0.99059, 'mse': 0.02508, 'rmse': 0.15835}
test: {'epoch': 49, 'time_epoch': 6.89272, 'loss': 0.09841341, 'lr': 0, 'params': 6153889, 'time_iter': 0.02393, 'mae': 0.09841, 'r2': 0.9812, 'spearmanr': 0.98991, 'mse': 0.02937, 'rmse': 0.17137}
> Epoch 49: took 1033.8s (avg 1004.0s) | Best so far: epoch 49	train_loss: 0.0846 train_mae: 0.0846	val_loss: 0.0912 val_mae: 0.0912	test_loss: 0.0984 test_mae: 0.0984
train: {'epoch': 50, 'time_epoch': 1013.52174, 'eta': 48101.8817, 'eta_hours': 13.36163, 'loss': 0.08401043, 'lr': 0.00027064, 'params': 6153889, 'time_iter': 0.08036, 'mae': 0.08401, 'r2': 0.9846, 'spearmanr': 0.99194, 'mse': 0.02081, 'rmse': 0.14424}
val: {'epoch': 50, 'time_epoch': 14.58712, 'loss': 0.09198645, 'lr': 0, 'params': 6153889, 'time_iter': 0.02489, 'mae': 0.09199, 'r2': 0.98134, 'spearmanr': 0.99056, 'mse': 0.0251, 'rmse': 0.15843}
test: {'epoch': 50, 'time_epoch': 7.12002, 'loss': 0.0986611, 'lr': 0, 'params': 6153889, 'time_iter': 0.02472, 'mae': 0.09866, 'r2': 0.98122, 'spearmanr': 0.98991, 'mse': 0.02934, 'rmse': 0.17129}
> Epoch 50: took 1037.0s (avg 1004.6s) | Best so far: epoch 49	train_loss: 0.0846 train_mae: 0.0846	val_loss: 0.0912 val_mae: 0.0912	test_loss: 0.0984 test_mae: 0.0984
train: {'epoch': 51, 'time_epoch': 1025.5027, 'eta': 47160.67063, 'eta_hours': 13.10019, 'loss': 0.08332802, 'lr': 0.0002624, 'params': 6153889, 'time_iter': 0.08131, 'mae': 0.08333, 'r2': 0.98476, 'spearmanr': 0.99201, 'mse': 0.02059, 'rmse': 0.14348}
val: {'epoch': 51, 'time_epoch': 14.8035, 'loss': 0.09059414, 'lr': 0, 'params': 6153889, 'time_iter': 0.02526, 'mae': 0.09059, 'r2': 0.98142, 'spearmanr': 0.99066, 'mse': 0.025, 'rmse': 0.1581}
test: {'epoch': 51, 'time_epoch': 7.11571, 'loss': 0.09747404, 'lr': 0, 'params': 6153889, 'time_iter': 0.02471, 'mae': 0.09747, 'r2': 0.98146, 'spearmanr': 0.99001, 'mse': 0.02896, 'rmse': 0.17018}
> Epoch 51: took 1049.2s (avg 1005.5s) | Best so far: epoch 51	train_loss: 0.0833 train_mae: 0.0833	val_loss: 0.0906 val_mae: 0.0906	test_loss: 0.0975 test_mae: 0.0975
train: {'epoch': 52, 'time_epoch': 1035.74884, 'eta': 46225.36493, 'eta_hours': 12.84038, 'loss': 0.08267086, 'lr': 0.00025413, 'params': 6153889, 'time_iter': 0.08212, 'mae': 0.08267, 'r2': 0.98476, 'spearmanr': 0.99209, 'mse': 0.02059, 'rmse': 0.1435}
val: {'epoch': 52, 'time_epoch': 14.73891, 'loss': 0.09158187, 'lr': 0, 'params': 6153889, 'time_iter': 0.02515, 'mae': 0.09158, 'r2': 0.98133, 'spearmanr': 0.99073, 'mse': 0.02511, 'rmse': 0.15846}
test: {'epoch': 52, 'time_epoch': 7.14622, 'loss': 0.09846186, 'lr': 0, 'params': 6153889, 'time_iter': 0.02481, 'mae': 0.09846, 'r2': 0.98133, 'spearmanr': 0.99011, 'mse': 0.02917, 'rmse': 0.1708}
> Epoch 52: took 1059.4s (avg 1006.5s) | Best so far: epoch 51	train_loss: 0.0833 train_mae: 0.0833	val_loss: 0.0906 val_mae: 0.0906	test_loss: 0.0975 test_mae: 0.0975
train: {'epoch': 53, 'time_epoch': 1038.26558, 'eta': 45288.48301, 'eta_hours': 12.58013, 'loss': 0.08202386, 'lr': 0.00024587, 'params': 6153889, 'time_iter': 0.08232, 'mae': 0.08202, 'r2': 0.98505, 'spearmanr': 0.99216, 'mse': 0.02019, 'rmse': 0.14209}
val: {'epoch': 53, 'time_epoch': 14.82262, 'loss': 0.09029074, 'lr': 0, 'params': 6153889, 'time_iter': 0.02529, 'mae': 0.09029, 'r2': 0.98162, 'spearmanr': 0.99067, 'mse': 0.02473, 'rmse': 0.15725}
test: {'epoch': 53, 'time_epoch': 7.19554, 'loss': 0.09701547, 'lr': 0, 'params': 6153889, 'time_iter': 0.02498, 'mae': 0.09702, 'r2': 0.98145, 'spearmanr': 0.99004, 'mse': 0.02898, 'rmse': 0.17025}
> Epoch 53: took 1062.1s (avg 1007.5s) | Best so far: epoch 53	train_loss: 0.0820 train_mae: 0.0820	val_loss: 0.0903 val_mae: 0.0903	test_loss: 0.0970 test_mae: 0.0970
train: {'epoch': 54, 'time_epoch': 1044.81855, 'eta': 44353.27594, 'eta_hours': 12.32035, 'loss': 0.08149139, 'lr': 0.0002376, 'params': 6153889, 'time_iter': 0.08284, 'mae': 0.08149, 'r2': 0.98518, 'spearmanr': 0.99223, 'mse': 0.02001, 'rmse': 0.14147}
val: {'epoch': 54, 'time_epoch': 14.89316, 'loss': 0.09004667, 'lr': 0, 'params': 6153889, 'time_iter': 0.02541, 'mae': 0.09005, 'r2': 0.98155, 'spearmanr': 0.99069, 'mse': 0.02482, 'rmse': 0.15754}
test: {'epoch': 54, 'time_epoch': 7.25277, 'loss': 0.09779174, 'lr': 0, 'params': 6153889, 'time_iter': 0.02518, 'mae': 0.09779, 'r2': 0.98103, 'spearmanr': 0.98984, 'mse': 0.02963, 'rmse': 0.17215}
> Epoch 54: took 1068.8s (avg 1008.6s) | Best so far: epoch 54	train_loss: 0.0815 train_mae: 0.0815	val_loss: 0.0900 val_mae: 0.0901	test_loss: 0.0978 test_mae: 0.0978
train: {'epoch': 55, 'time_epoch': 1046.25509, 'eta': 43415.28288, 'eta_hours': 12.0598, 'loss': 0.08101179, 'lr': 0.00022936, 'params': 6153889, 'time_iter': 0.08296, 'mae': 0.08101, 'r2': 0.98536, 'spearmanr': 0.99229, 'mse': 0.01978, 'rmse': 0.14065}
val: {'epoch': 55, 'time_epoch': 15.08083, 'loss': 0.09092492, 'lr': 0, 'params': 6153889, 'time_iter': 0.02574, 'mae': 0.09092, 'r2': 0.98144, 'spearmanr': 0.9907, 'mse': 0.02497, 'rmse': 0.15802}
test: {'epoch': 55, 'time_epoch': 7.14089, 'loss': 0.09757077, 'lr': 0, 'params': 6153889, 'time_iter': 0.02479, 'mae': 0.09757, 'r2': 0.98129, 'spearmanr': 0.99001, 'mse': 0.02924, 'rmse': 0.17099}
> Epoch 55: took 1070.3s (avg 1009.7s) | Best so far: epoch 54	train_loss: 0.0815 train_mae: 0.0815	val_loss: 0.0900 val_mae: 0.0901	test_loss: 0.0978 test_mae: 0.0978
train: {'epoch': 56, 'time_epoch': 1041.10893, 'eta': 42469.60896, 'eta_hours': 11.79711, 'loss': 0.08034924, 'lr': 0.00022113, 'params': 6153889, 'time_iter': 0.08255, 'mae': 0.08035, 'r2': 0.98552, 'spearmanr': 0.99238, 'mse': 0.01956, 'rmse': 0.13986}
val: {'epoch': 56, 'time_epoch': 15.06969, 'loss': 0.08946996, 'lr': 0, 'params': 6153889, 'time_iter': 0.02572, 'mae': 0.08947, 'r2': 0.9818, 'spearmanr': 0.99076, 'mse': 0.02447, 'rmse': 0.15644}
test: {'epoch': 56, 'time_epoch': 7.24297, 'loss': 0.09656761, 'lr': 0, 'params': 6153889, 'time_iter': 0.02515, 'mae': 0.09657, 'r2': 0.98122, 'spearmanr': 0.98991, 'mse': 0.02934, 'rmse': 0.17129}
> Epoch 56: took 1065.2s (avg 1010.7s) | Best so far: epoch 56	train_loss: 0.0803 train_mae: 0.0804	val_loss: 0.0895 val_mae: 0.0895	test_loss: 0.0966 test_mae: 0.0966
train: {'epoch': 57, 'time_epoch': 957.81468, 'eta': 41460.32765, 'eta_hours': 11.51676, 'loss': 0.07961395, 'lr': 0.00021293, 'params': 6153889, 'time_iter': 0.07594, 'mae': 0.07961, 'r2': 0.9857, 'spearmanr': 0.99244, 'mse': 0.01931, 'rmse': 0.13896}
val: {'epoch': 57, 'time_epoch': 14.81936, 'loss': 0.09101921, 'lr': 0, 'params': 6153889, 'time_iter': 0.02529, 'mae': 0.09102, 'r2': 0.98182, 'spearmanr': 0.99079, 'mse': 0.02445, 'rmse': 0.15635}
test: {'epoch': 57, 'time_epoch': 7.14752, 'loss': 0.09811706, 'lr': 0, 'params': 6153889, 'time_iter': 0.02482, 'mae': 0.09812, 'r2': 0.98159, 'spearmanr': 0.99008, 'mse': 0.02877, 'rmse': 0.16961}
> Epoch 57: took 981.5s (avg 1010.2s) | Best so far: epoch 56	train_loss: 0.0803 train_mae: 0.0804	val_loss: 0.0895 val_mae: 0.0895	test_loss: 0.0966 test_mae: 0.0966
train: {'epoch': 58, 'time_epoch': 856.69045, 'eta': 40382.51821, 'eta_hours': 11.21737, 'loss': 0.07906725, 'lr': 0.00020478, 'params': 6153889, 'time_iter': 0.06793, 'mae': 0.07907, 'r2': 0.98582, 'spearmanr': 0.99252, 'mse': 0.01915, 'rmse': 0.13838}
val: {'epoch': 58, 'time_epoch': 14.78861, 'loss': 0.08895349, 'lr': 0, 'params': 6153889, 'time_iter': 0.02524, 'mae': 0.08895, 'r2': 0.98162, 'spearmanr': 0.99073, 'mse': 0.02472, 'rmse': 0.15721}
test: {'epoch': 58, 'time_epoch': 7.1714, 'loss': 0.09639797, 'lr': 0, 'params': 6153889, 'time_iter': 0.0249, 'mae': 0.0964, 'r2': 0.98151, 'spearmanr': 0.99002, 'mse': 0.02888, 'rmse': 0.16995}
> Epoch 58: took 880.4s (avg 1008.0s) | Best so far: epoch 58	train_loss: 0.0791 train_mae: 0.0791	val_loss: 0.0890 val_mae: 0.0890	test_loss: 0.0964 test_mae: 0.0964
train: {'epoch': 59, 'time_epoch': 1006.55371, 'eta': 39411.98823, 'eta_hours': 10.94777, 'loss': 0.07853971, 'lr': 0.00019668, 'params': 6153889, 'time_iter': 0.07981, 'mae': 0.07854, 'r2': 0.986, 'spearmanr': 0.99259, 'mse': 0.01892, 'rmse': 0.13754}
val: {'epoch': 59, 'time_epoch': 14.77543, 'loss': 0.08905551, 'lr': 0, 'params': 6153889, 'time_iter': 0.02521, 'mae': 0.08906, 'r2': 0.98179, 'spearmanr': 0.99078, 'mse': 0.02449, 'rmse': 0.15649}
test: {'epoch': 59, 'time_epoch': 7.18044, 'loss': 0.09621917, 'lr': 0, 'params': 6153889, 'time_iter': 0.02493, 'mae': 0.09622, 'r2': 0.98178, 'spearmanr': 0.99019, 'mse': 0.02846, 'rmse': 0.16871}
> Epoch 59: took 1030.3s (avg 1008.4s) | Best so far: epoch 58	train_loss: 0.0791 train_mae: 0.0791	val_loss: 0.0890 val_mae: 0.0890	test_loss: 0.0964 test_mae: 0.0964
train: {'epoch': 60, 'time_epoch': 982.10375, 'eta': 38424.64521, 'eta_hours': 10.67351, 'loss': 0.07793981, 'lr': 0.00018863, 'params': 6153889, 'time_iter': 0.07787, 'mae': 0.07794, 'r2': 0.98608, 'spearmanr': 0.99266, 'mse': 0.0188, 'rmse': 0.13711}
val: {'epoch': 60, 'time_epoch': 14.91464, 'loss': 0.08887847, 'lr': 0, 'params': 6153889, 'time_iter': 0.02545, 'mae': 0.08888, 'r2': 0.9818, 'spearmanr': 0.99075, 'mse': 0.02448, 'rmse': 0.15646}
test: {'epoch': 60, 'time_epoch': 7.22479, 'loss': 0.09618109, 'lr': 0, 'params': 6153889, 'time_iter': 0.02509, 'mae': 0.09618, 'r2': 0.98158, 'spearmanr': 0.98998, 'mse': 0.02878, 'rmse': 0.16963}
> Epoch 60: took 1006.0s (avg 1008.3s) | Best so far: epoch 60	train_loss: 0.0779 train_mae: 0.0779	val_loss: 0.0889 val_mae: 0.0889	test_loss: 0.0962 test_mae: 0.0962
train: {'epoch': 61, 'time_epoch': 1043.99678, 'eta': 37475.40564, 'eta_hours': 10.40983, 'loss': 0.07733039, 'lr': 0.00018065, 'params': 6153889, 'time_iter': 0.08278, 'mae': 0.07733, 'r2': 0.98622, 'spearmanr': 0.99272, 'mse': 0.01861, 'rmse': 0.13642}
val: {'epoch': 61, 'time_epoch': 14.81159, 'loss': 0.08856694, 'lr': 0, 'params': 6153889, 'time_iter': 0.02528, 'mae': 0.08857, 'r2': 0.98172, 'spearmanr': 0.99075, 'mse': 0.02458, 'rmse': 0.15679}
test: {'epoch': 61, 'time_epoch': 7.1795, 'loss': 0.09580936, 'lr': 0, 'params': 6153889, 'time_iter': 0.02493, 'mae': 0.09581, 'r2': 0.98161, 'spearmanr': 0.99009, 'mse': 0.02874, 'rmse': 0.16951}
> Epoch 61: took 1067.8s (avg 1009.3s) | Best so far: epoch 61	train_loss: 0.0773 train_mae: 0.0773	val_loss: 0.0886 val_mae: 0.0886	test_loss: 0.0958 test_mae: 0.0958
train: {'epoch': 62, 'time_epoch': 982.59048, 'eta': 36487.09388, 'eta_hours': 10.1353, 'loss': 0.07679036, 'lr': 0.00017275, 'params': 6153889, 'time_iter': 0.07791, 'mae': 0.07679, 'r2': 0.98636, 'spearmanr': 0.99278, 'mse': 0.01842, 'rmse': 0.13572}
val: {'epoch': 62, 'time_epoch': 14.85683, 'loss': 0.09010343, 'lr': 0, 'params': 6153889, 'time_iter': 0.02535, 'mae': 0.0901, 'r2': 0.98191, 'spearmanr': 0.99083, 'mse': 0.02434, 'rmse': 0.15601}
test: {'epoch': 62, 'time_epoch': 7.18938, 'loss': 0.09723437, 'lr': 0, 'params': 6153889, 'time_iter': 0.02496, 'mae': 0.09723, 'r2': 0.98164, 'spearmanr': 0.99011, 'mse': 0.02869, 'rmse': 0.16938}
> Epoch 62: took 1006.5s (avg 1009.2s) | Best so far: epoch 61	train_loss: 0.0773 train_mae: 0.0773	val_loss: 0.0886 val_mae: 0.0886	test_loss: 0.0958 test_mae: 0.0958
train: {'epoch': 63, 'time_epoch': 1053.65888, 'eta': 35538.93689, 'eta_hours': 9.87193, 'loss': 0.07621078, 'lr': 0.00016493, 'params': 6153889, 'time_iter': 0.08354, 'mae': 0.07621, 'r2': 0.98651, 'spearmanr': 0.99285, 'mse': 0.01822, 'rmse': 0.13498}
val: {'epoch': 63, 'time_epoch': 14.79909, 'loss': 0.0883988, 'lr': 0, 'params': 6153889, 'time_iter': 0.02525, 'mae': 0.0884, 'r2': 0.98177, 'spearmanr': 0.9908, 'mse': 0.02452, 'rmse': 0.15659}
test: {'epoch': 63, 'time_epoch': 7.11233, 'loss': 0.09565368, 'lr': 0, 'params': 6153889, 'time_iter': 0.0247, 'mae': 0.09565, 'r2': 0.98154, 'spearmanr': 0.99011, 'mse': 0.02883, 'rmse': 0.16981}
> Epoch 63: took 1077.4s (avg 1010.3s) | Best so far: epoch 63	train_loss: 0.0762 train_mae: 0.0762	val_loss: 0.0884 val_mae: 0.0884	test_loss: 0.0957 test_mae: 0.0956
train: {'epoch': 64, 'time_epoch': 1029.6554, 'eta': 34574.60874, 'eta_hours': 9.60406, 'loss': 0.0756772, 'lr': 0.0001572, 'params': 6153889, 'time_iter': 0.08164, 'mae': 0.07568, 'r2': 0.98661, 'spearmanr': 0.99291, 'mse': 0.01809, 'rmse': 0.13448}
val: {'epoch': 64, 'time_epoch': 14.84097, 'loss': 0.08860522, 'lr': 0, 'params': 6153889, 'time_iter': 0.02533, 'mae': 0.08861, 'r2': 0.98183, 'spearmanr': 0.99075, 'mse': 0.02444, 'rmse': 0.15633}
test: {'epoch': 64, 'time_epoch': 7.12452, 'loss': 0.09595853, 'lr': 0, 'params': 6153889, 'time_iter': 0.02474, 'mae': 0.09596, 'r2': 0.98148, 'spearmanr': 0.99, 'mse': 0.02893, 'rmse': 0.17009}
> Epoch 64: took 1053.4s (avg 1011.0s) | Best so far: epoch 63	train_loss: 0.0762 train_mae: 0.0762	val_loss: 0.0884 val_mae: 0.0884	test_loss: 0.0957 test_mae: 0.0956
train: {'epoch': 65, 'time_epoch': 995.82304, 'eta': 33590.87217, 'eta_hours': 9.3308, 'loss': 0.07514442, 'lr': 0.00014958, 'params': 6153889, 'time_iter': 0.07896, 'mae': 0.07514, 'r2': 0.98676, 'spearmanr': 0.99296, 'mse': 0.01789, 'rmse': 0.13374}
val: {'epoch': 65, 'time_epoch': 14.59675, 'loss': 0.08766349, 'lr': 0, 'params': 6153889, 'time_iter': 0.02491, 'mae': 0.08766, 'r2': 0.98215, 'spearmanr': 0.99086, 'mse': 0.02401, 'rmse': 0.15497}
test: {'epoch': 65, 'time_epoch': 7.09857, 'loss': 0.09523188, 'lr': 0, 'params': 6153889, 'time_iter': 0.02465, 'mae': 0.09523, 'r2': 0.98167, 'spearmanr': 0.99015, 'mse': 0.02864, 'rmse': 0.16922}
> Epoch 65: took 1019.3s (avg 1011.1s) | Best so far: epoch 65	train_loss: 0.0751 train_mae: 0.0751	val_loss: 0.0877 val_mae: 0.0877	test_loss: 0.0952 test_mae: 0.0952
train: {'epoch': 66, 'time_epoch': 1027.15308, 'eta': 32622.20603, 'eta_hours': 9.06172, 'loss': 0.07466445, 'lr': 0.00014206, 'params': 6153889, 'time_iter': 0.08144, 'mae': 0.07466, 'r2': 0.98685, 'spearmanr': 0.99302, 'mse': 0.01777, 'rmse': 0.1333}
val: {'epoch': 66, 'time_epoch': 14.60923, 'loss': 0.08784185, 'lr': 0, 'params': 6153889, 'time_iter': 0.02493, 'mae': 0.08784, 'r2': 0.98198, 'spearmanr': 0.99086, 'mse': 0.02423, 'rmse': 0.15566}
test: {'epoch': 66, 'time_epoch': 7.09505, 'loss': 0.09552923, 'lr': 0, 'params': 6153889, 'time_iter': 0.02464, 'mae': 0.09553, 'r2': 0.98147, 'spearmanr': 0.99008, 'mse': 0.02895, 'rmse': 0.17014}
> Epoch 66: took 1050.7s (avg 1011.7s) | Best so far: epoch 65	train_loss: 0.0751 train_mae: 0.0751	val_loss: 0.0877 val_mae: 0.0877	test_loss: 0.0952 test_mae: 0.0952
train: {'epoch': 67, 'time_epoch': 1017.21463, 'eta': 31647.14277, 'eta_hours': 8.79087, 'loss': 0.07408578, 'lr': 0.00013466, 'params': 6153889, 'time_iter': 0.08065, 'mae': 0.07409, 'r2': 0.987, 'spearmanr': 0.99308, 'mse': 0.01756, 'rmse': 0.13253}
val: {'epoch': 67, 'time_epoch': 14.82583, 'loss': 0.08810042, 'lr': 0, 'params': 6153889, 'time_iter': 0.0253, 'mae': 0.0881, 'r2': 0.98193, 'spearmanr': 0.99082, 'mse': 0.02431, 'rmse': 0.15591}
test: {'epoch': 67, 'time_epoch': 7.21439, 'loss': 0.09566892, 'lr': 0, 'params': 6153889, 'time_iter': 0.02505, 'mae': 0.09567, 'r2': 0.98128, 'spearmanr': 0.99008, 'mse': 0.02924, 'rmse': 0.17101}
> Epoch 67: took 1041.1s (avg 1012.1s) | Best so far: epoch 65	train_loss: 0.0751 train_mae: 0.0751	val_loss: 0.0877 val_mae: 0.0877	test_loss: 0.0952 test_mae: 0.0952
train: {'epoch': 68, 'time_epoch': 1008.4435, 'eta': 30666.91708, 'eta_hours': 8.51859, 'loss': 0.07356636, 'lr': 0.00012739, 'params': 6153889, 'time_iter': 0.07996, 'mae': 0.07357, 'r2': 0.98711, 'spearmanr': 0.99313, 'mse': 0.01741, 'rmse': 0.13194}
val: {'epoch': 68, 'time_epoch': 14.82005, 'loss': 0.0882486, 'lr': 0, 'params': 6153889, 'time_iter': 0.02529, 'mae': 0.08825, 'r2': 0.9821, 'spearmanr': 0.99088, 'mse': 0.02407, 'rmse': 0.15515}
test: {'epoch': 68, 'time_epoch': 7.23314, 'loss': 0.09554224, 'lr': 0, 'params': 6153889, 'time_iter': 0.02512, 'mae': 0.09554, 'r2': 0.98159, 'spearmanr': 0.99011, 'mse': 0.02876, 'rmse': 0.1696}
> Epoch 68: took 1032.3s (avg 1012.4s) | Best so far: epoch 65	train_loss: 0.0751 train_mae: 0.0751	val_loss: 0.0877 val_mae: 0.0877	test_loss: 0.0952 test_mae: 0.0952
train: {'epoch': 69, 'time_epoch': 1036.50132, 'eta': 29697.90995, 'eta_hours': 8.24942, 'loss': 0.07311412, 'lr': 0.00012026, 'params': 6153889, 'time_iter': 0.08218, 'mae': 0.07311, 'r2': 0.98723, 'spearmanr': 0.99318, 'mse': 0.01725, 'rmse': 0.13134}
val: {'epoch': 69, 'time_epoch': 14.67236, 'loss': 0.08727668, 'lr': 0, 'params': 6153889, 'time_iter': 0.02504, 'mae': 0.08728, 'r2': 0.98198, 'spearmanr': 0.99086, 'mse': 0.02423, 'rmse': 0.15567}
test: {'epoch': 69, 'time_epoch': 7.10819, 'loss': 0.09489844, 'lr': 0, 'params': 6153889, 'time_iter': 0.02468, 'mae': 0.0949, 'r2': 0.98141, 'spearmanr': 0.98999, 'mse': 0.02905, 'rmse': 0.17045}
> Epoch 69: took 1060.1s (avg 1013.1s) | Best so far: epoch 69	train_loss: 0.0731 train_mae: 0.0731	val_loss: 0.0873 val_mae: 0.0873	test_loss: 0.0949 test_mae: 0.0949
train: {'epoch': 70, 'time_epoch': 1008.68653, 'eta': 28715.6406, 'eta_hours': 7.97657, 'loss': 0.07265895, 'lr': 0.00011326, 'params': 6153889, 'time_iter': 0.07998, 'mae': 0.07266, 'r2': 0.98733, 'spearmanr': 0.99323, 'mse': 0.01712, 'rmse': 0.13085}
val: {'epoch': 70, 'time_epoch': 14.6056, 'loss': 0.08739595, 'lr': 0, 'params': 6153889, 'time_iter': 0.02492, 'mae': 0.0874, 'r2': 0.98201, 'spearmanr': 0.99085, 'mse': 0.0242, 'rmse': 0.15557}
test: {'epoch': 70, 'time_epoch': 7.09527, 'loss': 0.09502626, 'lr': 0, 'params': 6153889, 'time_iter': 0.02464, 'mae': 0.09503, 'r2': 0.98156, 'spearmanr': 0.99004, 'mse': 0.02881, 'rmse': 0.16973}
> Epoch 70: took 1032.2s (avg 1013.4s) | Best so far: epoch 69	train_loss: 0.0731 train_mae: 0.0731	val_loss: 0.0873 val_mae: 0.0873	test_loss: 0.0949 test_mae: 0.0949
train: {'epoch': 71, 'time_epoch': 998.67788, 'eta': 27728.74519, 'eta_hours': 7.70243, 'loss': 0.07218741, 'lr': 0.00010642, 'params': 6153889, 'time_iter': 0.07918, 'mae': 0.07219, 'r2': 0.98742, 'spearmanr': 0.99328, 'mse': 0.01699, 'rmse': 0.13036}
val: {'epoch': 71, 'time_epoch': 14.55976, 'loss': 0.08707977, 'lr': 0, 'params': 6153889, 'time_iter': 0.02485, 'mae': 0.08708, 'r2': 0.98218, 'spearmanr': 0.99093, 'mse': 0.02397, 'rmse': 0.15483}
test: {'epoch': 71, 'time_epoch': 7.08915, 'loss': 0.09477803, 'lr': 0, 'params': 6153889, 'time_iter': 0.02462, 'mae': 0.09478, 'r2': 0.98156, 'spearmanr': 0.99014, 'mse': 0.02881, 'rmse': 0.16973}
> Epoch 71: took 1022.1s (avg 1013.5s) | Best so far: epoch 71	train_loss: 0.0722 train_mae: 0.0722	val_loss: 0.0871 val_mae: 0.0871	test_loss: 0.0948 test_mae: 0.0948
train: {'epoch': 72, 'time_epoch': 1001.919, 'eta': 26742.72574, 'eta_hours': 7.42853, 'loss': 0.07174011, 'lr': 9.973e-05, 'params': 6153889, 'time_iter': 0.07944, 'mae': 0.07174, 'r2': 0.9875, 'spearmanr': 0.99333, 'mse': 0.01689, 'rmse': 0.12997}
val: {'epoch': 72, 'time_epoch': 14.65948, 'loss': 0.08733017, 'lr': 0, 'params': 6153889, 'time_iter': 0.02502, 'mae': 0.08733, 'r2': 0.98222, 'spearmanr': 0.99095, 'mse': 0.02392, 'rmse': 0.15465}
test: {'epoch': 72, 'time_epoch': 7.08545, 'loss': 0.09506069, 'lr': 0, 'params': 6153889, 'time_iter': 0.0246, 'mae': 0.09506, 'r2': 0.98167, 'spearmanr': 0.9901, 'mse': 0.02864, 'rmse': 0.16924}
> Epoch 72: took 1025.5s (avg 1013.6s) | Best so far: epoch 71	train_loss: 0.0722 train_mae: 0.0722	val_loss: 0.0871 val_mae: 0.0871	test_loss: 0.0948 test_mae: 0.0948
train: {'epoch': 73, 'time_epoch': 998.22712, 'eta': 25754.97942, 'eta_hours': 7.15416, 'loss': 0.07135057, 'lr': 9.321e-05, 'params': 6153889, 'time_iter': 0.07915, 'mae': 0.07135, 'r2': 0.98758, 'spearmanr': 0.99337, 'mse': 0.01678, 'rmse': 0.12952}
val: {'epoch': 73, 'time_epoch': 14.84356, 'loss': 0.08721061, 'lr': 0, 'params': 6153889, 'time_iter': 0.02533, 'mae': 0.08721, 'r2': 0.98214, 'spearmanr': 0.9909, 'mse': 0.02402, 'rmse': 0.15498}
test: {'epoch': 73, 'time_epoch': 7.19134, 'loss': 0.09508189, 'lr': 0, 'params': 6153889, 'time_iter': 0.02497, 'mae': 0.09508, 'r2': 0.98151, 'spearmanr': 0.99002, 'mse': 0.02888, 'rmse': 0.16995}
> Epoch 73: took 1022.1s (avg 1013.8s) | Best so far: epoch 71	train_loss: 0.0722 train_mae: 0.0722	val_loss: 0.0871 val_mae: 0.0871	test_loss: 0.0948 test_mae: 0.0948
train: {'epoch': 74, 'time_epoch': 1022.0445, 'eta': 24774.89275, 'eta_hours': 6.88191, 'loss': 0.07088666, 'lr': 8.685e-05, 'params': 6153889, 'time_iter': 0.08104, 'mae': 0.07089, 'r2': 0.98771, 'spearmanr': 0.99341, 'mse': 0.01661, 'rmse': 0.12887}
val: {'epoch': 74, 'time_epoch': 14.78878, 'loss': 0.08706104, 'lr': 0, 'params': 6153889, 'time_iter': 0.02524, 'mae': 0.08706, 'r2': 0.98203, 'spearmanr': 0.99091, 'mse': 0.02417, 'rmse': 0.15547}
test: {'epoch': 74, 'time_epoch': 7.16156, 'loss': 0.09474504, 'lr': 0, 'params': 6153889, 'time_iter': 0.02487, 'mae': 0.09475, 'r2': 0.98141, 'spearmanr': 0.99001, 'mse': 0.02905, 'rmse': 0.17044}
> Epoch 74: took 1045.8s (avg 1014.2s) | Best so far: epoch 74	train_loss: 0.0709 train_mae: 0.0709	val_loss: 0.0871 val_mae: 0.0871	test_loss: 0.0947 test_mae: 0.0948
train: {'epoch': 75, 'time_epoch': 1034.62192, 'eta': 23797.67374, 'eta_hours': 6.61046, 'loss': 0.07048018, 'lr': 8.068e-05, 'params': 6153889, 'time_iter': 0.08203, 'mae': 0.07048, 'r2': 0.98777, 'spearmanr': 0.99345, 'mse': 0.01651, 'rmse': 0.12851}
val: {'epoch': 75, 'time_epoch': 14.61994, 'loss': 0.08694001, 'lr': 0, 'params': 6153889, 'time_iter': 0.02495, 'mae': 0.08694, 'r2': 0.9821, 'spearmanr': 0.99088, 'mse': 0.02407, 'rmse': 0.15515}
test: {'epoch': 75, 'time_epoch': 7.09024, 'loss': 0.0947559, 'lr': 0, 'params': 6153889, 'time_iter': 0.02462, 'mae': 0.09476, 'r2': 0.98146, 'spearmanr': 0.98998, 'mse': 0.02896, 'rmse': 0.17018}
> Epoch 75: took 1058.1s (avg 1014.8s) | Best so far: epoch 75	train_loss: 0.0705 train_mae: 0.0705	val_loss: 0.0869 val_mae: 0.0869	test_loss: 0.0948 test_mae: 0.0948
train: {'epoch': 76, 'time_epoch': 1004.09402, 'eta': 22809.84502, 'eta_hours': 6.33607, 'loss': 0.07007337, 'lr': 7.469e-05, 'params': 6153889, 'time_iter': 0.07961, 'mae': 0.07007, 'r2': 0.98787, 'spearmanr': 0.99349, 'mse': 0.01639, 'rmse': 0.12801}
val: {'epoch': 76, 'time_epoch': 14.57703, 'loss': 0.08681534, 'lr': 0, 'params': 6153889, 'time_iter': 0.02488, 'mae': 0.08682, 'r2': 0.98206, 'spearmanr': 0.99088, 'mse': 0.02413, 'rmse': 0.15534}
test: {'epoch': 76, 'time_epoch': 7.08777, 'loss': 0.09459886, 'lr': 0, 'params': 6153889, 'time_iter': 0.02461, 'mae': 0.0946, 'r2': 0.98152, 'spearmanr': 0.99006, 'mse': 0.02887, 'rmse': 0.16991}
> Epoch 76: took 1027.5s (avg 1014.9s) | Best so far: epoch 76	train_loss: 0.0701 train_mae: 0.0701	val_loss: 0.0868 val_mae: 0.0868	test_loss: 0.0946 test_mae: 0.0946
train: {'epoch': 77, 'time_epoch': 1002.79758, 'eta': 21821.23357, 'eta_hours': 6.06145, 'loss': 0.0697251, 'lr': 6.889e-05, 'params': 6153889, 'time_iter': 0.07951, 'mae': 0.06973, 'r2': 0.98794, 'spearmanr': 0.99353, 'mse': 0.01629, 'rmse': 0.12764}
val: {'epoch': 77, 'time_epoch': 14.57912, 'loss': 0.08663812, 'lr': 0, 'params': 6153889, 'time_iter': 0.02488, 'mae': 0.08664, 'r2': 0.98209, 'spearmanr': 0.9909, 'mse': 0.02408, 'rmse': 0.15519}
test: {'epoch': 77, 'time_epoch': 7.05695, 'loss': 0.09443691, 'lr': 0, 'params': 6153889, 'time_iter': 0.0245, 'mae': 0.09444, 'r2': 0.9815, 'spearmanr': 0.99003, 'mse': 0.0289, 'rmse': 0.17}
> Epoch 77: took 1026.2s (avg 1015.1s) | Best so far: epoch 77	train_loss: 0.0697 train_mae: 0.0697	val_loss: 0.0866 val_mae: 0.0866	test_loss: 0.0944 test_mae: 0.0944
train: {'epoch': 78, 'time_epoch': 1012.44199, 'eta': 20834.82669, 'eta_hours': 5.78745, 'loss': 0.06938937, 'lr': 6.329e-05, 'params': 6153889, 'time_iter': 0.08028, 'mae': 0.06939, 'r2': 0.988, 'spearmanr': 0.99356, 'mse': 0.01622, 'rmse': 0.12734}
val: {'epoch': 78, 'time_epoch': 14.59812, 'loss': 0.08690794, 'lr': 0, 'params': 6153889, 'time_iter': 0.02491, 'mae': 0.08691, 'r2': 0.98201, 'spearmanr': 0.99091, 'mse': 0.02419, 'rmse': 0.15553}
test: {'epoch': 78, 'time_epoch': 7.11952, 'loss': 0.09468238, 'lr': 0, 'params': 6153889, 'time_iter': 0.02472, 'mae': 0.09468, 'r2': 0.98141, 'spearmanr': 0.99001, 'mse': 0.02905, 'rmse': 0.17043}
> Epoch 78: took 1035.9s (avg 1015.3s) | Best so far: epoch 77	train_loss: 0.0697 train_mae: 0.0697	val_loss: 0.0866 val_mae: 0.0866	test_loss: 0.0944 test_mae: 0.0944
train: {'epoch': 79, 'time_epoch': 1020.2147, 'eta': 19849.71211, 'eta_hours': 5.51381, 'loss': 0.06899732, 'lr': 5.79e-05, 'params': 6153889, 'time_iter': 0.08089, 'mae': 0.069, 'r2': 0.98808, 'spearmanr': 0.9936, 'mse': 0.0161, 'rmse': 0.12687}
val: {'epoch': 79, 'time_epoch': 14.61879, 'loss': 0.08651035, 'lr': 0, 'params': 6153889, 'time_iter': 0.02495, 'mae': 0.08651, 'r2': 0.98209, 'spearmanr': 0.99091, 'mse': 0.02409, 'rmse': 0.15522}
test: {'epoch': 79, 'time_epoch': 7.11639, 'loss': 0.09446437, 'lr': 0, 'params': 6153889, 'time_iter': 0.02471, 'mae': 0.09446, 'r2': 0.98137, 'spearmanr': 0.99002, 'mse': 0.02911, 'rmse': 0.17061}
> Epoch 79: took 1043.7s (avg 1015.7s) | Best so far: epoch 79	train_loss: 0.0690 train_mae: 0.0690	val_loss: 0.0865 val_mae: 0.0865	test_loss: 0.0945 test_mae: 0.0945
train: {'epoch': 80, 'time_epoch': 1039.51991, 'eta': 18868.25925, 'eta_hours': 5.24118, 'loss': 0.06872262, 'lr': 5.271e-05, 'params': 6153889, 'time_iter': 0.08242, 'mae': 0.06872, 'r2': 0.98813, 'spearmanr': 0.99363, 'mse': 0.01604, 'rmse': 0.12664}
val: {'epoch': 80, 'time_epoch': 14.65331, 'loss': 0.08649508, 'lr': 0, 'params': 6153889, 'time_iter': 0.02501, 'mae': 0.0865, 'r2': 0.98211, 'spearmanr': 0.99089, 'mse': 0.02407, 'rmse': 0.15514}
test: {'epoch': 80, 'time_epoch': 7.10413, 'loss': 0.09451909, 'lr': 0, 'params': 6153889, 'time_iter': 0.02467, 'mae': 0.09452, 'r2': 0.98138, 'spearmanr': 0.98996, 'mse': 0.02909, 'rmse': 0.17055}
> Epoch 80: took 1063.1s (avg 1016.3s) | Best so far: epoch 80	train_loss: 0.0687 train_mae: 0.0687	val_loss: 0.0865 val_mae: 0.0865	test_loss: 0.0945 test_mae: 0.0945
train: {'epoch': 81, 'time_epoch': 982.94182, 'eta': 17872.97053, 'eta_hours': 4.96471, 'loss': 0.06837412, 'lr': 4.775e-05, 'params': 6153889, 'time_iter': 0.07794, 'mae': 0.06837, 'r2': 0.98819, 'spearmanr': 0.99365, 'mse': 0.01595, 'rmse': 0.12631}
val: {'epoch': 81, 'time_epoch': 14.61506, 'loss': 0.08639198, 'lr': 0, 'params': 6153889, 'time_iter': 0.02494, 'mae': 0.08639, 'r2': 0.98215, 'spearmanr': 0.99091, 'mse': 0.02401, 'rmse': 0.15497}
test: {'epoch': 81, 'time_epoch': 7.13183, 'loss': 0.09451104, 'lr': 0, 'params': 6153889, 'time_iter': 0.02476, 'mae': 0.09451, 'r2': 0.98147, 'spearmanr': 0.99004, 'mse': 0.02895, 'rmse': 0.17015}
> Epoch 81: took 1006.5s (avg 1016.2s) | Best so far: epoch 81	train_loss: 0.0684 train_mae: 0.0684	val_loss: 0.0864 val_mae: 0.0864	test_loss: 0.0945 test_mae: 0.0945
train: {'epoch': 82, 'time_epoch': 1018.9073, 'eta': 16885.34575, 'eta_hours': 4.69037, 'loss': 0.06809743, 'lr': 4.3e-05, 'params': 6153889, 'time_iter': 0.08079, 'mae': 0.0681, 'r2': 0.98826, 'spearmanr': 0.99368, 'mse': 0.01585, 'rmse': 0.12591}
val: {'epoch': 82, 'time_epoch': 14.67567, 'loss': 0.08640785, 'lr': 0, 'params': 6153889, 'time_iter': 0.02504, 'mae': 0.08641, 'r2': 0.98216, 'spearmanr': 0.99093, 'mse': 0.02399, 'rmse': 0.15489}
test: {'epoch': 82, 'time_epoch': 7.12291, 'loss': 0.09461429, 'lr': 0, 'params': 6153889, 'time_iter': 0.02473, 'mae': 0.09461, 'r2': 0.98139, 'spearmanr': 0.98999, 'mse': 0.02908, 'rmse': 0.17053}
> Epoch 82: took 1042.5s (avg 1016.5s) | Best so far: epoch 81	train_loss: 0.0684 train_mae: 0.0684	val_loss: 0.0864 val_mae: 0.0864	test_loss: 0.0945 test_mae: 0.0945
train: {'epoch': 83, 'time_epoch': 928.75974, 'eta': 15879.80519, 'eta_hours': 4.41106, 'loss': 0.06783062, 'lr': 3.848e-05, 'params': 6153889, 'time_iter': 0.07364, 'mae': 0.06783, 'r2': 0.9883, 'spearmanr': 0.99371, 'mse': 0.0158, 'rmse': 0.12569}
val: {'epoch': 83, 'time_epoch': 14.58408, 'loss': 0.08669551, 'lr': 0, 'params': 6153889, 'time_iter': 0.02489, 'mae': 0.0867, 'r2': 0.98208, 'spearmanr': 0.99092, 'mse': 0.0241, 'rmse': 0.15526}
test: {'epoch': 83, 'time_epoch': 7.10883, 'loss': 0.09459534, 'lr': 0, 'params': 6153889, 'time_iter': 0.02468, 'mae': 0.0946, 'r2': 0.98143, 'spearmanr': 0.99002, 'mse': 0.02902, 'rmse': 0.17036}
> Epoch 83: took 952.2s (avg 1015.7s) | Best so far: epoch 81	train_loss: 0.0684 train_mae: 0.0684	val_loss: 0.0864 val_mae: 0.0864	test_loss: 0.0945 test_mae: 0.0945
train: {'epoch': 84, 'time_epoch': 847.58907, 'eta': 14861.74699, 'eta_hours': 4.12826, 'loss': 0.06755152, 'lr': 3.419e-05, 'params': 6153889, 'time_iter': 0.0672, 'mae': 0.06755, 'r2': 0.98837, 'spearmanr': 0.99373, 'mse': 0.01571, 'rmse': 0.12535}
val: {'epoch': 84, 'time_epoch': 14.73408, 'loss': 0.08643752, 'lr': 0, 'params': 6153889, 'time_iter': 0.02514, 'mae': 0.08644, 'r2': 0.9821, 'spearmanr': 0.99088, 'mse': 0.02408, 'rmse': 0.15517}
test: {'epoch': 84, 'time_epoch': 7.09579, 'loss': 0.09448509, 'lr': 0, 'params': 6153889, 'time_iter': 0.02464, 'mae': 0.09449, 'r2': 0.98139, 'spearmanr': 0.98999, 'mse': 0.02907, 'rmse': 0.1705}
> Epoch 84: took 871.2s (avg 1014.0s) | Best so far: epoch 81	train_loss: 0.0684 train_mae: 0.0684	val_loss: 0.0864 val_mae: 0.0864	test_loss: 0.0945 test_mae: 0.0945
train: {'epoch': 85, 'time_epoch': 847.71271, 'eta': 13847.67333, 'eta_hours': 3.84658, 'loss': 0.06734937, 'lr': 3.013e-05, 'params': 6153889, 'time_iter': 0.06721, 'mae': 0.06735, 'r2': 0.98841, 'spearmanr': 0.99376, 'mse': 0.01565, 'rmse': 0.12511}
val: {'epoch': 85, 'time_epoch': 14.59096, 'loss': 0.08622694, 'lr': 0, 'params': 6153889, 'time_iter': 0.0249, 'mae': 0.08623, 'r2': 0.98218, 'spearmanr': 0.99093, 'mse': 0.02397, 'rmse': 0.15481}
test: {'epoch': 85, 'time_epoch': 7.12009, 'loss': 0.09431996, 'lr': 0, 'params': 6153889, 'time_iter': 0.02472, 'mae': 0.09432, 'r2': 0.98144, 'spearmanr': 0.99003, 'mse': 0.02899, 'rmse': 0.17027}
> Epoch 85: took 871.2s (avg 1012.4s) | Best so far: epoch 85	train_loss: 0.0673 train_mae: 0.0673	val_loss: 0.0862 val_mae: 0.0862	test_loss: 0.0943 test_mae: 0.0943
train: {'epoch': 86, 'time_epoch': 940.31237, 'eta': 12851.26078, 'eta_hours': 3.56979, 'loss': 0.06710882, 'lr': 2.632e-05, 'params': 6153889, 'time_iter': 0.07456, 'mae': 0.06711, 'r2': 0.98845, 'spearmanr': 0.99377, 'mse': 0.01561, 'rmse': 0.12493}
val: {'epoch': 86, 'time_epoch': 14.68856, 'loss': 0.08620492, 'lr': 0, 'params': 6153889, 'time_iter': 0.02507, 'mae': 0.0862, 'r2': 0.98211, 'spearmanr': 0.9909, 'mse': 0.02407, 'rmse': 0.15513}
test: {'epoch': 86, 'time_epoch': 7.06689, 'loss': 0.09424777, 'lr': 0, 'params': 6153889, 'time_iter': 0.02454, 'mae': 0.09425, 'r2': 0.98141, 'spearmanr': 0.99002, 'mse': 0.02904, 'rmse': 0.17041}
> Epoch 86: took 963.8s (avg 1011.8s) | Best so far: epoch 86	train_loss: 0.0671 train_mae: 0.0671	val_loss: 0.0862 val_mae: 0.0862	test_loss: 0.0942 test_mae: 0.0943
train: {'epoch': 87, 'time_epoch': 1009.6382, 'eta': 11865.57676, 'eta_hours': 3.29599, 'loss': 0.06689994, 'lr': 2.275e-05, 'params': 6153889, 'time_iter': 0.08005, 'mae': 0.0669, 'r2': 0.98848, 'spearmanr': 0.99379, 'mse': 0.01556, 'rmse': 0.12473}
val: {'epoch': 87, 'time_epoch': 14.63795, 'loss': 0.08629508, 'lr': 0, 'params': 6153889, 'time_iter': 0.02498, 'mae': 0.0863, 'r2': 0.98215, 'spearmanr': 0.9909, 'mse': 0.02401, 'rmse': 0.15496}
test: {'epoch': 87, 'time_epoch': 7.12663, 'loss': 0.09445651, 'lr': 0, 'params': 6153889, 'time_iter': 0.02475, 'mae': 0.09446, 'r2': 0.98139, 'spearmanr': 0.99001, 'mse': 0.02907, 'rmse': 0.1705}
> Epoch 87: took 1033.2s (avg 1012.0s) | Best so far: epoch 86	train_loss: 0.0671 train_mae: 0.0671	val_loss: 0.0862 val_mae: 0.0862	test_loss: 0.0942 test_mae: 0.0943
train: {'epoch': 88, 'time_epoch': 1020.88838, 'eta': 10880.74492, 'eta_hours': 3.02243, 'loss': 0.06675251, 'lr': 1.943e-05, 'params': 6153889, 'time_iter': 0.08095, 'mae': 0.06675, 'r2': 0.98852, 'spearmanr': 0.99381, 'mse': 0.01551, 'rmse': 0.12452}
val: {'epoch': 88, 'time_epoch': 14.70257, 'loss': 0.08634696, 'lr': 0, 'params': 6153889, 'time_iter': 0.02509, 'mae': 0.08635, 'r2': 0.98204, 'spearmanr': 0.99088, 'mse': 0.02415, 'rmse': 0.15542}
test: {'epoch': 88, 'time_epoch': 7.11995, 'loss': 0.09445359, 'lr': 0, 'params': 6153889, 'time_iter': 0.02472, 'mae': 0.09445, 'r2': 0.98134, 'spearmanr': 0.99, 'mse': 0.02915, 'rmse': 0.17073}
> Epoch 88: took 1044.5s (avg 1012.4s) | Best so far: epoch 86	train_loss: 0.0671 train_mae: 0.0671	val_loss: 0.0862 val_mae: 0.0862	test_loss: 0.0942 test_mae: 0.0943
train: {'epoch': 89, 'time_epoch': 1023.55959, 'eta': 9895.40862, 'eta_hours': 2.74872, 'loss': 0.06656687, 'lr': 1.636e-05, 'params': 6153889, 'time_iter': 0.08116, 'mae': 0.06657, 'r2': 0.98855, 'spearmanr': 0.99382, 'mse': 0.01546, 'rmse': 0.12434}
val: {'epoch': 89, 'time_epoch': 14.67501, 'loss': 0.08624901, 'lr': 0, 'params': 6153889, 'time_iter': 0.02504, 'mae': 0.08625, 'r2': 0.98213, 'spearmanr': 0.99089, 'mse': 0.02403, 'rmse': 0.15503}
test: {'epoch': 89, 'time_epoch': 7.05364, 'loss': 0.09441331, 'lr': 0, 'params': 6153889, 'time_iter': 0.02449, 'mae': 0.09441, 'r2': 0.98138, 'spearmanr': 0.98999, 'mse': 0.02909, 'rmse': 0.17055}
> Epoch 89: took 1047.1s (avg 1012.8s) | Best so far: epoch 86	train_loss: 0.0671 train_mae: 0.0671	val_loss: 0.0862 val_mae: 0.0862	test_loss: 0.0942 test_mae: 0.0943
train: {'epoch': 90, 'time_epoch': 989.19831, 'eta': 8905.83388, 'eta_hours': 2.47384, 'loss': 0.06639545, 'lr': 1.355e-05, 'params': 6153889, 'time_iter': 0.07843, 'mae': 0.0664, 'r2': 0.98858, 'spearmanr': 0.99384, 'mse': 0.01543, 'rmse': 0.12423}
val: {'epoch': 90, 'time_epoch': 14.61356, 'loss': 0.08626304, 'lr': 0, 'params': 6153889, 'time_iter': 0.02494, 'mae': 0.08626, 'r2': 0.98209, 'spearmanr': 0.99089, 'mse': 0.02409, 'rmse': 0.15522}
test: {'epoch': 90, 'time_epoch': 7.08208, 'loss': 0.09436543, 'lr': 0, 'params': 6153889, 'time_iter': 0.02459, 'mae': 0.09437, 'r2': 0.98136, 'spearmanr': 0.98999, 'mse': 0.02912, 'rmse': 0.17065}
> Epoch 90: took 1012.7s (avg 1012.8s) | Best so far: epoch 86	train_loss: 0.0671 train_mae: 0.0671	val_loss: 0.0862 val_mae: 0.0862	test_loss: 0.0942 test_mae: 0.0943
train: {'epoch': 91, 'time_epoch': 1031.05071, 'eta': 7919.90666, 'eta_hours': 2.19997, 'loss': 0.06628652, 'lr': 1.099e-05, 'params': 6153889, 'time_iter': 0.08175, 'mae': 0.06629, 'r2': 0.9886, 'spearmanr': 0.99385, 'mse': 0.0154, 'rmse': 0.12409}
val: {'epoch': 91, 'time_epoch': 14.65419, 'loss': 0.08612178, 'lr': 0, 'params': 6153889, 'time_iter': 0.02501, 'mae': 0.08612, 'r2': 0.98215, 'spearmanr': 0.99091, 'mse': 0.02401, 'rmse': 0.15495}
test: {'epoch': 91, 'time_epoch': 7.08762, 'loss': 0.09433481, 'lr': 0, 'params': 6153889, 'time_iter': 0.02461, 'mae': 0.09433, 'r2': 0.98138, 'spearmanr': 0.98998, 'mse': 0.02909, 'rmse': 0.17056}
> Epoch 91: took 1054.6s (avg 1013.2s) | Best so far: epoch 91	train_loss: 0.0663 train_mae: 0.0663	val_loss: 0.0861 val_mae: 0.0861	test_loss: 0.0943 test_mae: 0.0943
train: {'epoch': 92, 'time_epoch': 1023.86671, 'eta': 6932.46831, 'eta_hours': 1.92569, 'loss': 0.06618428, 'lr': 8.7e-06, 'params': 6153889, 'time_iter': 0.08118, 'mae': 0.06618, 'r2': 0.98862, 'spearmanr': 0.99386, 'mse': 0.01537, 'rmse': 0.12399}
val: {'epoch': 92, 'time_epoch': 14.66165, 'loss': 0.0861722, 'lr': 0, 'params': 6153889, 'time_iter': 0.02502, 'mae': 0.08617, 'r2': 0.98213, 'spearmanr': 0.99089, 'mse': 0.02404, 'rmse': 0.15505}
test: {'epoch': 92, 'time_epoch': 7.11015, 'loss': 0.09432211, 'lr': 0, 'params': 6153889, 'time_iter': 0.02469, 'mae': 0.09432, 'r2': 0.98137, 'spearmanr': 0.98998, 'mse': 0.02911, 'rmse': 0.17061}
> Epoch 92: took 1047.4s (avg 1013.6s) | Best so far: epoch 91	train_loss: 0.0663 train_mae: 0.0663	val_loss: 0.0861 val_mae: 0.0861	test_loss: 0.0943 test_mae: 0.0943
train: {'epoch': 93, 'time_epoch': 1024.35274, 'eta': 5944.28592, 'eta_hours': 1.65119, 'loss': 0.0660674, 'lr': 6.67e-06, 'params': 6153889, 'time_iter': 0.08122, 'mae': 0.06607, 'r2': 0.98864, 'spearmanr': 0.99387, 'mse': 0.01535, 'rmse': 0.12388}
val: {'epoch': 93, 'time_epoch': 14.72773, 'loss': 0.08624396, 'lr': 0, 'params': 6153889, 'time_iter': 0.02513, 'mae': 0.08624, 'r2': 0.98209, 'spearmanr': 0.99087, 'mse': 0.02409, 'rmse': 0.1552}
test: {'epoch': 93, 'time_epoch': 7.14464, 'loss': 0.09441034, 'lr': 0, 'params': 6153889, 'time_iter': 0.02481, 'mae': 0.09441, 'r2': 0.98135, 'spearmanr': 0.98997, 'mse': 0.02914, 'rmse': 0.1707}
> Epoch 93: took 1048.0s (avg 1014.0s) | Best so far: epoch 91	train_loss: 0.0663 train_mae: 0.0663	val_loss: 0.0861 val_mae: 0.0861	test_loss: 0.0943 test_mae: 0.0943
train: {'epoch': 94, 'time_epoch': 1008.50411, 'eta': 4954.5079, 'eta_hours': 1.37625, 'loss': 0.0659844, 'lr': 4.91e-06, 'params': 6153889, 'time_iter': 0.07996, 'mae': 0.06598, 'r2': 0.98866, 'spearmanr': 0.99388, 'mse': 0.01532, 'rmse': 0.12377}
val: {'epoch': 94, 'time_epoch': 14.84111, 'loss': 0.0862003, 'lr': 0, 'params': 6153889, 'time_iter': 0.02533, 'mae': 0.0862, 'r2': 0.9821, 'spearmanr': 0.99089, 'mse': 0.02408, 'rmse': 0.15516}
test: {'epoch': 94, 'time_epoch': 7.18643, 'loss': 0.09431007, 'lr': 0, 'params': 6153889, 'time_iter': 0.02495, 'mae': 0.09431, 'r2': 0.98136, 'spearmanr': 0.99, 'mse': 0.02913, 'rmse': 0.17068}
> Epoch 94: took 1032.3s (avg 1014.2s) | Best so far: epoch 91	train_loss: 0.0663 train_mae: 0.0663	val_loss: 0.0861 val_mae: 0.0861	test_loss: 0.0943 test_mae: 0.0943
train: {'epoch': 95, 'time_epoch': 1054.73219, 'eta': 3966.26593, 'eta_hours': 1.10174, 'loss': 0.06589016, 'lr': 3.41e-06, 'params': 6153889, 'time_iter': 0.08363, 'mae': 0.06589, 'r2': 0.98867, 'spearmanr': 0.99388, 'mse': 0.0153, 'rmse': 0.12369}
val: {'epoch': 95, 'time_epoch': 14.80432, 'loss': 0.08624307, 'lr': 0, 'params': 6153889, 'time_iter': 0.02526, 'mae': 0.08624, 'r2': 0.98206, 'spearmanr': 0.99088, 'mse': 0.02413, 'rmse': 0.15535}
test: {'epoch': 95, 'time_epoch': 7.09535, 'loss': 0.09440603, 'lr': 0, 'params': 6153889, 'time_iter': 0.02464, 'mae': 0.09441, 'r2': 0.98132, 'spearmanr': 0.98998, 'mse': 0.02918, 'rmse': 0.17083}
> Epoch 95: took 1078.4s (avg 1014.8s) | Best so far: epoch 91	train_loss: 0.0663 train_mae: 0.0663	val_loss: 0.0861 val_mae: 0.0861	test_loss: 0.0943 test_mae: 0.0943
train: {'epoch': 96, 'time_epoch': 1022.64784, 'eta': 2975.66073, 'eta_hours': 0.82657, 'loss': 0.06585554, 'lr': 2.18e-06, 'params': 6153889, 'time_iter': 0.08109, 'mae': 0.06586, 'r2': 0.98868, 'spearmanr': 0.99389, 'mse': 0.0153, 'rmse': 0.12368}
val: {'epoch': 96, 'time_epoch': 14.75424, 'loss': 0.08618212, 'lr': 0, 'params': 6153889, 'time_iter': 0.02518, 'mae': 0.08618, 'r2': 0.9821, 'spearmanr': 0.99088, 'mse': 0.02408, 'rmse': 0.15517}
test: {'epoch': 96, 'time_epoch': 7.08578, 'loss': 0.09439797, 'lr': 0, 'params': 6153889, 'time_iter': 0.0246, 'mae': 0.0944, 'r2': 0.98136, 'spearmanr': 0.98998, 'mse': 0.02912, 'rmse': 0.17066}
> Epoch 96: took 1046.3s (avg 1015.2s) | Best so far: epoch 91	train_loss: 0.0663 train_mae: 0.0663	val_loss: 0.0861 val_mae: 0.0861	test_loss: 0.0943 test_mae: 0.0943
train: {'epoch': 97, 'time_epoch': 1011.6815, 'eta': 1984.17779, 'eta_hours': 0.55116, 'loss': 0.06581042, 'lr': 1.23e-06, 'params': 6153889, 'time_iter': 0.08022, 'mae': 0.06581, 'r2': 0.98868, 'spearmanr': 0.99389, 'mse': 0.01528, 'rmse': 0.12363}
val: {'epoch': 97, 'time_epoch': 14.84329, 'loss': 0.0861365, 'lr': 0, 'params': 6153889, 'time_iter': 0.02533, 'mae': 0.08614, 'r2': 0.9821, 'spearmanr': 0.99088, 'mse': 0.02407, 'rmse': 0.15516}
test: {'epoch': 97, 'time_epoch': 7.16449, 'loss': 0.09436282, 'lr': 0, 'params': 6153889, 'time_iter': 0.02488, 'mae': 0.09436, 'r2': 0.98133, 'spearmanr': 0.98997, 'mse': 0.02917, 'rmse': 0.17079}
> Epoch 97: took 1035.5s (avg 1015.4s) | Best so far: epoch 91	train_loss: 0.0663 train_mae: 0.0663	val_loss: 0.0861 val_mae: 0.0861	test_loss: 0.0943 test_mae: 0.0943
train: {'epoch': 98, 'time_epoch': 984.87488, 'eta': 992.01603, 'eta_hours': 0.27556, 'loss': 0.06577103, 'lr': 5.5e-07, 'params': 6153889, 'time_iter': 0.07809, 'mae': 0.06577, 'r2': 0.98869, 'spearmanr': 0.99389, 'mse': 0.01528, 'rmse': 0.12359}
val: {'epoch': 98, 'time_epoch': 14.84415, 'loss': 0.08621398, 'lr': 0, 'params': 6153889, 'time_iter': 0.02533, 'mae': 0.08621, 'r2': 0.98212, 'spearmanr': 0.99089, 'mse': 0.02405, 'rmse': 0.15506}
test: {'epoch': 98, 'time_epoch': 7.14641, 'loss': 0.09437031, 'lr': 0, 'params': 6153889, 'time_iter': 0.02481, 'mae': 0.09437, 'r2': 0.98136, 'spearmanr': 0.98998, 'mse': 0.02913, 'rmse': 0.17067}
> Epoch 98: took 1008.7s (avg 1015.3s) | Best so far: epoch 91	train_loss: 0.0663 train_mae: 0.0663	val_loss: 0.0861 val_mae: 0.0861	test_loss: 0.0943 test_mae: 0.0943
train: {'epoch': 99, 'time_epoch': 1017.71975, 'eta': 0.0, 'eta_hours': 0.0, 'loss': 0.06576463, 'lr': 1.4e-07, 'params': 6153889, 'time_iter': 0.08069, 'mae': 0.06576, 'r2': 0.98869, 'spearmanr': 0.99389, 'mse': 0.01527, 'rmse': 0.12359}
val: {'epoch': 99, 'time_epoch': 14.83127, 'loss': 0.08608956, 'lr': 0, 'params': 6153889, 'time_iter': 0.02531, 'mae': 0.08609, 'r2': 0.98211, 'spearmanr': 0.99089, 'mse': 0.02406, 'rmse': 0.15511}
test: {'epoch': 99, 'time_epoch': 7.10973, 'loss': 0.09426476, 'lr': 0, 'params': 6153889, 'time_iter': 0.02469, 'mae': 0.09426, 'r2': 0.98135, 'spearmanr': 0.98998, 'mse': 0.02914, 'rmse': 0.1707}
> Epoch 99: took 1041.4s (avg 1015.6s) | Best so far: epoch 99	train_loss: 0.0658 train_mae: 0.0658	val_loss: 0.0861 val_mae: 0.0861	test_loss: 0.0943 test_mae: 0.0943
Avg time per epoch: 1015.56s
Total train loop time: 28.21h
Task done, results saved in results/pcqm4m-full-GPSmedium-Transformer-2-PESE/0
Results aggregated across runs saved in results/pcqm4m-full-GPSmedium-Transformer-2-PESE/agg
[*] All done: 2022-10-17 21:21:27.385538
