[*] Run ID 0: seed=0, split_index=0
    Starting now: 2022-10-27 20:10:12.824716
[*] Loaded dataset 'PCQM4Mv2-subset' from 'OGB':
  Data(edge_index=[2, 109093626], edge_attr=[109093626, 3], x=[52970652, 9], y=[3746620])
  undirected: True
  num graphs: 123867
  avg num_nodes/graph: 427
  num node features: 9
  num edge features: 3
  num classes: (appears to be a regression task)
Parsed RWSE PE kernel times / steps: [1, 2, 3, 4, 5, 6, 7, 8, 9, 10, 11, 12, 13, 14, 15, 16]
Precomputing Positional Encoding statistics: ['LapPE', 'RWSE'] for all graphs...
  ...estimated to be undirected: True
Done! Took 00:02:56.70
GPSModel(
  (encoder): FeatureEncoder(
    (node_encoder): Concat3NodeEncoder(
      (encoder1): AtomEncoder(
        (atom_embedding_list): ModuleList(
          (0): Embedding(119, 276)
          (1): Embedding(4, 276)
          (2): Embedding(12, 276)
          (3): Embedding(12, 276)
          (4): Embedding(10, 276)
          (5): Embedding(6, 276)
          (6): Embedding(6, 276)
          (7): Embedding(2, 276)
          (8): Embedding(2, 276)
        )
      )
      (encoder2): LapPENodeEncoder(
        (linear_A): Linear(in_features=2, out_features=16, bias=True)
        (pe_encoder): Sequential(
          (0): ReLU()
          (1): Linear(in_features=16, out_features=8, bias=True)
          (2): ReLU()
        )
      )
      (encoder3): RWSENodeEncoder(
        (raw_norm): BatchNorm1d(16, eps=1e-05, momentum=0.1, affine=True, track_running_stats=True)
        (pe_encoder): Linear(in_features=16, out_features=20, bias=True)
      )
    )
    (edge_encoder): BondEncoder(
      (bond_embedding_list): ModuleList(
        (0): Embedding(5, 304)
        (1): Embedding(6, 304)
        (2): Embedding(2, 304)
      )
    )
  )
  (layers): Sequential(
    (0): GPSLayer(
      summary: dim_h=304, local_gnn_type=CustomGatedGCN, global_model_type=Linformer, heads=4
      (local_model): GatedGCNLayer()
      (self_attn): LinformerSelfAttention(
        (to_q): Linear(in_features=304, out_features=256, bias=False)
        (to_k): Linear(in_features=304, out_features=256, bias=False)
        (to_v): Linear(in_features=304, out_features=256, bias=False)
        (dropout): Dropout(p=0.5, inplace=False)
        (to_out): Linear(in_features=256, out_features=304, bias=True)
      )
      (norm1_local): BatchNorm1d(304, eps=1e-05, momentum=0.1, affine=True, track_running_stats=True)
      (norm1_attn): BatchNorm1d(304, eps=1e-05, momentum=0.1, affine=True, track_running_stats=True)
      (dropout_local): Dropout(p=0.0, inplace=False)
      (dropout_attn): Dropout(p=0.0, inplace=False)
      (ff_linear1): Linear(in_features=304, out_features=608, bias=True)
      (ff_linear2): Linear(in_features=608, out_features=304, bias=True)
      (norm2): BatchNorm1d(304, eps=1e-05, momentum=0.1, affine=True, track_running_stats=True)
      (ff_dropout1): Dropout(p=0.0, inplace=False)
      (ff_dropout2): Dropout(p=0.0, inplace=False)
    )
    (1): GPSLayer(
      summary: dim_h=304, local_gnn_type=CustomGatedGCN, global_model_type=Linformer, heads=4
      (local_model): GatedGCNLayer()
      (self_attn): LinformerSelfAttention(
        (to_q): Linear(in_features=304, out_features=256, bias=False)
        (to_k): Linear(in_features=304, out_features=256, bias=False)
        (to_v): Linear(in_features=304, out_features=256, bias=False)
        (dropout): Dropout(p=0.5, inplace=False)
        (to_out): Linear(in_features=256, out_features=304, bias=True)
      )
      (norm1_local): BatchNorm1d(304, eps=1e-05, momentum=0.1, affine=True, track_running_stats=True)
      (norm1_attn): BatchNorm1d(304, eps=1e-05, momentum=0.1, affine=True, track_running_stats=True)
      (dropout_local): Dropout(p=0.0, inplace=False)
      (dropout_attn): Dropout(p=0.0, inplace=False)
      (ff_linear1): Linear(in_features=304, out_features=608, bias=True)
      (ff_linear2): Linear(in_features=608, out_features=304, bias=True)
      (norm2): BatchNorm1d(304, eps=1e-05, momentum=0.1, affine=True, track_running_stats=True)
      (ff_dropout1): Dropout(p=0.0, inplace=False)
      (ff_dropout2): Dropout(p=0.0, inplace=False)
    )
    (2): GPSLayer(
      summary: dim_h=304, local_gnn_type=CustomGatedGCN, global_model_type=Linformer, heads=4
      (local_model): GatedGCNLayer()
      (self_attn): LinformerSelfAttention(
        (to_q): Linear(in_features=304, out_features=256, bias=False)
        (to_k): Linear(in_features=304, out_features=256, bias=False)
        (to_v): Linear(in_features=304, out_features=256, bias=False)
        (dropout): Dropout(p=0.5, inplace=False)
        (to_out): Linear(in_features=256, out_features=304, bias=True)
      )
      (norm1_local): BatchNorm1d(304, eps=1e-05, momentum=0.1, affine=True, track_running_stats=True)
      (norm1_attn): BatchNorm1d(304, eps=1e-05, momentum=0.1, affine=True, track_running_stats=True)
      (dropout_local): Dropout(p=0.0, inplace=False)
      (dropout_attn): Dropout(p=0.0, inplace=False)
      (ff_linear1): Linear(in_features=304, out_features=608, bias=True)
      (ff_linear2): Linear(in_features=608, out_features=304, bias=True)
      (norm2): BatchNorm1d(304, eps=1e-05, momentum=0.1, affine=True, track_running_stats=True)
      (ff_dropout1): Dropout(p=0.0, inplace=False)
      (ff_dropout2): Dropout(p=0.0, inplace=False)
    )
    (3): GPSLayer(
      summary: dim_h=304, local_gnn_type=CustomGatedGCN, global_model_type=Linformer, heads=4
      (local_model): GatedGCNLayer()
      (self_attn): LinformerSelfAttention(
        (to_q): Linear(in_features=304, out_features=256, bias=False)
        (to_k): Linear(in_features=304, out_features=256, bias=False)
        (to_v): Linear(in_features=304, out_features=256, bias=False)
        (dropout): Dropout(p=0.5, inplace=False)
        (to_out): Linear(in_features=256, out_features=304, bias=True)
      )
      (norm1_local): BatchNorm1d(304, eps=1e-05, momentum=0.1, affine=True, track_running_stats=True)
      (norm1_attn): BatchNorm1d(304, eps=1e-05, momentum=0.1, affine=True, track_running_stats=True)
      (dropout_local): Dropout(p=0.0, inplace=False)
      (dropout_attn): Dropout(p=0.0, inplace=False)
      (ff_linear1): Linear(in_features=304, out_features=608, bias=True)
      (ff_linear2): Linear(in_features=608, out_features=304, bias=True)
      (norm2): BatchNorm1d(304, eps=1e-05, momentum=0.1, affine=True, track_running_stats=True)
      (ff_dropout1): Dropout(p=0.0, inplace=False)
      (ff_dropout2): Dropout(p=0.0, inplace=False)
    )
    (4): GPSLayer(
      summary: dim_h=304, local_gnn_type=CustomGatedGCN, global_model_type=Linformer, heads=4
      (local_model): GatedGCNLayer()
      (self_attn): LinformerSelfAttention(
        (to_q): Linear(in_features=304, out_features=256, bias=False)
        (to_k): Linear(in_features=304, out_features=256, bias=False)
        (to_v): Linear(in_features=304, out_features=256, bias=False)
        (dropout): Dropout(p=0.5, inplace=False)
        (to_out): Linear(in_features=256, out_features=304, bias=True)
      )
      (norm1_local): BatchNorm1d(304, eps=1e-05, momentum=0.1, affine=True, track_running_stats=True)
      (norm1_attn): BatchNorm1d(304, eps=1e-05, momentum=0.1, affine=True, track_running_stats=True)
      (dropout_local): Dropout(p=0.0, inplace=False)
      (dropout_attn): Dropout(p=0.0, inplace=False)
      (ff_linear1): Linear(in_features=304, out_features=608, bias=True)
      (ff_linear2): Linear(in_features=608, out_features=304, bias=True)
      (norm2): BatchNorm1d(304, eps=1e-05, momentum=0.1, affine=True, track_running_stats=True)
      (ff_dropout1): Dropout(p=0.0, inplace=False)
      (ff_dropout2): Dropout(p=0.0, inplace=False)
    )
  )
  (post_mp): SANGraphHead(
    (FC_layers): ModuleList(
      (0): Linear(in_features=304, out_features=152, bias=True)
      (1): Linear(in_features=152, out_features=76, bias=True)
      (2): Linear(in_features=76, out_features=1, bias=True)
    )
  )
)
benchmark: False
bn:
  eps: 1e-05
  mom: 0.1
cfg_dest: config.yaml
custom_metrics: []
dataset:
  cache_load: False
  cache_save: False
  dir: ./datasets
  edge_dim: 128
  edge_encoder: True
  edge_encoder_bn: False
  edge_encoder_name: Bond
  edge_encoder_num_types: 0
  edge_message_ratio: 0.8
  edge_negative_sampling_ratio: 1.0
  edge_train_mode: all
  encoder: True
  encoder_bn: True
  encoder_dim: 128
  encoder_name: db
  format: OGB
  label_column: none
  label_table: none
  location: local
  name: PCQM4Mv2-subset
  node_encoder: True
  node_encoder_bn: False
  node_encoder_name: Atom+LapPE+RWSE
  node_encoder_num_types: 0
  remove_feature: False
  resample_disjoint: False
  resample_negative: False
  shuffle_split: True
  slic_compactness: 10
  split: [0.8, 0.1, 0.1]
  split_dir: ./splits
  split_index: 0
  split_mode: standard
  task: graph
  task_type: regression
  to_undirected: False
  transductive: False
  transform: none
  tu_simple: True
device: cuda:0
example_arg: example
example_group:
  example_arg: example
gnn:
  act: relu
  agg: add
  att_final_linear: False
  att_final_linear_bn: False
  att_heads: 1
  batchnorm: True
  clear_feature: True
  dim_edge: 304
  dim_inner: 304
  dropout: 0.0
  head: san_graph
  keep_edge: 0.5
  l2norm: True
  layer_type: generalconv
  layers_mp: 2
  layers_post_mp: 3
  layers_pre_mp: 0
  msg_direction: single
  normalize_adj: False
  residual: False
  self_msg: concat
  skip_every: 1
  stage_type: stack
gpu_mem: False
gt:
  attn_dropout: 0.5
  batch_norm: True
  bigbird:
    add_cross_attention: False
    attention_type: block_sparse
    block_size: 3
    chunk_size_feed_forward: 0
    hidden_act: relu
    is_decoder: False
    layer_norm_eps: 1e-06
    max_position_embeddings: 128
    num_random_blocks: 3
    use_bias: False
  dim_hidden: 304
  dropout: 0.0
  full_graph: True
  gamma: 1e-05
  layer_norm: False
  layer_type: CustomGatedGCN+Linformer
  layers: 5
  n_heads: 4
  pna_degrees: []
  residual: True
mem:
  inplace: False
metric_agg: argmin
metric_best: mae
model:
  edge_decoding: dot
  graph_pooling: mean
  loss_fun: l1
  match_upper: True
  size_average: mean
  thresh: 0.5
  type: GPSModel
name_tag: 
num_threads: 6
num_workers: 0
optim:
  base_lr: 0.0005
  batch_accumulation: 1
  clip_grad_norm: True
  lr_decay: 0.1
  max_epoch: 100
  min_lr: 0.0
  momentum: 0.9
  num_warmup_epochs: 5
  optimizer: adamW
  reduce_factor: 0.1
  schedule_patience: 10
  scheduler: cosine_with_warmup
  steps: [30, 60, 90]
  weight_decay: 0.0
out_dir: results/pcqm4m-subset-GPSsmall-RWSE-LapPE-Linformer
posenc_ElstaticSE:
  dim_pe: 16
  enable: False
  kernel:
    times: []
    times_func: range(10)
  layers: 3
  model: none
  n_heads: 4
  pass_as_var: False
  post_layers: 0
  raw_norm_type: none
posenc_EquivStableLapPE:
  eigen:
    eigvec_norm: L2
    laplacian_norm: sym
    max_freqs: 10
  enable: False
  raw_norm_type: none
posenc_HKdiagSE:
  dim_pe: 16
  enable: False
  kernel:
    times: []
    times_func: 
  layers: 3
  model: none
  n_heads: 4
  pass_as_var: False
  post_layers: 0
  raw_norm_type: none
posenc_LapPE:
  dim_pe: 8
  eigen:
    eigvec_norm: L2
    laplacian_norm: none
    max_freqs: 8
  enable: True
  layers: 2
  model: DeepSet
  n_heads: 4
  pass_as_var: False
  post_layers: 0
  raw_norm_type: none
posenc_RWSE:
  dim_pe: 20
  enable: True
  kernel:
    times: [1, 2, 3, 4, 5, 6, 7, 8, 9, 10, 11, 12, 13, 14, 15, 16]
    times_func: range(1,17)
  layers: 3
  model: Linear
  n_heads: 4
  pass_as_var: False
  post_layers: 0
  raw_norm_type: BatchNorm
posenc_SignNet:
  dim_pe: 16
  eigen:
    eigvec_norm: L2
    laplacian_norm: sym
    max_freqs: 10
  enable: False
  layers: 3
  model: none
  n_heads: 4
  pass_as_var: False
  phi_hidden_dim: 64
  phi_out_dim: 4
  post_layers: 0
  raw_norm_type: none
pretrained:
  dir: 
  freeze_main: False
  reset_prediction_head: True
print: both
round: 5
run_dir: results/pcqm4m-subset-GPSsmall-RWSE-LapPE-Linformer/0
run_id: 0
run_multiple_splits: []
seed: 0
share:
  dim_in: 9
  dim_out: 1
  num_splits: 3
tensorboard_agg: True
tensorboard_each_run: False
train:
  auto_resume: False
  batch_size: 256
  ckpt_best: False
  ckpt_clean: True
  ckpt_period: 100
  enable_ckpt: True
  epoch_resume: -1
  eval_period: 1
  iter_per_epoch: 32
  mode: custom
  neighbor_sizes: [20, 15, 10, 5]
  node_per_graph: 32
  radius: extend
  sample_node: False
  sampler: full_batch
  skip_train_eval: False
  walk_length: 4
val:
  node_per_graph: 32
  radius: extend
  sample_node: False
  sampler: full_batch
view_emb: False
wandb:
  entity: gtransformers
  name: 
  project: pcqm4m
  use: False
Num parameters: 6008001
Start from epoch 0
